info|2022-09-13 07:10:56.474464|[g:1][SYNC][id:15b8b0ac...]DownloadingBlockQueue: clearQueue and ReleaseFreeMemory
warning|2022-09-13 07:10:56.478405|[NETWORK][Session]doRead error,endpoint=172.25.0.3:38412,message=short read
info|2022-09-13 07:10:56.478430|[NETWORK][Session]drop, call and erase all callbackFunc in this session!,endpoint=172.25.0.3:38412
warning|2022-09-13 07:10:56.478444|[NETWORK][Session][drop] closing remote 0.0.0.0:0,reason=Low-level TCP communication error.,endpoint=172.25.0.3:38412
info|2022-09-13 07:10:56.478536|[NETWORK][Host]Connecting to node,endpoint=172.25.0.4:30300
info|2022-09-13 07:10:56.478638|[P2P][Service] heartBeat,connected count=1
error|2022-09-13 07:10:56.478648|[NETWORK][Session]Session inactived
error|2022-09-13 07:10:56.478652|[NETWORK][Session]Session inactived
warning|2022-09-13 07:10:56.478664|[NETWORK][Session][drop] shutdown failed ,errorValue=9,message=Bad file descriptor
warning|2022-09-13 07:10:56.580358|[P2P][Service] disconnect error P2PSession,nodeID=59b384e6...,endpoint=172.25.0.3:38412,errorCode=3,what=Disconnect
warning|2022-09-13 07:10:56.580414|[P2P][Service] onDisconnect,errorCode=3,what=Dynamic exception type: dev::network::NetworkException
std::exception::what: Disconnect

warning|2022-09-13 07:10:56.580699|[g:1][P2P][Service] Node inactived,nodeID=59b384e6...
info|2022-09-13 07:10:56.580849|[NETWORK][ASIO]asyncResolveConnect,endpoint=172.25.0.4:30300
error|2022-09-13 07:10:56.586988|[NETWORK][Host]Get ca basic failed
info|2022-09-13 07:10:56.627678|[NETWORK][Host]P2P Recv Connect, From=172.25.0.4:58260
info|2022-09-13 07:10:56.627732|[NETWORK][Host]P2P StartAccept,Host=0.0.0.0:30300
warning|2022-09-13 07:10:52.221873|[g:1][CONSENSUS][PBFT]ViewChangeWarning: not caused by omit empty block ,v=16138,toV=16143,curNum=0,hash=78a38d4f...,nodeIdx=0,myNode=15b8b0ac...
warning|2022-09-13 07:10:52.221904|[g:1][CONSENSUS][PBFT]Find disconnectedNode,disconnectedNodeSize=2,sessionSize=0,minValidNodes=3,connectedNodeList=,disconnectedNode=59b384e6..., e32feb67..., ,idx=0
info|2022-09-13 07:10:52.221934|[g:1][CONSENSUS][PBFT]checkTimeout Succ,view=16138,toView=16143,nodeIdx=0,changeCycle=6,myNode=15b8b0ac...,timecost=0
info|2022-09-13 07:10:52.222848|[g:1][SYNC][id:15b8b0ac...]DownloadingBlockQueue: clearQueue and ReleaseFreeMemory
info|2022-09-13 07:10:52.270506|[NETWORK][Host]handshakeClient succ,local endpoint=172.25.0.2:53208
info|2022-09-13 07:10:52.270571|[NETWORK][Host]startPeerSession, Remote=172.25.0.4:30300,local endpoint=172.25.0.2:53208,nodeID=e32feb67...
info|2022-09-13 07:10:52.270816|[P2P][Service] Connection established,nodeID=e32feb67...,endpoint=172.25.0.4:30300
error|2022-09-13 07:10:52.275678|[NETWORK][Host]Get ca basic failed
info|2022-09-13 07:10:52.278301|[NETWORK][Host]handshakeServer succ,remote endpoint=172.25.0.4:58260
info|2022-09-13 07:10:52.278353|[NETWORK][Host]startPeerSession, Remote=172.25.0.4:58260,local endpoint=172.25.0.2:30300,nodeID=e32feb67...
info|2022-09-13 07:10:52.423153|[g:1][SYNC][id:15b8b0ac...]DownloadingBlockQueue: clearQueue and ReleaseFreeMemory
info|2022-09-13 07:10:52.623500|[g:1][SYNC][id:15b8b0ac...]DownloadingBlockQueue: clearQueue and ReleaseFreeMemory
info|2022-09-13 07:10:52.824245|[g:1][SYNC][id:15b8b0ac...]DownloadingBlockQueue: clearQueue and ReleaseFreeMemory
info|2022-09-13 07:10:53.025666|[g:1][SYNC][id:15b8b0ac...]DownloadingBlockQueue: clearQueue and ReleaseFreeMemory
info|2022-09-13 07:10:53.227555|[g:1][SYNC][id:15b8b0ac...]DownloadingBlockQueue: clearQueue and ReleaseFreeMemory
info|2022-09-13 07:10:53.428671|[g:1][SYNC][id:15b8b0ac...]DownloadingBlockQueue: clearQueue and ReleaseFreeMemory
info|2022-09-13 07:10:53.629185|[g:1][SYNC][id:15b8b0ac...]DownloadingBlockQueue: clearQueue and ReleaseFreeMemory
info|2022-09-13 07:10:53.829486|[g:1][SYNC][id:15b8b0ac...]DownloadingBlockQueue: clearQueue and ReleaseFreeMemory
info|2022-09-13 07:10:54.029761|[g:1][SYNC][id:15b8b0ac...]DownloadingBlockQueue: clearQueue and ReleaseFreeMemory
info|2022-09-13 07:10:54.229959|[g:1][SYNC][id:15b8b0ac...]DownloadingBlockQueue: clearQueue and ReleaseFreeMemory
info|2022-09-13 07:10:54.430458|[g:1][SYNC][id:15b8b0ac...]DownloadingBlockQueue: clearQueue and ReleaseFreeMemory
info|2022-09-13 07:10:54.630702|[g:1][SYNC][id:15b8b0ac...]DownloadingBlockQueue: clearQueue and ReleaseFreeMemory
info|2022-09-13 07:10:54.830902|[g:1][SYNC][id:15b8b0ac...]DownloadingBlockQueue: clearQueue and ReleaseFreeMemory
info|2022-09-13 07:10:55.037075|[g:1][SYNC][id:15b8b0ac...]DownloadingBlockQueue: clearQueue and ReleaseFreeMemory
info|2022-09-13 07:10:55.238497|[g:1][SYNC][id:15b8b0ac...]DownloadingBlockQueue: clearQueue and ReleaseFreeMemory
info|2022-09-13 07:10:55.439740|[g:1][SYNC][id:15b8b0ac...]DownloadingBlockQueue: clearQueue and ReleaseFreeMemory
info|2022-09-13 07:10:55.639963|[g:1][SYNC][id:15b8b0ac...]DownloadingBlockQueue: clearQueue and ReleaseFreeMemory
info|2022-09-13 07:10:55.841242|[g:1][SYNC][id:15b8b0ac...]DownloadingBlockQueue: clearQueue and ReleaseFreeMemory
info|2022-09-13 07:10:56.041646|[g:1][SYNC][id:15b8b0ac...]DownloadingBlockQueue: clearQueue and ReleaseFreeMemory
info|2022-09-13 07:10:56.242243|[g:1][SYNC][id:15b8b0ac...]DownloadingBlockQueue: clearQueue and ReleaseFreeMemory
info|2022-09-13 07:10:56.442970|[g:1][SYNC][id:15b8b0ac...]DownloadingBlockQueue: clearQueue and ReleaseFreeMemory
info|2022-09-13 07:10:56.644185|[g:1][SYNC][id:15b8b0ac...]DownloadingBlockQueue: clearQueue and ReleaseFreeMemory
info|2022-09-13 07:10:56.853458|[g:1][SYNC][id:15b8b0ac...]DownloadingBlockQueue: clearQueue and ReleaseFreeMemory
info|2022-09-13 07:10:57.053746|[g:1][SYNC][id:15b8b0ac...]DownloadingBlockQueue: clearQueue and ReleaseFreeMemory
info|2022-09-13 07:10:57.254658|[g:1][SYNC][id:15b8b0ac...]DownloadingBlockQueue: clearQueue and ReleaseFreeMemory
info|2022-09-13 07:10:57.454910|[g:1][SYNC][id:15b8b0ac...]DownloadingBlockQueue: clearQueue and ReleaseFreeMemory
info|2022-09-13 07:10:57.656448|[g:1][SYNC][id:15b8b0ac...]DownloadingBlockQueue: clearQueue and ReleaseFreeMemory
info|2022-09-13 07:10:57.856891|[g:1][SYNC][id:15b8b0ac...]DownloadingBlockQueue: clearQueue and ReleaseFreeMemory
info|2022-09-13 07:10:58.057002|[g:1][SYNC][id:15b8b0ac...]DownloadingBlockQueue: clearQueue and ReleaseFreeMemory
info|2022-09-13 07:10:58.257210|[g:1][SYNC][id:15b8b0ac...]DownloadingBlockQueue: clearQueue and ReleaseFreeMemory
info|2022-09-13 07:10:58.458045|[g:1][SYNC][id:15b8b0ac...]DownloadingBlockQueue: clearQueue and ReleaseFreeMemory
info|2022-09-13 07:10:58.658615|[g:1][SYNC][id:15b8b0ac...]DownloadingBlockQueue: clearQueue and ReleaseFreeMemory
info|2022-09-13 07:10:58.859001|[g:1][SYNC][id:15b8b0ac...]DownloadingBlockQueue: clearQueue and ReleaseFreeMemory
info|2022-09-13 07:10:59.059671|[g:1][SYNC][id:15b8b0ac...]DownloadingBlockQueue: clearQueue and ReleaseFreeMemory
info|2022-09-13 07:10:59.261114|[g:1][SYNC][id:15b8b0ac...]DownloadingBlockQueue: clearQueue and ReleaseFreeMemory
info|2022-09-13 07:10:59.462728|[g:1][SYNC][id:15b8b0ac...]DownloadingBlockQueue: clearQueue and ReleaseFreeMemory
info|2022-09-13 07:10:59.663754|[g:1][SYNC][id:15b8b0ac...]DownloadingBlockQueue: clearQueue and ReleaseFreeMemory
info|2022-09-13 07:10:59.866198|[g:1][SYNC][id:15b8b0ac...]DownloadingBlockQueue: clearQueue and ReleaseFreeMemory
info|2022-09-13 07:11:00.067752|[g:1][SYNC][id:15b8b0ac...]DownloadingBlockQueue: clearQueue and ReleaseFreeMemory
info|2022-09-13 07:11:00.268112|[g:1][SYNC][id:15b8b0ac...]DownloadingBlockQueue: clearQueue and ReleaseFreeMemory
info|2022-09-13 07:11:00.468564|[g:1][SYNC][id:15b8b0ac...]DownloadingBlockQueue: clearQueue and ReleaseFreeMemory
info|2022-09-13 07:11:00.668706|[g:1][SYNC][id:15b8b0ac...]DownloadingBlockQueue: clearQueue and ReleaseFreeMemory
info|2022-09-13 07:11:00.869047|[g:1][SYNC][id:15b8b0ac...]DownloadingBlockQueue: clearQueue and ReleaseFreeMemory
info|2022-09-13 07:11:01.069535|[g:1][SYNC][id:15b8b0ac...]DownloadingBlockQueue: clearQueue and ReleaseFreeMemory
info|2022-09-13 07:11:01.272091|[g:1][SYNC][id:15b8b0ac...]DownloadingBlockQueue: clearQueue and ReleaseFreeMemory
info|2022-09-13 07:11:01.473229|[g:1][SYNC][id:15b8b0ac...]DownloadingBlockQueue: clearQueue and ReleaseFreeMemory
info|2022-09-13 07:11:01.674852|[g:1][SYNC][id:15b8b0ac...]DownloadingBlockQueue: clearQueue and ReleaseFreeMemory
info|2022-09-13 07:11:01.876696|[g:1][SYNC][id:15b8b0ac...]DownloadingBlockQueue: clearQueue and ReleaseFreeMemory
info|2022-09-13 07:11:02.077336|[g:1][SYNC][id:15b8b0ac...]DownloadingBlockQueue: clearQueue and ReleaseFreeMemory
info|2022-09-13 07:11:02.278568|[g:1][SYNC][id:15b8b0ac...]DownloadingBlockQueue: clearQueue and ReleaseFreeMemory
info|2022-09-13 07:11:02.479421|[g:1][SYNC][id:15b8b0ac...]DownloadingBlockQueue: clearQueue and ReleaseFreeMemory
info|2022-09-13 07:11:02.679776|[g:1][SYNC][id:15b8b0ac...]DownloadingBlockQueue: clearQueue and ReleaseFreeMemory
info|2022-09-13 07:11:02.881974|[g:1][SYNC][id:15b8b0ac...]DownloadingBlockQueue: clearQueue and ReleaseFreeMemory
info|2022-09-13 07:11:03.085603|[g:1][SYNC][id:15b8b0ac...]DownloadingBlockQueue: clearQueue and ReleaseFreeMemory
info|2022-09-13 07:11:03.287858|[g:1][SYNC][id:15b8b0ac...]DownloadingBlockQueue: clearQueue and ReleaseFreeMemory
info|2022-09-13 07:11:03.491890|[g:1][SYNC][id:15b8b0ac...]DownloadingBlockQueue: clearQueue and ReleaseFreeMemory
info|2022-09-13 07:11:03.692194|[g:1][SYNC][id:15b8b0ac...]DownloadingBlockQueue: clearQueue and ReleaseFreeMemory
info|2022-09-13 07:11:03.893486|[g:1][SYNC][id:15b8b0ac...]DownloadingBlockQueue: clearQueue and ReleaseFreeMemory
info|2022-09-13 07:11:04.095310|[g:1][SYNC][id:15b8b0ac...]DownloadingBlockQueue: clearQueue and ReleaseFreeMemory
info|2022-09-13 07:11:04.298425|[g:1][SYNC][id:15b8b0ac...]DownloadingBlockQueue: clearQueue and ReleaseFreeMemory
info|2022-09-13 07:11:04.506013|[g:1][SYNC][id:15b8b0ac...]DownloadingBlockQueue: clearQueue and ReleaseFreeMemory
info|2022-09-13 07:11:04.715167|[g:1][SYNC][id:15b8b0ac...]DownloadingBlockQueue: clearQueue and ReleaseFreeMemory
info|2022-09-13 07:11:04.911078|[g:1][SYNC][id:15b8b0ac...]DownloadingBlockQueue: clearQueue and ReleaseFreeMemory
info|2022-09-13 07:11:05.118974|[g:1][SYNC][id:15b8b0ac...]DownloadingBlockQueue: clearQueue and ReleaseFreeMemory
info|2022-09-13 07:11:05.317511|[g:1][SYNC][id:15b8b0ac...]DownloadingBlockQueue: clearQueue and ReleaseFreeMemory
info|2022-09-13 07:11:05.518313|[g:1][SYNC][id:15b8b0ac...]DownloadingBlockQueue: clearQueue and ReleaseFreeMemory
info|2022-09-13 07:11:05.722265|[g:1][SYNC][id:15b8b0ac...]DownloadingBlockQueue: clearQueue and ReleaseFreeMemory
info|2022-09-13 07:11:05.926304|[g:1][SYNC][id:15b8b0ac...]DownloadingBlockQueue: clearQueue and ReleaseFreeMemory
info|2022-09-13 07:11:06.132445|[g:1][SYNC][id:15b8b0ac...]DownloadingBlockQueue: clearQueue and ReleaseFreeMemory
info|2022-09-13 07:11:06.355025|[g:1][SYNC][id:15b8b0ac...]DownloadingBlockQueue: clearQueue and ReleaseFreeMemory
info|2022-09-13 07:11:06.488188|[NETWORK][Host]Connecting to node,endpoint=172.25.0.3:30300
info|2022-09-13 07:11:06.491022|[P2P][Service] heartBeat,connected count=1
info|2022-09-13 07:11:06.501377|[NETWORK][ASIO]asyncResolveConnect,endpoint=172.25.0.3:30300
info|2022-09-13 07:11:06.510895|[NETWORK][Host]P2P Recv Connect, From=172.25.0.3:38426
info|2022-09-13 07:11:06.512361|[NETWORK][Host]P2P StartAccept,Host=0.0.0.0:30300
info|2022-09-13 07:11:06.559843|[g:1][SYNC][id:15b8b0ac...]DownloadingBlockQueue: clearQueue and ReleaseFreeMemory
error|2022-09-13 07:11:06.574351|[NETWORK][Host]Get ca basic failed
info|2022-09-13 07:11:06.755146|[NETWORK][Host]handshakeClient succ,local endpoint=172.25.0.2:56288
info|2022-09-13 07:11:06.755524|[NETWORK][Host]startPeerSession, Remote=172.25.0.3:30300,local endpoint=172.25.0.2:56288,nodeID=59b384e6...
info|2022-09-13 07:11:06.758989|[P2P][Service] Connection established,nodeID=59b384e6...,endpoint=172.25.0.3:30300
info|2022-09-13 07:11:06.776909|[g:1][SYNC][id:15b8b0ac...]DownloadingBlockQueue: clearQueue and ReleaseFreeMemory
error|2022-09-13 07:11:06.919655|[NETWORK][Host]Get ca basic failed
info|2022-09-13 07:11:06.979331|[g:1][SYNC][id:15b8b0ac...]DownloadingBlockQueue: clearQueue and ReleaseFreeMemory
info|2022-09-13 07:11:07.042802|[NETWORK][Host]handshakeServer succ,remote endpoint=172.25.0.3:38426
info|2022-09-13 07:11:07.046416|[NETWORK][Host]startPeerSession, Remote=172.25.0.3:38426,local endpoint=172.25.0.2:30300,nodeID=59b384e6...
info|2022-09-13 07:11:07.182890|[g:1][SYNC][id:15b8b0ac...]DownloadingBlockQueue: clearQueue and ReleaseFreeMemory
info|2022-09-13 07:11:07.389884|[g:1][SYNC][id:15b8b0ac...]DownloadingBlockQueue: clearQueue and ReleaseFreeMemory
info|2022-09-13 07:11:07.595437|[g:1][SYNC][id:15b8b0ac...]DownloadingBlockQueue: clearQueue and ReleaseFreeMemory
info|2022-09-13 07:11:07.798902|[g:1][SYNC][id:15b8b0ac...]DownloadingBlockQueue: clearQueue and ReleaseFreeMemory
info|2022-09-13 07:11:08.001812|[g:1][SYNC][id:15b8b0ac...]DownloadingBlockQueue: clearQueue and ReleaseFreeMemory
info|2022-09-13 07:11:08.204552|[g:1][SYNC][id:15b8b0ac...]DownloadingBlockQueue: clearQueue and ReleaseFreeMemory
info|2022-09-13 07:11:08.406307|[g:1][SYNC][id:15b8b0ac...]DownloadingBlockQueue: clearQueue and ReleaseFreeMemory
info|2022-09-13 07:11:08.609574|[g:1][SYNC][id:15b8b0ac...]DownloadingBlockQueue: clearQueue and ReleaseFreeMemory
info|2022-09-13 07:11:08.825824|[g:1][SYNC][id:15b8b0ac...]DownloadingBlockQueue: clearQueue and ReleaseFreeMemory
info|2022-09-13 07:11:09.029576|[g:1][SYNC][id:15b8b0ac...]DownloadingBlockQueue: clearQueue and ReleaseFreeMemory
info|2022-09-13 07:11:09.257104|[g:1][SYNC][id:15b8b0ac...]DownloadingBlockQueue: clearQueue and ReleaseFreeMemory
info|2022-09-13 07:11:09.476883|[g:1][SYNC][id:15b8b0ac...]DownloadingBlockQueue: clearQueue and ReleaseFreeMemory
info|2022-09-13 07:11:09.678896|[g:1][SYNC][id:15b8b0ac...]DownloadingBlockQueue: clearQueue and ReleaseFreeMemory
info|2022-09-13 07:11:09.882463|[g:1][SYNC][id:15b8b0ac...]DownloadingBlockQueue: clearQueue and ReleaseFreeMemory
info|2022-09-13 07:11:10.084428|[g:1][SYNC][id:15b8b0ac...]DownloadingBlockQueue: clearQueue and ReleaseFreeMemory
info|2022-09-13 07:11:10.287457|[g:1][SYNC][id:15b8b0ac...]DownloadingBlockQueue: clearQueue and ReleaseFreeMemory
info|2022-09-13 07:11:10.491216|[g:1][SYNC][id:15b8b0ac...]DownloadingBlockQueue: clearQueue and ReleaseFreeMemory
info|2022-09-13 07:11:10.695423|[g:1][SYNC][id:15b8b0ac...]DownloadingBlockQueue: clearQueue and ReleaseFreeMemory
info|2022-09-13 07:11:10.898201|[g:1][SYNC][id:15b8b0ac...]DownloadingBlockQueue: clearQueue and ReleaseFreeMemory
info|2022-09-13 07:11:11.099224|[g:1][SYNC][id:15b8b0ac...]DownloadingBlockQueue: clearQueue and ReleaseFreeMemory
info|2022-09-13 07:11:11.301948|[g:1][SYNC][id:15b8b0ac...]DownloadingBlockQueue: clearQueue and ReleaseFreeMemory
info|2022-09-13 07:11:11.503756|[g:1][SYNC][id:15b8b0ac...]DownloadingBlockQueue: clearQueue and ReleaseFreeMemory
info|2022-09-13 07:11:11.707605|[g:1][SYNC][id:15b8b0ac...]DownloadingBlockQueue: clearQueue and ReleaseFreeMemory
info|2022-09-13 07:11:11.910144|[g:1][SYNC][id:15b8b0ac...]DownloadingBlockQueue: clearQueue and ReleaseFreeMemory
info|2022-09-13 07:11:12.114535|[g:1][SYNC][id:15b8b0ac...]DownloadingBlockQueue: clearQueue and ReleaseFreeMemory
info|2022-09-13 07:11:12.327480|[g:1][SYNC][id:15b8b0ac...]DownloadingBlockQueue: clearQueue and ReleaseFreeMemory
info|2022-09-13 07:11:12.530228|[g:1][SYNC][id:15b8b0ac...]DownloadingBlockQueue: clearQueue and ReleaseFreeMemory
info|2022-09-13 07:11:12.742433|[g:1][SYNC][id:15b8b0ac...]DownloadingBlockQueue: clearQueue and ReleaseFreeMemory
info|2022-09-13 07:11:12.962911|[g:1][SYNC][id:15b8b0ac...]DownloadingBlockQueue: clearQueue and ReleaseFreeMemory
info|2022-09-13 07:11:13.180681|[g:1][SYNC][id:15b8b0ac...]DownloadingBlockQueue: clearQueue and ReleaseFreeMemory
info|2022-09-13 07:11:13.392740|[g:1][SYNC][id:15b8b0ac...]DownloadingBlockQueue: clearQueue and ReleaseFreeMemory
info|2022-09-13 07:11:13.595461|[g:1][SYNC][id:15b8b0ac...]DownloadingBlockQueue: clearQueue and ReleaseFreeMemory
info|2022-09-13 07:11:13.808490|[g:1][SYNC][id:15b8b0ac...]DownloadingBlockQueue: clearQueue and ReleaseFreeMemory
info|2022-09-13 07:11:14.022209|[g:1][SYNC][id:15b8b0ac...]DownloadingBlockQueue: clearQueue and ReleaseFreeMemory
info|2022-09-13 07:11:14.226714|[g:1][SYNC][id:15b8b0ac...]DownloadingBlockQueue: clearQueue and ReleaseFreeMemory
info|2022-09-13 07:11:14.432981|[g:1][SYNC][id:15b8b0ac...]DownloadingBlockQueue: clearQueue and ReleaseFreeMemory
info|2022-09-13 07:11:14.637888|[g:1][SYNC][id:15b8b0ac...]DownloadingBlockQueue: clearQueue and ReleaseFreeMemory
info|2022-09-13 07:11:14.838657|[g:1][SYNC][id:15b8b0ac...]DownloadingBlockQueue: clearQueue and ReleaseFreeMemory
info|2022-09-13 07:11:15.038843|[g:1][SYNC][id:15b8b0ac...]DownloadingBlockQueue: clearQueue and ReleaseFreeMemory
info|2022-09-13 07:11:15.239639|[g:1][SYNC][id:15b8b0ac...]DownloadingBlockQueue: clearQueue and ReleaseFreeMemory
info|2022-09-13 07:11:15.439882|[g:1][SYNC][id:15b8b0ac...]DownloadingBlockQueue: clearQueue and ReleaseFreeMemory
info|2022-09-13 07:11:15.640180|[g:1][SYNC][id:15b8b0ac...]DownloadingBlockQueue: clearQueue and ReleaseFreeMemory
info|2022-09-13 07:11:15.840721|[g:1][SYNC][id:15b8b0ac...]DownloadingBlockQueue: clearQueue and ReleaseFreeMemory
info|2022-09-13 07:11:16.040985|[g:1][SYNC][id:15b8b0ac...]DownloadingBlockQueue: clearQueue and ReleaseFreeMemory
info|2022-09-13 07:11:16.241337|[g:1][SYNC][id:15b8b0ac...]DownloadingBlockQueue: clearQueue and ReleaseFreeMemory
info|2022-09-13 07:11:16.441545|[g:1][SYNC][id:15b8b0ac...]DownloadingBlockQueue: clearQueue and ReleaseFreeMemory
info|2022-09-13 07:11:16.491298|[P2P][Service] heartBeat,connected count=2
info|2022-09-13 07:11:16.641816|[g:1][SYNC][id:15b8b0ac...]DownloadingBlockQueue: clearQueue and ReleaseFreeMemory
info|2022-09-13 07:11:16.842077|[g:1][SYNC][id:15b8b0ac...]DownloadingBlockQueue: clearQueue and ReleaseFreeMemory
info|2022-09-13 07:11:17.042312|[g:1][SYNC][id:15b8b0ac...]DownloadingBlockQueue: clearQueue and ReleaseFreeMemory
info|2022-09-13 07:11:17.242660|[g:1][SYNC][id:15b8b0ac...]DownloadingBlockQueue: clearQueue and ReleaseFreeMemory
info|2022-09-13 07:11:17.442852|[g:1][SYNC][id:15b8b0ac...]DownloadingBlockQueue: clearQueue and ReleaseFreeMemory
info|2022-09-13 07:11:17.643109|[g:1][SYNC][id:15b8b0ac...]DownloadingBlockQueue: clearQueue and ReleaseFreeMemory
info|2022-09-13 07:11:17.843492|[g:1][SYNC][id:15b8b0ac...]DownloadingBlockQueue: clearQueue and ReleaseFreeMemory
info|2022-09-13 07:11:18.043763|[g:1][SYNC][id:15b8b0ac...]DownloadingBlockQueue: clearQueue and ReleaseFreeMemory
info|2022-09-13 07:11:18.244057|[g:1][SYNC][id:15b8b0ac...]DownloadingBlockQueue: clearQueue and ReleaseFreeMemory
info|2022-09-13 07:11:18.444476|[g:1][SYNC][id:15b8b0ac...]DownloadingBlockQueue: clearQueue and ReleaseFreeMemory
info|2022-09-13 07:11:18.644729|[g:1][SYNC][id:15b8b0ac...]DownloadingBlockQueue: clearQueue and ReleaseFreeMemory
info|2022-09-13 07:11:18.844927|[g:1][SYNC][id:15b8b0ac...]DownloadingBlockQueue: clearQueue and ReleaseFreeMemory
info|2022-09-13 07:11:19.045114|[g:1][SYNC][id:15b8b0ac...]DownloadingBlockQueue: clearQueue and ReleaseFreeMemory
info|2022-09-13 07:11:19.245385|[g:1][SYNC][id:15b8b0ac...]DownloadingBlockQueue: clearQueue and ReleaseFreeMemory
info|2022-09-13 07:11:19.445601|[g:1][SYNC][id:15b8b0ac...]DownloadingBlockQueue: clearQueue and ReleaseFreeMemory
info|2022-09-13 07:11:19.645817|[g:1][SYNC][id:15b8b0ac...]DownloadingBlockQueue: clearQueue and ReleaseFreeMemory
info|2022-09-13 07:11:19.846043|[g:1][SYNC][id:15b8b0ac...]DownloadingBlockQueue: clearQueue and ReleaseFreeMemory
info|2022-09-13 07:11:20.046361|[g:1][SYNC][id:15b8b0ac...]DownloadingBlockQueue: clearQueue and ReleaseFreeMemory
info|2022-09-13 07:11:20.246702|[g:1][SYNC][id:15b8b0ac...]DownloadingBlockQueue: clearQueue and ReleaseFreeMemory
info|2022-09-13 07:11:20.446821|[g:1][SYNC][id:15b8b0ac...]DownloadingBlockQueue: clearQueue and ReleaseFreeMemory
info|2022-09-13 07:11:20.647147|[g:1][SYNC][id:15b8b0ac...]DownloadingBlockQueue: clearQueue and ReleaseFreeMemory
info|2022-09-13 07:11:20.847395|[g:1][SYNC][id:15b8b0ac...]DownloadingBlockQueue: clearQueue and ReleaseFreeMemory
info|2022-09-13 07:11:21.047641|[g:1][SYNC][id:15b8b0ac...]DownloadingBlockQueue: clearQueue and ReleaseFreeMemory
info|2022-09-13 07:11:21.247826|[g:1][SYNC][id:15b8b0ac...]DownloadingBlockQueue: clearQueue and ReleaseFreeMemory
info|2022-09-13 07:11:21.448056|[g:1][SYNC][id:15b8b0ac...]DownloadingBlockQueue: clearQueue and ReleaseFreeMemory
info|2022-09-13 07:11:21.648194|[g:1][SYNC][id:15b8b0ac...]DownloadingBlockQueue: clearQueue and ReleaseFreeMemory
info|2022-09-13 07:11:21.848365|[g:1][SYNC][id:15b8b0ac...]DownloadingBlockQueue: clearQueue and ReleaseFreeMemory
info|2022-09-13 07:11:22.049080|[g:1][SYNC][id:15b8b0ac...]DownloadingBlockQueue: clearQueue and ReleaseFreeMemory
info|2022-09-13 07:11:22.192287|[g:1][SYNC][id:15b8b0ac...]DownloadingBlockQueue: clearQueue and ReleaseFreeMemory
info|2022-09-13 07:11:22.393054|[g:1][SYNC][id:15b8b0ac...]DownloadingBlockQueue: clearQueue and ReleaseFreeMemory
