info|2022-09-12 16:50:52.920772|[g:1][SYNC][id:15b8b0ac...]DownloadingBlockQueue: clearQueue and ReleaseFreeMemory
info|2022-09-12 16:50:53.161198|[g:1][SYNC][id:15b8b0ac...]DownloadingBlockQueue: clearQueue and ReleaseFreeMemory
info|2022-09-12 16:50:53.361808|[g:1][SYNC][id:15b8b0ac...]DownloadingBlockQueue: clearQueue and ReleaseFreeMemory
info|2022-09-12 16:50:53.512880|[g:1][CONSENSUS][SEALER]++++++++++++++++ Generating seal on,blkNum=1,tx=0,nodeIdx=0,hash=6b226d1d...
info|2022-09-12 16:50:53.513147|[g:1][SYNC][id:15b8b0ac...]DownloadingBlockQueue: clearQueue and ReleaseFreeMemory
info|2022-09-12 16:50:53.514747|[g:1][SYNC][id:15b8b0ac...]DownloadingBlockQueue: clearQueue and ReleaseFreeMemory
info|2022-09-12 16:50:53.515219|[g:1][CONSENSUS][PBFT]checkTimeout Succ,view=5616,toView=5617,nodeIdx=0,changeCycle=1,myNode=15b8b0ac...,timecost=2
info|2022-09-12 16:50:53.515563|[g:1][SYNC][id:15b8b0ac...]DownloadingBlockQueue: clearQueue and ReleaseFreeMemory
info|2022-09-12 16:50:53.522710|[g:1][CONSENSUS][PBFT]checkAndChangeView: Reach consensus,org_view=5616,cur_changeCycle=1,curView=5616,view=5617
info|2022-09-12 16:50:53.522824|[g:1][SYNC][id:15b8b0ac...]DownloadingBlockQueue: clearQueue and ReleaseFreeMemory
info|2022-09-12 16:50:53.771468|[g:1][SYNC][id:15b8b0ac...]DownloadingBlockQueue: clearQueue and ReleaseFreeMemory
info|2022-09-12 16:50:53.972636|[g:1][SYNC][id:15b8b0ac...]DownloadingBlockQueue: clearQueue and ReleaseFreeMemory
info|2022-09-12 16:50:54.173063|[g:1][SYNC][id:15b8b0ac...]DownloadingBlockQueue: clearQueue and ReleaseFreeMemory
info|2022-09-12 16:50:54.374213|[g:1][SYNC][id:15b8b0ac...]DownloadingBlockQueue: clearQueue and ReleaseFreeMemory
info|2022-09-12 16:50:54.535670|[g:1][CONSENSUS]addRawPrepare,height=1,reqIdx=1,hash=3fe7a535...,time=0
info|2022-09-12 16:50:54.536033|[g:1][CONSENSUS][PBFT]checkTimeout Succ,view=5617,toView=5618,nodeIdx=0,changeCycle=1,myNode=15b8b0ac...,timecost=1
info|2022-09-12 16:50:54.537554|[g:1][SYNC][id:15b8b0ac...]DownloadingBlockQueue: clearQueue and ReleaseFreeMemory
info|2022-09-12 16:50:54.543780|[g:1][CONSENSUS][PBFT]checkAndChangeView: Reach consensus,org_view=5617,cur_changeCycle=1,curView=5617,view=5618
info|2022-09-12 16:50:54.545407|[g:1][SYNC][id:15b8b0ac...]DownloadingBlockQueue: clearQueue and ReleaseFreeMemory
info|2022-09-12 16:50:54.746232|[g:1][SYNC][id:15b8b0ac...]DownloadingBlockQueue: clearQueue and ReleaseFreeMemory
info|2022-09-12 16:50:54.946445|[g:1][SYNC][id:15b8b0ac...]DownloadingBlockQueue: clearQueue and ReleaseFreeMemory
info|2022-09-12 16:50:55.146752|[g:1][SYNC][id:15b8b0ac...]DownloadingBlockQueue: clearQueue and ReleaseFreeMemory
info|2022-09-12 16:50:55.347142|[g:1][SYNC][id:15b8b0ac...]DownloadingBlockQueue: clearQueue and ReleaseFreeMemory
info|2022-09-12 16:50:55.544360|[g:1][CONSENSUS]addRawPrepare,height=1,reqIdx=2,hash=d319acff...,time=0
info|2022-09-12 16:50:55.544703|[g:1][SYNC][id:15b8b0ac...]DownloadingBlockQueue: clearQueue and ReleaseFreeMemory
info|2022-09-12 16:50:55.550319|[g:1][CONSENSUS][PBFT]checkTimeout Succ,view=5618,toView=5619,nodeIdx=0,changeCycle=1,myNode=15b8b0ac...,timecost=6
info|2022-09-12 16:50:55.550509|[g:1][SYNC][id:15b8b0ac...]DownloadingBlockQueue: clearQueue and ReleaseFreeMemory
info|2022-09-12 16:50:55.557074|[g:1][CONSENSUS][PBFT]checkAndChangeView: Reach consensus,org_view=5618,cur_changeCycle=1,curView=5618,view=5619
info|2022-09-12 16:50:55.557190|[g:1][SYNC][id:15b8b0ac...]DownloadingBlockQueue: clearQueue and ReleaseFreeMemory
info|2022-09-12 16:50:55.644458|[P2P][Service] heartBeat,connected count=2
info|2022-09-12 16:50:55.757585|[g:1][SYNC][id:15b8b0ac...]DownloadingBlockQueue: clearQueue and ReleaseFreeMemory
info|2022-09-12 16:50:55.960876|[g:1][SYNC][id:15b8b0ac...]DownloadingBlockQueue: clearQueue and ReleaseFreeMemory
info|2022-09-12 16:50:56.161241|[g:1][SYNC][id:15b8b0ac...]DownloadingBlockQueue: clearQueue and ReleaseFreeMemory
info|2022-09-12 16:50:56.362056|[g:1][SYNC][id:15b8b0ac...]DownloadingBlockQueue: clearQueue and ReleaseFreeMemory
info|2022-09-12 16:50:56.558033|[g:1][CONSENSUS][SEALER]++++++++++++++++ Generating seal on,blkNum=1,tx=0,nodeIdx=0,hash=be0f5c19...
info|2022-09-12 16:50:56.558643|[g:1][SYNC][id:15b8b0ac...]DownloadingBlockQueue: clearQueue and ReleaseFreeMemory
info|2022-09-12 16:50:56.564491|[g:1][SYNC][id:15b8b0ac...]DownloadingBlockQueue: clearQueue and ReleaseFreeMemory
info|2022-09-12 16:50:56.565676|[g:1][CONSENSUS][PBFT]checkTimeout Succ,view=5619,toView=5620,nodeIdx=0,changeCycle=1,myNode=15b8b0ac...,timecost=1
info|2022-09-12 16:50:56.566883|[g:1][SYNC][id:15b8b0ac...]DownloadingBlockQueue: clearQueue and ReleaseFreeMemory
info|2022-09-12 16:50:56.567702|[g:1][CONSENSUS][PBFT]checkAndChangeView: Reach consensus,org_view=5619,cur_changeCycle=1,curView=5619,view=5620
info|2022-09-12 16:50:56.568393|[g:1][SYNC][id:15b8b0ac...]DownloadingBlockQueue: clearQueue and ReleaseFreeMemory
info|2022-09-12 16:50:56.768678|[g:1][SYNC][id:15b8b0ac...]DownloadingBlockQueue: clearQueue and ReleaseFreeMemory
info|2022-09-12 16:50:56.977147|[g:1][SYNC][id:15b8b0ac...]DownloadingBlockQueue: clearQueue and ReleaseFreeMemory
info|2022-09-12 16:50:57.177434|[g:1][SYNC][id:15b8b0ac...]DownloadingBlockQueue: clearQueue and ReleaseFreeMemory
info|2022-09-12 16:50:57.377707|[g:1][SYNC][id:15b8b0ac...]DownloadingBlockQueue: clearQueue and ReleaseFreeMemory
info|2022-09-12 16:50:57.570772|[g:1][CONSENSUS]addRawPrepare,height=1,reqIdx=1,hash=b2089d01...,time=0
info|2022-09-12 16:50:57.573058|[g:1][SYNC][id:15b8b0ac...]DownloadingBlockQueue: clearQueue and ReleaseFreeMemory
info|2022-09-12 16:50:57.579281|[g:1][CONSENSUS][PBFT]checkTimeout Succ,view=5620,toView=5621,nodeIdx=0,changeCycle=1,myNode=15b8b0ac...,timecost=7
info|2022-09-12 16:50:57.580177|[g:1][SYNC][id:15b8b0ac...]DownloadingBlockQueue: clearQueue and ReleaseFreeMemory
info|2022-09-12 16:50:57.584229|[g:1][CONSENSUS][PBFT]checkAndChangeView: Reach consensus,org_view=5620,cur_changeCycle=1,curView=5620,view=5621
info|2022-09-12 16:50:57.584817|[g:1][SYNC][id:15b8b0ac...]DownloadingBlockQueue: clearQueue and ReleaseFreeMemory
info|2022-09-12 16:50:57.789579|[g:1][SYNC][id:15b8b0ac...]DownloadingBlockQueue: clearQueue and ReleaseFreeMemory
info|2022-09-12 16:50:57.990013|[g:1][SYNC][id:15b8b0ac...]DownloadingBlockQueue: clearQueue and ReleaseFreeMemory
info|2022-09-12 16:50:58.190339|[g:1][SYNC][id:15b8b0ac...]DownloadingBlockQueue: clearQueue and ReleaseFreeMemory
info|2022-09-12 16:50:58.390657|[g:1][SYNC][id:15b8b0ac...]DownloadingBlockQueue: clearQueue and ReleaseFreeMemory
info|2022-09-12 16:50:58.589193|[g:1][CONSENSUS]addRawPrepare,height=1,reqIdx=2,hash=64e16184...,time=0
info|2022-09-12 16:50:58.589940|[g:1][CONSENSUS][PBFT]checkTimeout Succ,view=5621,toView=5622,nodeIdx=0,changeCycle=1,myNode=15b8b0ac...,timecost=0
info|2022-09-12 16:50:58.591316|[g:1][SYNC][id:15b8b0ac...]DownloadingBlockQueue: clearQueue and ReleaseFreeMemory
info|2022-09-12 16:50:58.592778|[g:1][CONSENSUS][PBFT]checkAndChangeView: Reach consensus,org_view=5621,cur_changeCycle=1,curView=5621,view=5622
info|2022-09-12 16:50:58.593223|[g:1][SYNC][id:15b8b0ac...]DownloadingBlockQueue: clearQueue and ReleaseFreeMemory
info|2022-09-12 16:50:58.793857|[g:1][SYNC][id:15b8b0ac...]DownloadingBlockQueue: clearQueue and ReleaseFreeMemory
info|2022-09-12 16:50:58.994832|[g:1][SYNC][id:15b8b0ac...]DownloadingBlockQueue: clearQueue and ReleaseFreeMemory
info|2022-09-12 16:50:59.195009|[g:1][SYNC][id:15b8b0ac...]DownloadingBlockQueue: clearQueue and ReleaseFreeMemory
info|2022-09-12 16:50:59.395429|[g:1][SYNC][id:15b8b0ac...]DownloadingBlockQueue: clearQueue and ReleaseFreeMemory
info|2022-09-12 16:50:59.594282|[g:1][CONSENSUS][SEALER]++++++++++++++++ Generating seal on,blkNum=1,tx=0,nodeIdx=0,hash=2a7cf5af...
info|2022-09-12 16:50:59.595406|[g:1][SYNC][id:15b8b0ac...]DownloadingBlockQueue: clearQueue and ReleaseFreeMemory
info|2022-09-12 16:50:59.597637|[g:1][SYNC][id:15b8b0ac...]DownloadingBlockQueue: clearQueue and ReleaseFreeMemory
info|2022-09-12 16:50:59.598023|[g:1][CONSENSUS][PBFT]checkTimeout Succ,view=5622,toView=5623,nodeIdx=0,changeCycle=1,myNode=15b8b0ac...,timecost=1
info|2022-09-12 16:50:59.598205|[g:1][SYNC][id:15b8b0ac...]DownloadingBlockQueue: clearQueue and ReleaseFreeMemory
info|2022-09-12 16:50:59.606281|[g:1][CONSENSUS][PBFT]checkAndChangeView: Reach consensus,org_view=5622,cur_changeCycle=1,curView=5622,view=5623
info|2022-09-12 16:50:59.606441|[g:1][SYNC][id:15b8b0ac...]DownloadingBlockQueue: clearQueue and ReleaseFreeMemory
info|2022-09-12 16:50:59.806760|[g:1][SYNC][id:15b8b0ac...]DownloadingBlockQueue: clearQueue and ReleaseFreeMemory
info|2022-09-12 16:51:00.007005|[g:1][SYNC][id:15b8b0ac...]DownloadingBlockQueue: clearQueue and ReleaseFreeMemory
info|2022-09-12 16:51:00.207947|[g:1][SYNC][id:15b8b0ac...]DownloadingBlockQueue: clearQueue and ReleaseFreeMemory
info|2022-09-12 16:51:00.408365|[g:1][SYNC][id:15b8b0ac...]DownloadingBlockQueue: clearQueue and ReleaseFreeMemory
info|2022-09-12 16:51:00.604554|[g:1][CONSENSUS]addRawPrepare,height=1,reqIdx=1,hash=35435f3b...,time=0
info|2022-09-12 16:51:00.604836|[g:1][SYNC][id:15b8b0ac...]DownloadingBlockQueue: clearQueue and ReleaseFreeMemory
info|2022-09-12 16:51:00.606769|[g:1][CONSENSUS][PBFT]checkTimeout Succ,view=5623,toView=5624,nodeIdx=0,changeCycle=1,myNode=15b8b0ac...,timecost=2
info|2022-09-12 16:51:00.607245|[g:1][SYNC][id:15b8b0ac...]DownloadingBlockQueue: clearQueue and ReleaseFreeMemory
info|2022-09-12 16:51:00.616110|[g:1][CONSENSUS][PBFT]checkAndChangeView: Reach consensus,org_view=5623,cur_changeCycle=1,curView=5623,view=5624
info|2022-09-12 16:51:00.616357|[g:1][SYNC][id:15b8b0ac...]DownloadingBlockQueue: clearQueue and ReleaseFreeMemory
info|2022-09-12 16:51:00.816821|[g:1][SYNC][id:15b8b0ac...]DownloadingBlockQueue: clearQueue and ReleaseFreeMemory
info|2022-09-12 16:51:01.030749|[g:1][SYNC][id:15b8b0ac...]DownloadingBlockQueue: clearQueue and ReleaseFreeMemory
info|2022-09-12 16:51:01.231133|[g:1][SYNC][id:15b8b0ac...]DownloadingBlockQueue: clearQueue and ReleaseFreeMemory
info|2022-09-12 16:51:01.431593|[g:1][SYNC][id:15b8b0ac...]DownloadingBlockQueue: clearQueue and ReleaseFreeMemory
info|2022-09-12 16:51:01.624486|[g:1][CONSENSUS][PBFT]Trigger fast-viewchange,view=5624,toView=5624,minView=5625,INFO=,reqNum=0,curNum=0,GenIdx=2,Cview=5625,view=5624,fromIdx=2,fromNode=e32feb67...,fromIp=172.25.0.4:57984,hash=78a38d4f...,nodeIdx=0,myNode=15b8b0ac...
info|2022-09-12 16:51:01.624898|[g:1][SYNC][id:15b8b0ac...]DownloadingBlockQueue: clearQueue and ReleaseFreeMemory
info|2022-09-12 16:51:01.626612|[g:1][CONSENSUS][PBFT]checkTimeout Succ,view=5624,toView=5625,nodeIdx=0,changeCycle=2,myNode=15b8b0ac...,timecost=2
info|2022-09-12 16:51:01.626855|[g:1][SYNC][id:15b8b0ac...]DownloadingBlockQueue: clearQueue and ReleaseFreeMemory
info|2022-09-12 16:51:01.627314|[g:1][CONSENSUS][PBFT]checkAndChangeView: Reach consensus,org_view=5624,cur_changeCycle=2,curView=5624,view=5625
info|2022-09-12 16:51:01.627743|[g:1][SYNC][id:15b8b0ac...]DownloadingBlockQueue: clearQueue and ReleaseFreeMemory
info|2022-09-12 16:51:01.829936|[g:1][SYNC][id:15b8b0ac...]DownloadingBlockQueue: clearQueue and ReleaseFreeMemory
info|2022-09-12 16:51:02.030617|[g:1][SYNC][id:15b8b0ac...]DownloadingBlockQueue: clearQueue and ReleaseFreeMemory
info|2022-09-12 16:51:02.230993|[g:1][SYNC][id:15b8b0ac...]DownloadingBlockQueue: clearQueue and ReleaseFreeMemory
info|2022-09-12 16:51:02.431327|[g:1][SYNC][id:15b8b0ac...]DownloadingBlockQueue: clearQueue and ReleaseFreeMemory
info|2022-09-12 16:51:02.628229|[g:1][CONSENSUS][SEALER]++++++++++++++++ Generating seal on,blkNum=1,tx=0,nodeIdx=0,hash=cb0d8b59...
info|2022-09-12 16:51:02.629910|[g:1][SYNC][id:15b8b0ac...]DownloadingBlockQueue: clearQueue and ReleaseFreeMemory
info|2022-09-12 16:51:02.630788|[g:1][SYNC][id:15b8b0ac...]DownloadingBlockQueue: clearQueue and ReleaseFreeMemory
info|2022-09-12 16:51:02.631552|[g:1][CONSENSUS][PBFT]checkTimeout Succ,view=5625,toView=5626,nodeIdx=0,changeCycle=1,myNode=15b8b0ac...,timecost=1
info|2022-09-12 16:51:02.631720|[g:1][SYNC][id:15b8b0ac...]DownloadingBlockQueue: clearQueue and ReleaseFreeMemory
info|2022-09-12 16:51:02.638739|[g:1][CONSENSUS][PBFT]checkAndChangeView: Reach consensus,org_view=5625,cur_changeCycle=1,curView=5625,view=5626
info|2022-09-12 16:51:02.639146|[g:1][SYNC][id:15b8b0ac...]DownloadingBlockQueue: clearQueue and ReleaseFreeMemory
info|2022-09-12 16:51:02.839530|[g:1][SYNC][id:15b8b0ac...]DownloadingBlockQueue: clearQueue and ReleaseFreeMemory
info|2022-09-12 16:51:03.040092|[g:1][SYNC][id:15b8b0ac...]DownloadingBlockQueue: clearQueue and ReleaseFreeMemory
info|2022-09-12 16:51:03.240842|[g:1][SYNC][id:15b8b0ac...]DownloadingBlockQueue: clearQueue and ReleaseFreeMemory
info|2022-09-12 16:51:03.441409|[g:1][SYNC][id:15b8b0ac...]DownloadingBlockQueue: clearQueue and ReleaseFreeMemory
info|2022-09-12 16:51:03.639623|[g:1][CONSENSUS]addRawPrepare,height=1,reqIdx=1,hash=b09212b3...,time=0
info|2022-09-12 16:51:03.639858|[g:1][SYNC][id:15b8b0ac...]DownloadingBlockQueue: clearQueue and ReleaseFreeMemory
info|2022-09-12 16:51:03.640307|[g:1][CONSENSUS][PBFT]checkTimeout Succ,view=5626,toView=5627,nodeIdx=0,changeCycle=1,myNode=15b8b0ac...,timecost=1
info|2022-09-12 16:51:03.640482|[g:1][SYNC][id:15b8b0ac...]DownloadingBlockQueue: clearQueue and ReleaseFreeMemory
info|2022-09-12 16:51:03.644172|[g:1][CONSENSUS][PBFT]checkAndChangeView: Reach consensus,org_view=5626,cur_changeCycle=1,curView=5626,view=5627
info|2022-09-12 16:51:03.644328|[g:1][SYNC][id:15b8b0ac...]DownloadingBlockQueue: clearQueue and ReleaseFreeMemory
info|2022-09-12 16:51:03.845448|[g:1][SYNC][id:15b8b0ac...]DownloadingBlockQueue: clearQueue and ReleaseFreeMemory
info|2022-09-12 16:51:04.046676|[g:1][SYNC][id:15b8b0ac...]DownloadingBlockQueue: clearQueue and ReleaseFreeMemory
info|2022-09-12 16:51:04.256514|[g:1][SYNC][id:15b8b0ac...]DownloadingBlockQueue: clearQueue and ReleaseFreeMemory
info|2022-09-12 16:51:04.456932|[g:1][SYNC][id:15b8b0ac...]DownloadingBlockQueue: clearQueue and ReleaseFreeMemory
info|2022-09-12 16:51:04.648846|[g:1][CONSENSUS]addRawPrepare,height=1,reqIdx=2,hash=d6152206...,time=0
info|2022-09-12 16:51:04.649159|[g:1][SYNC][id:15b8b0ac...]DownloadingBlockQueue: clearQueue and ReleaseFreeMemory
info|2022-09-12 16:51:04.650976|[g:1][CONSENSUS][PBFT]checkTimeout Succ,view=5627,toView=5628,nodeIdx=0,changeCycle=1,myNode=15b8b0ac...,timecost=1
info|2022-09-12 16:51:04.651331|[g:1][SYNC][id:15b8b0ac...]DownloadingBlockQueue: clearQueue and ReleaseFreeMemory
info|2022-09-12 16:51:04.656123|[g:1][CONSENSUS][PBFT]checkAndChangeView: Reach consensus,org_view=5627,cur_changeCycle=1,curView=5627,view=5628
info|2022-09-12 16:51:04.656628|[g:1][SYNC][id:15b8b0ac...]DownloadingBlockQueue: clearQueue and ReleaseFreeMemory
info|2022-09-12 16:51:04.857391|[g:1][SYNC][id:15b8b0ac...]DownloadingBlockQueue: clearQueue and ReleaseFreeMemory
info|2022-09-12 16:51:05.057910|[g:1][SYNC][id:15b8b0ac...]DownloadingBlockQueue: clearQueue and ReleaseFreeMemory
info|2022-09-12 16:51:05.258309|[g:1][SYNC][id:15b8b0ac...]DownloadingBlockQueue: clearQueue and ReleaseFreeMemory
info|2022-09-12 16:51:05.458657|[g:1][SYNC][id:15b8b0ac...]DownloadingBlockQueue: clearQueue and ReleaseFreeMemory
info|2022-09-12 16:51:05.644900|[P2P][Service] heartBeat,connected count=2
info|2022-09-12 16:51:05.656832|[g:1][CONSENSUS][SEALER]++++++++++++++++ Generating seal on,blkNum=1,tx=0,nodeIdx=0,hash=218486e0...
info|2022-09-12 16:51:05.657049|[g:1][SYNC][id:15b8b0ac...]DownloadingBlockQueue: clearQueue and ReleaseFreeMemory
info|2022-09-12 16:51:05.663574|[g:1][CONSENSUS][PBFT]checkTimeout Succ,view=5628,toView=5629,nodeIdx=0,changeCycle=1,myNode=15b8b0ac...,timecost=0
info|2022-09-12 16:51:05.664281|[g:1][SYNC][id:15b8b0ac...]DownloadingBlockQueue: clearQueue and ReleaseFreeMemory
info|2022-09-12 16:51:05.664804|[g:1][SYNC][id:15b8b0ac...]DownloadingBlockQueue: clearQueue and ReleaseFreeMemory
info|2022-09-12 16:51:05.665184|[g:1][CONSENSUS][PBFT]checkAndChangeView: Reach consensus,org_view=5628,cur_changeCycle=1,curView=5628,view=5629
info|2022-09-12 16:51:05.666229|[g:1][SYNC][id:15b8b0ac...]DownloadingBlockQueue: clearQueue and ReleaseFreeMemory
info|2022-09-12 16:51:05.868134|[g:1][SYNC][id:15b8b0ac...]DownloadingBlockQueue: clearQueue and ReleaseFreeMemory
info|2022-09-12 16:51:06.068632|[g:1][SYNC][id:15b8b0ac...]DownloadingBlockQueue: clearQueue and ReleaseFreeMemory
info|2022-09-12 16:51:06.269361|[g:1][SYNC][id:15b8b0ac...]DownloadingBlockQueue: clearQueue and ReleaseFreeMemory
info|2022-09-12 16:51:06.469797|[g:1][SYNC][id:15b8b0ac...]DownloadingBlockQueue: clearQueue and ReleaseFreeMemory
info|2022-09-12 16:51:06.670341|[g:1][SYNC][id:15b8b0ac...]DownloadingBlockQueue: clearQueue and ReleaseFreeMemory
info|2022-09-12 16:51:06.673029|[g:1][CONSENSUS]addRawPrepare,height=1,reqIdx=1,hash=8864412d...,time=0
info|2022-09-12 16:51:06.673402|[g:1][SYNC][id:15b8b0ac...]DownloadingBlockQueue: clearQueue and ReleaseFreeMemory
info|2022-09-12 16:51:06.674741|[g:1][CONSENSUS][PBFT]checkTimeout Succ,view=5629,toView=5630,nodeIdx=0,changeCycle=1,myNode=15b8b0ac...,timecost=1
info|2022-09-12 16:51:06.675126|[g:1][SYNC][id:15b8b0ac...]DownloadingBlockQueue: clearQueue and ReleaseFreeMemory
info|2022-09-12 16:51:06.680333|[g:1][CONSENSUS][PBFT]checkAndChangeView: Reach consensus,org_view=5629,cur_changeCycle=1,curView=5629,view=5630
info|2022-09-12 16:51:06.680964|[g:1][SYNC][id:15b8b0ac...]DownloadingBlockQueue: clearQueue and ReleaseFreeMemory
info|2022-09-12 16:51:06.881521|[g:1][SYNC][id:15b8b0ac...]DownloadingBlockQueue: clearQueue and ReleaseFreeMemory
info|2022-09-12 16:51:07.081948|[g:1][SYNC][id:15b8b0ac...]DownloadingBlockQueue: clearQueue and ReleaseFreeMemory
info|2022-09-12 16:51:07.282416|[g:1][SYNC][id:15b8b0ac...]DownloadingBlockQueue: clearQueue and ReleaseFreeMemory
info|2022-09-12 16:51:07.482880|[g:1][SYNC][id:15b8b0ac...]DownloadingBlockQueue: clearQueue and ReleaseFreeMemory
info|2022-09-12 16:51:07.683293|[g:1][SYNC][id:15b8b0ac...]DownloadingBlockQueue: clearQueue and ReleaseFreeMemory
info|2022-09-12 16:51:07.697385|[g:1][CONSENSUS]addRawPrepare,height=1,reqIdx=2,hash=abefc8cd...,time=0
info|2022-09-12 16:51:07.697796|[g:1][CONSENSUS][PBFT]checkTimeout Succ,view=5630,toView=5631,nodeIdx=0,changeCycle=1,myNode=15b8b0ac...,timecost=0
info|2022-09-12 16:51:07.699386|[g:1][SYNC][id:15b8b0ac...]DownloadingBlockQueue: clearQueue and ReleaseFreeMemory
info|2022-09-12 16:51:07.709007|[g:1][CONSENSUS][PBFT]checkAndChangeView: Reach consensus,org_view=5630,cur_changeCycle=1,curView=5630,view=5631
info|2022-09-12 16:51:07.709240|[g:1][SYNC][id:15b8b0ac...]DownloadingBlockQueue: clearQueue and ReleaseFreeMemory
info|2022-09-12 16:51:07.910301|[g:1][SYNC][id:15b8b0ac...]DownloadingBlockQueue: clearQueue and ReleaseFreeMemory
info|2022-09-12 16:51:08.111810|[g:1][SYNC][id:15b8b0ac...]DownloadingBlockQueue: clearQueue and ReleaseFreeMemory
info|2022-09-12 16:51:08.312407|[g:1][SYNC][id:15b8b0ac...]DownloadingBlockQueue: clearQueue and ReleaseFreeMemory
info|2022-09-12 16:51:08.512768|[g:1][SYNC][id:15b8b0ac...]DownloadingBlockQueue: clearQueue and ReleaseFreeMemory
info|2022-09-12 16:51:08.709688|[g:1][CONSENSUS][SEALER]++++++++++++++++ Generating seal on,blkNum=1,tx=0,nodeIdx=0,hash=0a968e3f...
info|2022-09-12 16:51:08.710413|[g:1][SYNC][id:15b8b0ac...]DownloadingBlockQueue: clearQueue and ReleaseFreeMemory
info|2022-09-12 16:51:08.713852|[g:1][SYNC][id:15b8b0ac...]DownloadingBlockQueue: clearQueue and ReleaseFreeMemory
info|2022-09-12 16:51:08.715400|[g:1][CONSENSUS][PBFT]checkTimeout Succ,view=5631,toView=5632,nodeIdx=0,changeCycle=1,myNode=15b8b0ac...,timecost=2
info|2022-09-12 16:51:08.715629|[g:1][SYNC][id:15b8b0ac...]DownloadingBlockQueue: clearQueue and ReleaseFreeMemory
info|2022-09-12 16:51:08.716220|[g:1][CONSENSUS][PBFT]checkAndChangeView: Reach consensus,org_view=5631,cur_changeCycle=1,curView=5631,view=5632
info|2022-09-12 16:51:08.716273|[g:1][SYNC][id:15b8b0ac...]DownloadingBlockQueue: clearQueue and ReleaseFreeMemory
info|2022-09-12 16:51:08.916904|[g:1][SYNC][id:15b8b0ac...]DownloadingBlockQueue: clearQueue and ReleaseFreeMemory
info|2022-09-12 16:51:09.119344|[g:1][SYNC][id:15b8b0ac...]DownloadingBlockQueue: clearQueue and ReleaseFreeMemory
info|2022-09-12 16:51:09.319911|[g:1][SYNC][id:15b8b0ac...]DownloadingBlockQueue: clearQueue and ReleaseFreeMemory
info|2022-09-12 16:51:09.520387|[g:1][SYNC][id:15b8b0ac...]DownloadingBlockQueue: clearQueue and ReleaseFreeMemory
info|2022-09-12 16:51:09.719265|[g:1][CONSENSUS]addRawPrepare,height=1,reqIdx=1,hash=7ae053ca...,time=0
info|2022-09-12 16:51:09.721716|[g:1][SYNC][id:15b8b0ac...]DownloadingBlockQueue: clearQueue and ReleaseFreeMemory
info|2022-09-12 16:51:09.722151|[g:1][CONSENSUS][PBFT]checkTimeout Succ,view=5632,toView=5633,nodeIdx=0,changeCycle=1,myNode=15b8b0ac...,timecost=1
info|2022-09-12 16:51:09.723945|[g:1][SYNC][id:15b8b0ac...]DownloadingBlockQueue: clearQueue and ReleaseFreeMemory
info|2022-09-12 16:51:09.724001|[g:1][SYNC][id:15b8b0ac...]DownloadingBlockQueue: clearQueue and ReleaseFreeMemory
info|2022-09-12 16:51:09.728059|[g:1][CONSENSUS][PBFT]checkAndChangeView: Reach consensus,org_view=5632,cur_changeCycle=1,curView=5632,view=5633
info|2022-09-12 16:51:09.728344|[g:1][SYNC][id:15b8b0ac...]DownloadingBlockQueue: clearQueue and ReleaseFreeMemory
info|2022-09-12 16:51:09.940418|[g:1][SYNC][id:15b8b0ac...]DownloadingBlockQueue: clearQueue and ReleaseFreeMemory
info|2022-09-12 16:51:10.140564|[g:1][SYNC][id:15b8b0ac...]DownloadingBlockQueue: clearQueue and ReleaseFreeMemory
info|2022-09-12 16:51:10.340916|[g:1][SYNC][id:15b8b0ac...]DownloadingBlockQueue: clearQueue and ReleaseFreeMemory
info|2022-09-12 16:51:10.541116|[g:1][SYNC][id:15b8b0ac...]DownloadingBlockQueue: clearQueue and ReleaseFreeMemory
info|2022-09-12 16:51:10.735777|[g:1][CONSENSUS]addRawPrepare,height=1,reqIdx=2,hash=b2a1ddcf...,time=0
info|2022-09-12 16:51:10.736407|[g:1][SYNC][id:15b8b0ac...]DownloadingBlockQueue: clearQueue and ReleaseFreeMemory
info|2022-09-12 16:51:10.738471|[g:1][CONSENSUS][PBFT]checkTimeout Succ,view=5633,toView=5634,nodeIdx=0,changeCycle=1,myNode=15b8b0ac...,timecost=3
info|2022-09-12 16:51:10.739218|[g:1][SYNC][id:15b8b0ac...]DownloadingBlockQueue: clearQueue and ReleaseFreeMemory
info|2022-09-12 16:51:10.739786|[g:1][CONSENSUS][PBFT]checkAndChangeView: Reach consensus,org_view=5633,cur_changeCycle=1,curView=5633,view=5634
info|2022-09-12 16:51:10.740004|[g:1][SYNC][id:15b8b0ac...]DownloadingBlockQueue: clearQueue and ReleaseFreeMemory
info|2022-09-12 16:51:10.940389|[g:1][SYNC][id:15b8b0ac...]DownloadingBlockQueue: clearQueue and ReleaseFreeMemory
