info|2022-09-11 08:29:12.748201|[P2P][Service] heartBeat,connected count=2
error|2022-09-11 08:29:12.748275|[NETWORK][Session]Idle connection, disconnect ,endpoint=172.25.0.3:38112
info|2022-09-11 08:29:12.748306|[NETWORK][Session]drop, call and erase all callbackFunc in this session!,endpoint=172.25.0.3:38112
warning|2022-09-11 08:29:12.748321|[NETWORK][Session][drop] closing remote 172.25.0.3:38112,reason=(Idle connection for no network io happens during 5s time intervals.),endpoint=172.25.0.3:38112
error|2022-09-11 08:29:12.748430|[NETWORK][Session]Idle connection, disconnect ,endpoint=172.25.0.4:30300
info|2022-09-11 08:29:12.748448|[NETWORK][Session]drop, call and erase all callbackFunc in this session!,endpoint=172.25.0.4:30300
warning|2022-09-11 08:29:12.748486|[NETWORK][Session][drop] closing remote 172.25.0.4:30300,reason=(Idle connection for no network io happens during 5s time intervals.),endpoint=172.25.0.4:30300
error|2022-09-11 08:29:12.748708|[NETWORK][Session]Session inactived
error|2022-09-11 08:29:12.748717|[NETWORK][Session]Session inactived
warning|2022-09-11 08:29:12.748730|[NETWORK][Session]doRead error,endpoint=172.25.0.3:38112,message=Operation canceled
warning|2022-09-11 08:29:12.748741|[NETWORK][Session]doRead error,endpoint=172.25.0.4:30300,message=Operation canceled
warning|2022-09-11 08:29:12.748753|[NETWORK][Session][drop] shutdown failed ,errorValue=9,message=Bad file descriptor
warning|2022-09-11 08:29:12.748760|[NETWORK][Session][drop] shutdown failed ,errorValue=9,message=Bad file descriptor
info|2022-09-11 08:29:12.749484|[g:1][SYNC][id:15b8b0ac...]DownloadingBlockQueue: clearQueue and ReleaseFreeMemory
warning|2022-09-11 08:29:12.749672|[P2P][Service] disconnect error P2PSession,nodeID=59b384e6...,endpoint=172.25.0.3:38112,errorCode=3,what=Disconnect
warning|2022-09-11 08:29:12.749692|[P2P][Service] onDisconnect,errorCode=3,what=Dynamic exception type: dev::network::NetworkException
std::exception::what: Disconnect

warning|2022-09-11 08:29:12.749752|[P2P][Service] disconnect error P2PSession,nodeID=e32feb67...,endpoint=172.25.0.4:30300,errorCode=3,what=Disconnect
warning|2022-09-11 08:29:12.749764|[P2P][Service] onDisconnect,errorCode=3,what=Dynamic exception type: dev::network::NetworkException
std::exception::what: Disconnect

info|2022-09-11 08:29:12.751050|[g:1][SYNC][id:15b8b0ac...]DownloadingBlockQueue: clearQueue and ReleaseFreeMemory
warning|2022-09-11 08:29:12.751881|[g:1][CONSENSUS][PBFT]ViewChangeWarning: not caused by omit empty block ,v=5600,toV=5606,curNum=0,hash=78a38d4f...,nodeIdx=0,myNode=15b8b0ac...
warning|2022-09-11 08:29:12.751980|[g:1][CONSENSUS][PBFT]Find disconnectedNode,disconnectedNodeSize=2,sessionSize=0,minValidNodes=3,connectedNodeList=,disconnectedNode=59b384e6..., e32feb67..., ,idx=0
info|2022-09-11 08:29:12.752029|[g:1][CONSENSUS][PBFT]checkTimeout Succ,view=5600,toView=5606,nodeIdx=0,changeCycle=7,myNode=15b8b0ac...,timecost=2
info|2022-09-11 08:29:12.752250|[g:1][SYNC][id:15b8b0ac...]DownloadingBlockQueue: clearQueue and ReleaseFreeMemory
info|2022-09-11 08:29:12.815118|[NETWORK][Host]P2P Recv Connect, From=172.25.0.4:57968
info|2022-09-11 08:29:12.815153|[NETWORK][Host]P2P StartAccept,Host=0.0.0.0:30300
error|2022-09-11 08:29:12.825665|[NETWORK][Host]Get ca basic failed
info|2022-09-11 08:29:12.831659|[NETWORK][Host]handshakeServer succ,remote endpoint=172.25.0.4:57968
info|2022-09-11 08:29:12.841685|[P2P][Service] Connection established,nodeID=e32feb67...,endpoint=172.25.0.4:57968
info|2022-09-11 08:29:12.841751|[NETWORK][Host]startPeerSession, Remote=172.25.0.4:57968,local endpoint=172.25.0.2:30300,nodeID=e32feb67...
info|2022-09-11 08:29:12.952823|[g:1][SYNC][id:15b8b0ac...]DownloadingBlockQueue: clearQueue and ReleaseFreeMemory
info|2022-09-11 08:29:10.490488|[g:1][SYNC][id:15b8b0ac...]DownloadingBlockQueue: clearQueue and ReleaseFreeMemory
info|2022-09-11 08:29:10.702581|[g:1][SYNC][id:15b8b0ac...]DownloadingBlockQueue: clearQueue and ReleaseFreeMemory
info|2022-09-11 08:29:10.902789|[g:1][SYNC][id:15b8b0ac...]DownloadingBlockQueue: clearQueue and ReleaseFreeMemory
info|2022-09-11 08:29:11.103285|[g:1][SYNC][id:15b8b0ac...]DownloadingBlockQueue: clearQueue and ReleaseFreeMemory
info|2022-09-11 08:29:11.303710|[g:1][SYNC][id:15b8b0ac...]DownloadingBlockQueue: clearQueue and ReleaseFreeMemory
info|2022-09-11 08:29:11.504233|[g:1][SYNC][id:15b8b0ac...]DownloadingBlockQueue: clearQueue and ReleaseFreeMemory
info|2022-09-11 08:29:11.706496|[g:1][SYNC][id:15b8b0ac...]DownloadingBlockQueue: clearQueue and ReleaseFreeMemory
info|2022-09-11 08:29:11.907610|[g:1][SYNC][id:15b8b0ac...]DownloadingBlockQueue: clearQueue and ReleaseFreeMemory
info|2022-09-11 08:29:12.108011|[g:1][SYNC][id:15b8b0ac...]DownloadingBlockQueue: clearQueue and ReleaseFreeMemory
info|2022-09-11 08:29:12.317455|[g:1][SYNC][id:15b8b0ac...]DownloadingBlockQueue: clearQueue and ReleaseFreeMemory
info|2022-09-11 08:29:12.517770|[g:1][SYNC][id:15b8b0ac...]DownloadingBlockQueue: clearQueue and ReleaseFreeMemory
info|2022-09-11 08:29:12.718172|[g:1][SYNC][id:15b8b0ac...]DownloadingBlockQueue: clearQueue and ReleaseFreeMemory
info|2022-09-11 08:29:12.918480|[g:1][SYNC][id:15b8b0ac...]DownloadingBlockQueue: clearQueue and ReleaseFreeMemory
info|2022-09-11 08:29:13.120510|[g:1][SYNC][id:15b8b0ac...]DownloadingBlockQueue: clearQueue and ReleaseFreeMemory
info|2022-09-11 08:29:13.320941|[g:1][SYNC][id:15b8b0ac...]DownloadingBlockQueue: clearQueue and ReleaseFreeMemory
info|2022-09-11 08:29:13.521339|[g:1][SYNC][id:15b8b0ac...]DownloadingBlockQueue: clearQueue and ReleaseFreeMemory
info|2022-09-11 08:29:13.721815|[g:1][SYNC][id:15b8b0ac...]DownloadingBlockQueue: clearQueue and ReleaseFreeMemory
info|2022-09-11 08:29:13.925836|[g:1][SYNC][id:15b8b0ac...]DownloadingBlockQueue: clearQueue and ReleaseFreeMemory
info|2022-09-11 08:29:14.138435|[g:1][SYNC][id:15b8b0ac...]DownloadingBlockQueue: clearQueue and ReleaseFreeMemory
info|2022-09-11 08:29:14.348551|[g:1][SYNC][id:15b8b0ac...]DownloadingBlockQueue: clearQueue and ReleaseFreeMemory
info|2022-09-11 08:29:14.559578|[g:1][SYNC][id:15b8b0ac...]DownloadingBlockQueue: clearQueue and ReleaseFreeMemory
info|2022-09-11 08:29:14.759858|[g:1][SYNC][id:15b8b0ac...]DownloadingBlockQueue: clearQueue and ReleaseFreeMemory
info|2022-09-11 08:29:14.985468|[g:1][SYNC][id:15b8b0ac...]DownloadingBlockQueue: clearQueue and ReleaseFreeMemory
info|2022-09-11 08:29:15.186135|[g:1][SYNC][id:15b8b0ac...]DownloadingBlockQueue: clearQueue and ReleaseFreeMemory
info|2022-09-11 08:29:15.387423|[g:1][SYNC][id:15b8b0ac...]DownloadingBlockQueue: clearQueue and ReleaseFreeMemory
info|2022-09-11 08:29:15.587778|[g:1][SYNC][id:15b8b0ac...]DownloadingBlockQueue: clearQueue and ReleaseFreeMemory
info|2022-09-11 08:29:15.789951|[g:1][SYNC][id:15b8b0ac...]DownloadingBlockQueue: clearQueue and ReleaseFreeMemory
info|2022-09-11 08:29:15.990862|[g:1][SYNC][id:15b8b0ac...]DownloadingBlockQueue: clearQueue and ReleaseFreeMemory
info|2022-09-11 08:29:16.192121|[g:1][SYNC][id:15b8b0ac...]DownloadingBlockQueue: clearQueue and ReleaseFreeMemory
info|2022-09-11 08:29:16.392385|[g:1][SYNC][id:15b8b0ac...]DownloadingBlockQueue: clearQueue and ReleaseFreeMemory
info|2022-09-11 08:29:16.592615|[g:1][SYNC][id:15b8b0ac...]DownloadingBlockQueue: clearQueue and ReleaseFreeMemory
info|2022-09-11 08:29:16.794337|[g:1][SYNC][id:15b8b0ac...]DownloadingBlockQueue: clearQueue and ReleaseFreeMemory
info|2022-09-11 08:29:16.994752|[g:1][SYNC][id:15b8b0ac...]DownloadingBlockQueue: clearQueue and ReleaseFreeMemory
info|2022-09-11 08:29:17.196943|[g:1][SYNC][id:15b8b0ac...]DownloadingBlockQueue: clearQueue and ReleaseFreeMemory
info|2022-09-11 08:29:17.398512|[g:1][SYNC][id:15b8b0ac...]DownloadingBlockQueue: clearQueue and ReleaseFreeMemory
info|2022-09-11 08:29:17.626684|[g:1][SYNC][id:15b8b0ac...]DownloadingBlockQueue: clearQueue and ReleaseFreeMemory
info|2022-09-11 08:29:17.828337|[g:1][SYNC][id:15b8b0ac...]DownloadingBlockQueue: clearQueue and ReleaseFreeMemory
info|2022-09-11 08:29:18.028592|[g:1][SYNC][id:15b8b0ac...]DownloadingBlockQueue: clearQueue and ReleaseFreeMemory
info|2022-09-11 08:29:18.229679|[g:1][SYNC][id:15b8b0ac...]DownloadingBlockQueue: clearQueue and ReleaseFreeMemory
info|2022-09-11 08:29:18.429951|[g:1][SYNC][id:15b8b0ac...]DownloadingBlockQueue: clearQueue and ReleaseFreeMemory
info|2022-09-11 08:29:18.630437|[g:1][SYNC][id:15b8b0ac...]DownloadingBlockQueue: clearQueue and ReleaseFreeMemory
info|2022-09-11 08:29:18.830948|[g:1][SYNC][id:15b8b0ac...]DownloadingBlockQueue: clearQueue and ReleaseFreeMemory
info|2022-09-11 08:29:19.031645|[g:1][SYNC][id:15b8b0ac...]DownloadingBlockQueue: clearQueue and ReleaseFreeMemory
info|2022-09-11 08:29:19.232362|[g:1][SYNC][id:15b8b0ac...]DownloadingBlockQueue: clearQueue and ReleaseFreeMemory
info|2022-09-11 08:29:19.432725|[g:1][SYNC][id:15b8b0ac...]DownloadingBlockQueue: clearQueue and ReleaseFreeMemory
info|2022-09-11 08:29:19.633834|[g:1][SYNC][id:15b8b0ac...]DownloadingBlockQueue: clearQueue and ReleaseFreeMemory
info|2022-09-11 08:29:19.834300|[g:1][SYNC][id:15b8b0ac...]DownloadingBlockQueue: clearQueue and ReleaseFreeMemory
info|2022-09-11 08:29:20.035275|[g:1][SYNC][id:15b8b0ac...]DownloadingBlockQueue: clearQueue and ReleaseFreeMemory
info|2022-09-11 08:29:20.236693|[g:1][SYNC][id:15b8b0ac...]DownloadingBlockQueue: clearQueue and ReleaseFreeMemory
info|2022-09-11 08:29:20.436768|[g:1][SYNC][id:15b8b0ac...]DownloadingBlockQueue: clearQueue and ReleaseFreeMemory
info|2022-09-11 08:29:20.637499|[g:1][SYNC][id:15b8b0ac...]DownloadingBlockQueue: clearQueue and ReleaseFreeMemory
info|2022-09-11 08:29:20.915463|[g:1][SYNC][id:15b8b0ac...]DownloadingBlockQueue: clearQueue and ReleaseFreeMemory
info|2022-09-11 08:29:21.050029|[g:1][SYNC][id:15b8b0ac...]DownloadingBlockQueue: clearQueue and ReleaseFreeMemory
info|2022-09-11 08:29:21.254274|[g:1][SYNC][id:15b8b0ac...]DownloadingBlockQueue: clearQueue and ReleaseFreeMemory
info|2022-09-11 08:29:21.458389|[g:1][SYNC][id:15b8b0ac...]DownloadingBlockQueue: clearQueue and ReleaseFreeMemory
info|2022-09-11 08:29:21.678923|[g:1][SYNC][id:15b8b0ac...]DownloadingBlockQueue: clearQueue and ReleaseFreeMemory
info|2022-09-11 08:29:21.903659|[g:1][SYNC][id:15b8b0ac...]DownloadingBlockQueue: clearQueue and ReleaseFreeMemory
info|2022-09-11 08:29:22.081118|[g:1][SYNC][id:15b8b0ac...]DownloadingBlockQueue: clearQueue and ReleaseFreeMemory
info|2022-09-11 08:29:22.284565|[g:1][SYNC][id:15b8b0ac...]DownloadingBlockQueue: clearQueue and ReleaseFreeMemory
info|2022-09-11 08:29:22.496996|[g:1][SYNC][id:15b8b0ac...]DownloadingBlockQueue: clearQueue and ReleaseFreeMemory
info|2022-09-11 08:29:22.708716|[g:1][SYNC][id:15b8b0ac...]DownloadingBlockQueue: clearQueue and ReleaseFreeMemory
info|2022-09-11 08:29:22.748722|[NETWORK][Host]Connecting to node,endpoint=172.25.0.3:30300
info|2022-09-11 08:29:22.749745|[NETWORK][Host]Connecting to node,endpoint=172.25.0.4:30300
info|2022-09-11 08:29:22.750532|[P2P][Service] heartBeat,connected count=1
info|2022-09-11 08:29:22.762884|[NETWORK][ASIO]asyncResolveConnect,endpoint=172.25.0.3:30300
info|2022-09-11 08:29:22.764639|[NETWORK][ASIO]asyncResolveConnect,endpoint=172.25.0.4:30300
error|2022-09-11 08:29:22.801378|[NETWORK][Host]Get ca basic failed
info|2022-09-11 08:29:22.922560|[g:1][SYNC][id:15b8b0ac...]DownloadingBlockQueue: clearQueue and ReleaseFreeMemory
info|2022-09-11 08:29:23.093800|[NETWORK][Host]P2P Recv Connect, From=172.25.0.3:38134
info|2022-09-11 08:29:23.094530|[NETWORK][Host]P2P StartAccept,Host=0.0.0.0:30300
error|2022-09-11 08:29:23.141812|[NETWORK][Host]Get ca basic failed
info|2022-09-11 08:29:23.202308|[g:1][SYNC][id:15b8b0ac...]DownloadingBlockQueue: clearQueue and ReleaseFreeMemory
info|2022-09-11 08:29:23.354528|[NETWORK][Host]handshakeClient succ,local endpoint=172.25.0.2:55994
info|2022-09-11 08:29:23.361394|[NETWORK][Host]startPeerSession, Remote=172.25.0.3:30300,local endpoint=172.25.0.2:55994,nodeID=59b384e6...
info|2022-09-11 08:29:23.361895|[P2P][Service] Connection established,nodeID=59b384e6...,endpoint=172.25.0.3:30300
info|2022-09-11 08:29:23.419129|[g:1][SYNC][id:15b8b0ac...]DownloadingBlockQueue: clearQueue and ReleaseFreeMemory
info|2022-09-11 08:29:23.601405|[NETWORK][Host]handshakeClient succ,local endpoint=172.25.0.2:52922
info|2022-09-11 08:29:23.602779|[NETWORK][Host]startPeerSession, Remote=172.25.0.4:30300,local endpoint=172.25.0.2:52922,nodeID=e32feb67...
info|2022-09-11 08:29:23.625335|[g:1][SYNC][id:15b8b0ac...]DownloadingBlockQueue: clearQueue and ReleaseFreeMemory
info|2022-09-11 08:29:23.834276|[g:1][SYNC][id:15b8b0ac...]DownloadingBlockQueue: clearQueue and ReleaseFreeMemory
error|2022-09-11 08:29:23.843862|[NETWORK][Host]Get ca basic failed
info|2022-09-11 08:29:24.026582|[NETWORK][Host]handshakeServer succ,remote endpoint=172.25.0.3:38134
info|2022-09-11 08:29:24.027006|[NETWORK][Host]startPeerSession, Remote=172.25.0.3:38134,local endpoint=172.25.0.2:30300,nodeID=59b384e6...
info|2022-09-11 08:29:24.046033|[g:1][SYNC][id:15b8b0ac...]DownloadingBlockQueue: clearQueue and ReleaseFreeMemory
info|2022-09-11 08:29:24.287498|[g:1][SYNC][id:15b8b0ac...]DownloadingBlockQueue: clearQueue and ReleaseFreeMemory
info|2022-09-11 08:29:24.507233|[g:1][SYNC][id:15b8b0ac...]DownloadingBlockQueue: clearQueue and ReleaseFreeMemory
info|2022-09-11 08:29:24.715227|[g:1][SYNC][id:15b8b0ac...]DownloadingBlockQueue: clearQueue and ReleaseFreeMemory
info|2022-09-11 08:29:24.917468|[g:1][SYNC][id:15b8b0ac...]DownloadingBlockQueue: clearQueue and ReleaseFreeMemory
info|2022-09-11 08:29:25.150479|[g:1][SYNC][id:15b8b0ac...]DownloadingBlockQueue: clearQueue and ReleaseFreeMemory
info|2022-09-11 08:29:25.322034|[g:1][SYNC][id:15b8b0ac...]DownloadingBlockQueue: clearQueue and ReleaseFreeMemory
info|2022-09-11 08:29:25.529334|[g:1][SYNC][id:15b8b0ac...]DownloadingBlockQueue: clearQueue and ReleaseFreeMemory
info|2022-09-11 08:29:25.744928|[g:1][SYNC][id:15b8b0ac...]DownloadingBlockQueue: clearQueue and ReleaseFreeMemory
info|2022-09-11 08:29:25.930476|[g:1][SYNC][id:15b8b0ac...]DownloadingBlockQueue: clearQueue and ReleaseFreeMemory
info|2022-09-11 08:29:26.136466|[g:1][SYNC][id:15b8b0ac...]DownloadingBlockQueue: clearQueue and ReleaseFreeMemory
info|2022-09-11 08:29:26.339295|[g:1][SYNC][id:15b8b0ac...]DownloadingBlockQueue: clearQueue and ReleaseFreeMemory
info|2022-09-11 08:29:26.551294|[g:1][SYNC][id:15b8b0ac...]DownloadingBlockQueue: clearQueue and ReleaseFreeMemory
info|2022-09-11 08:29:26.749407|[g:1][SYNC][id:15b8b0ac...]DownloadingBlockQueue: clearQueue and ReleaseFreeMemory
info|2022-09-11 08:29:26.952210|[g:1][SYNC][id:15b8b0ac...]DownloadingBlockQueue: clearQueue and ReleaseFreeMemory
info|2022-09-11 08:29:27.180871|[g:1][SYNC][id:15b8b0ac...]DownloadingBlockQueue: clearQueue and ReleaseFreeMemory
info|2022-09-11 08:29:27.428586|[g:1][SYNC][id:15b8b0ac...]DownloadingBlockQueue: clearQueue and ReleaseFreeMemory
info|2022-09-11 08:29:27.627845|[g:1][SYNC][id:15b8b0ac...]DownloadingBlockQueue: clearQueue and ReleaseFreeMemory
info|2022-09-11 08:29:27.830324|[g:1][SYNC][id:15b8b0ac...]DownloadingBlockQueue: clearQueue and ReleaseFreeMemory
info|2022-09-11 08:29:28.061263|[g:1][SYNC][id:15b8b0ac...]DownloadingBlockQueue: clearQueue and ReleaseFreeMemory
info|2022-09-11 08:29:28.305756|[g:1][SYNC][id:15b8b0ac...]DownloadingBlockQueue: clearQueue and ReleaseFreeMemory
info|2022-09-11 08:29:28.632928|[g:1][SYNC][id:15b8b0ac...]DownloadingBlockQueue: clearQueue and ReleaseFreeMemory
info|2022-09-11 08:29:28.820538|[g:1][SYNC][id:15b8b0ac...]DownloadingBlockQueue: clearQueue and ReleaseFreeMemory
info|2022-09-11 08:29:29.027936|[g:1][SYNC][id:15b8b0ac...]DownloadingBlockQueue: clearQueue and ReleaseFreeMemory
info|2022-09-11 08:29:29.229974|[g:1][SYNC][id:15b8b0ac...]DownloadingBlockQueue: clearQueue and ReleaseFreeMemory
info|2022-09-11 08:29:29.432074|[g:1][SYNC][id:15b8b0ac...]DownloadingBlockQueue: clearQueue and ReleaseFreeMemory
info|2022-09-11 08:29:29.702134|[g:1][SYNC][id:15b8b0ac...]DownloadingBlockQueue: clearQueue and ReleaseFreeMemory
info|2022-09-11 08:29:29.933993|[g:1][SYNC][id:15b8b0ac...]DownloadingBlockQueue: clearQueue and ReleaseFreeMemory
info|2022-09-11 08:29:30.165263|[g:1][SYNC][id:15b8b0ac...]DownloadingBlockQueue: clearQueue and ReleaseFreeMemory
info|2022-09-11 08:29:30.367063|[g:1][SYNC][id:15b8b0ac...]DownloadingBlockQueue: clearQueue and ReleaseFreeMemory
info|2022-09-11 08:29:30.577762|[g:1][SYNC][id:15b8b0ac...]DownloadingBlockQueue: clearQueue and ReleaseFreeMemory
info|2022-09-11 08:29:30.824807|[g:1][SYNC][id:15b8b0ac...]DownloadingBlockQueue: clearQueue and ReleaseFreeMemory
info|2022-09-11 08:29:31.028235|[g:1][SYNC][id:15b8b0ac...]DownloadingBlockQueue: clearQueue and ReleaseFreeMemory
info|2022-09-11 08:29:31.256395|[g:1][SYNC][id:15b8b0ac...]DownloadingBlockQueue: clearQueue and ReleaseFreeMemory
info|2022-09-11 08:29:31.462536|[g:1][SYNC][id:15b8b0ac...]DownloadingBlockQueue: clearQueue and ReleaseFreeMemory
info|2022-09-11 08:29:31.673885|[g:1][SYNC][id:15b8b0ac...]DownloadingBlockQueue: clearQueue and ReleaseFreeMemory
info|2022-09-11 08:29:31.885641|[g:1][SYNC][id:15b8b0ac...]DownloadingBlockQueue: clearQueue and ReleaseFreeMemory
info|2022-09-11 08:29:32.119780|[g:1][SYNC][id:15b8b0ac...]DownloadingBlockQueue: clearQueue and ReleaseFreeMemory
info|2022-09-11 08:29:32.330843|[g:1][SYNC][id:15b8b0ac...]DownloadingBlockQueue: clearQueue and ReleaseFreeMemory
info|2022-09-11 08:29:32.537970|[g:1][SYNC][id:15b8b0ac...]DownloadingBlockQueue: clearQueue and ReleaseFreeMemory
info|2022-09-11 08:29:32.737317|[g:1][SYNC][id:15b8b0ac...]DownloadingBlockQueue: clearQueue and ReleaseFreeMemory
info|2022-09-11 08:29:32.756131|[P2P][Service] heartBeat,connected count=2
info|2022-09-11 08:29:32.992966|[g:1][SYNC][id:15b8b0ac...]DownloadingBlockQueue: clearQueue and ReleaseFreeMemory
info|2022-09-11 08:29:33.197687|[g:1][SYNC][id:15b8b0ac...]DownloadingBlockQueue: clearQueue and ReleaseFreeMemory
info|2022-09-11 08:29:33.400135|[g:1][SYNC][id:15b8b0ac...]DownloadingBlockQueue: clearQueue and ReleaseFreeMemory
info|2022-09-11 08:29:33.601453|[g:1][SYNC][id:15b8b0ac...]DownloadingBlockQueue: clearQueue and ReleaseFreeMemory
info|2022-09-11 08:29:33.804774|[g:1][SYNC][id:15b8b0ac...]DownloadingBlockQueue: clearQueue and ReleaseFreeMemory
info|2022-09-11 08:29:34.005893|[g:1][SYNC][id:15b8b0ac...]DownloadingBlockQueue: clearQueue and ReleaseFreeMemory
info|2022-09-11 08:29:34.207157|[g:1][SYNC][id:15b8b0ac...]DownloadingBlockQueue: clearQueue and ReleaseFreeMemory
info|2022-09-11 08:29:34.408684|[g:1][SYNC][id:15b8b0ac...]DownloadingBlockQueue: clearQueue and ReleaseFreeMemory
info|2022-09-11 08:29:34.616972|[g:1][SYNC][id:15b8b0ac...]DownloadingBlockQueue: clearQueue and ReleaseFreeMemory
info|2022-09-11 08:29:34.817523|[g:1][SYNC][id:15b8b0ac...]DownloadingBlockQueue: clearQueue and ReleaseFreeMemory
info|2022-09-11 08:29:35.018207|[g:1][SYNC][id:15b8b0ac...]DownloadingBlockQueue: clearQueue and ReleaseFreeMemory
info|2022-09-11 08:29:35.240239|[g:1][SYNC][id:15b8b0ac...]DownloadingBlockQueue: clearQueue and ReleaseFreeMemory
info|2022-09-11 08:29:35.440988|[g:1][SYNC][id:15b8b0ac...]DownloadingBlockQueue: clearQueue and ReleaseFreeMemory
info|2022-09-11 08:29:35.642798|[g:1][SYNC][id:15b8b0ac...]DownloadingBlockQueue: clearQueue and ReleaseFreeMemory
info|2022-09-11 08:29:35.843398|[g:1][SYNC][id:15b8b0ac...]DownloadingBlockQueue: clearQueue and ReleaseFreeMemory
info|2022-09-11 08:29:36.044044|[g:1][SYNC][id:15b8b0ac...]DownloadingBlockQueue: clearQueue and ReleaseFreeMemory
info|2022-09-11 08:29:36.244421|[g:1][SYNC][id:15b8b0ac...]DownloadingBlockQueue: clearQueue and ReleaseFreeMemory
info|2022-09-11 08:29:36.446854|[g:1][SYNC][id:15b8b0ac...]DownloadingBlockQueue: clearQueue and ReleaseFreeMemory
info|2022-09-11 08:29:36.649971|[g:1][SYNC][id:15b8b0ac...]DownloadingBlockQueue: clearQueue and ReleaseFreeMemory
info|2022-09-11 08:29:36.851639|[g:1][SYNC][id:15b8b0ac...]DownloadingBlockQueue: clearQueue and ReleaseFreeMemory
info|2022-09-11 08:29:37.051851|[g:1][SYNC][id:15b8b0ac...]DownloadingBlockQueue: clearQueue and ReleaseFreeMemory
info|2022-09-11 08:29:37.252339|[g:1][SYNC][id:15b8b0ac...]DownloadingBlockQueue: clearQueue and ReleaseFreeMemory
info|2022-09-11 08:29:37.454187|[g:1][SYNC][id:15b8b0ac...]DownloadingBlockQueue: clearQueue and ReleaseFreeMemory
info|2022-09-11 08:29:37.654483|[g:1][SYNC][id:15b8b0ac...]DownloadingBlockQueue: clearQueue and ReleaseFreeMemory
info|2022-09-11 08:29:37.855399|[g:1][SYNC][id:15b8b0ac...]DownloadingBlockQueue: clearQueue and ReleaseFreeMemory
info|2022-09-11 08:29:38.056942|[g:1][SYNC][id:15b8b0ac...]DownloadingBlockQueue: clearQueue and ReleaseFreeMemory
info|2022-09-11 08:29:38.257931|[g:1][SYNC][id:15b8b0ac...]DownloadingBlockQueue: clearQueue and ReleaseFreeMemory
info|2022-09-11 08:29:38.458841|[g:1][SYNC][id:15b8b0ac...]DownloadingBlockQueue: clearQueue and ReleaseFreeMemory
info|2022-09-11 08:29:38.661026|[g:1][SYNC][id:15b8b0ac...]DownloadingBlockQueue: clearQueue and ReleaseFreeMemory
info|2022-09-11 08:29:38.862961|[g:1][SYNC][id:15b8b0ac...]DownloadingBlockQueue: clearQueue and ReleaseFreeMemory
info|2022-09-11 08:29:39.063935|[g:1][SYNC][id:15b8b0ac...]DownloadingBlockQueue: clearQueue and ReleaseFreeMemory
info|2022-09-11 08:29:39.264706|[g:1][SYNC][id:15b8b0ac...]DownloadingBlockQueue: clearQueue and ReleaseFreeMemory
info|2022-09-11 08:29:39.465899|[g:1][SYNC][id:15b8b0ac...]DownloadingBlockQueue: clearQueue and ReleaseFreeMemory
info|2022-09-11 08:29:39.666302|[g:1][SYNC][id:15b8b0ac...]DownloadingBlockQueue: clearQueue and ReleaseFreeMemory
info|2022-09-11 08:29:39.867266|[g:1][SYNC][id:15b8b0ac...]DownloadingBlockQueue: clearQueue and ReleaseFreeMemory
info|2022-09-11 08:29:40.067510|[g:1][SYNC][id:15b8b0ac...]DownloadingBlockQueue: clearQueue and ReleaseFreeMemory
info|2022-09-11 08:29:40.268259|[g:1][SYNC][id:15b8b0ac...]DownloadingBlockQueue: clearQueue and ReleaseFreeMemory
info|2022-09-11 08:29:42.834485|[g:1][SYNC][id:15b8b0ac...]DownloadingBlockQueue: clearQueue and ReleaseFreeMemory
