info|2022-09-11 15:04:25.747865|[P2P][Service] heartBeat,connected count=2
error|2022-09-11 15:04:25.747911|[NETWORK][Session]Idle connection, disconnect ,endpoint=172.25.0.4:57968
info|2022-09-11 15:04:25.747919|[NETWORK][Session]drop, call and erase all callbackFunc in this session!,endpoint=172.25.0.4:57968
warning|2022-09-11 15:04:25.747930|[NETWORK][Session][drop] closing remote 172.25.0.4:57968,reason=(Idle connection for no network io happens during 5s time intervals.),endpoint=172.25.0.4:57968
error|2022-09-11 15:04:25.748076|[NETWORK][Session]Idle connection, disconnect ,endpoint=172.25.0.3:30300
info|2022-09-11 15:04:25.748086|[NETWORK][Session]drop, call and erase all callbackFunc in this session!,endpoint=172.25.0.3:30300
warning|2022-09-11 15:04:25.748099|[NETWORK][Session][drop] closing remote 172.25.0.3:30300,reason=(Idle connection for no network io happens during 5s time intervals.),endpoint=172.25.0.3:30300
error|2022-09-11 15:04:25.748185|[NETWORK][Session]Session inactived
error|2022-09-11 15:04:25.748197|[NETWORK][Session]Session inactived
warning|2022-09-11 15:04:25.748215|[NETWORK][Session]doRead error,endpoint=172.25.0.4:57968,message=Operation canceled
warning|2022-09-11 15:04:25.748236|[NETWORK][Session][drop] shutdown failed ,errorValue=9,message=Bad file descriptor
warning|2022-09-11 15:04:25.748251|[NETWORK][Session]doRead error,endpoint=172.25.0.3:30300,message=Operation canceled
warning|2022-09-11 15:04:25.748264|[NETWORK][Session][drop] shutdown failed ,errorValue=9,message=Bad file descriptor
warning|2022-09-11 15:04:25.748311|[P2P][Service] disconnect error P2PSession,nodeID=59b384e6...,endpoint=172.25.0.3:30300,errorCode=3,what=Disconnect
warning|2022-09-11 15:04:25.748384|[P2P][Service] disconnect error P2PSession,nodeID=e32feb67...,endpoint=172.25.0.4:57968,errorCode=3,what=Disconnect
warning|2022-09-11 15:04:25.748399|[P2P][Service] onDisconnect,errorCode=3,what=Dynamic exception type: dev::network::NetworkException
std::exception::what: Disconnect

warning|2022-09-11 15:04:25.748632|[P2P][Service] onDisconnect,errorCode=3,what=Dynamic exception type: dev::network::NetworkException
std::exception::what: Disconnect

warning|2022-09-11 15:04:25.749269|[g:1][CONSENSUS][PBFT]ViewChangeWarning: not caused by omit empty block ,v=5600,toV=5607,curNum=0,hash=78a38d4f...,nodeIdx=0,myNode=15b8b0ac...
warning|2022-09-11 15:04:25.749292|[g:1][CONSENSUS][PBFT]Find disconnectedNode,disconnectedNodeSize=2,sessionSize=0,minValidNodes=3,connectedNodeList=,disconnectedNode=59b384e6..., e32feb67..., ,idx=0
info|2022-09-11 15:04:25.749318|[g:1][CONSENSUS][PBFT]checkTimeout Succ,view=5600,toView=5607,nodeIdx=0,changeCycle=8,myNode=15b8b0ac...,timecost=1
warning|2022-09-11 15:04:09.087228|[g:1][P2P][Service] Node inactived,nodeID=e32feb67...
warning|2022-09-11 15:04:09.087263|[g:1][P2P][Service] Node inactived,nodeID=59b384e6...
info|2022-09-11 15:04:09.166380|[g:1][SYNC][id:15b8b0ac...]DownloadingBlockQueue: clearQueue and ReleaseFreeMemory
info|2022-09-11 15:04:09.287913|[g:1][SYNC][id:15b8b0ac...]DownloadingBlockQueue: clearQueue and ReleaseFreeMemory
info|2022-09-11 15:04:09.488194|[g:1][SYNC][id:15b8b0ac...]DownloadingBlockQueue: clearQueue and ReleaseFreeMemory
info|2022-09-11 15:04:09.688794|[g:1][SYNC][id:15b8b0ac...]DownloadingBlockQueue: clearQueue and ReleaseFreeMemory
info|2022-09-11 15:04:09.889714|[g:1][SYNC][id:15b8b0ac...]DownloadingBlockQueue: clearQueue and ReleaseFreeMemory
info|2022-09-11 15:04:10.090008|[g:1][SYNC][id:15b8b0ac...]DownloadingBlockQueue: clearQueue and ReleaseFreeMemory
info|2022-09-11 15:04:10.293908|[g:1][SYNC][id:15b8b0ac...]DownloadingBlockQueue: clearQueue and ReleaseFreeMemory
info|2022-09-11 15:04:10.492722|[g:1][SYNC][id:15b8b0ac...]DownloadingBlockQueue: clearQueue and ReleaseFreeMemory
info|2022-09-11 15:04:10.693998|[g:1][SYNC][id:15b8b0ac...]DownloadingBlockQueue: clearQueue and ReleaseFreeMemory
info|2022-09-11 15:04:10.893967|[g:1][SYNC][id:15b8b0ac...]DownloadingBlockQueue: clearQueue and ReleaseFreeMemory
info|2022-09-11 15:04:11.094194|[g:1][SYNC][id:15b8b0ac...]DownloadingBlockQueue: clearQueue and ReleaseFreeMemory
info|2022-09-11 15:04:11.294538|[g:1][SYNC][id:15b8b0ac...]DownloadingBlockQueue: clearQueue and ReleaseFreeMemory
info|2022-09-11 15:04:11.494817|[g:1][SYNC][id:15b8b0ac...]DownloadingBlockQueue: clearQueue and ReleaseFreeMemory
info|2022-09-11 15:04:11.695386|[g:1][SYNC][id:15b8b0ac...]DownloadingBlockQueue: clearQueue and ReleaseFreeMemory
info|2022-09-11 15:04:11.897418|[g:1][SYNC][id:15b8b0ac...]DownloadingBlockQueue: clearQueue and ReleaseFreeMemory
info|2022-09-11 15:04:12.102012|[g:1][SYNC][id:15b8b0ac...]DownloadingBlockQueue: clearQueue and ReleaseFreeMemory
info|2022-09-11 15:04:12.302269|[g:1][SYNC][id:15b8b0ac...]DownloadingBlockQueue: clearQueue and ReleaseFreeMemory
info|2022-09-11 15:04:12.502612|[g:1][SYNC][id:15b8b0ac...]DownloadingBlockQueue: clearQueue and ReleaseFreeMemory
info|2022-09-11 15:04:12.703964|[g:1][SYNC][id:15b8b0ac...]DownloadingBlockQueue: clearQueue and ReleaseFreeMemory
info|2022-09-11 15:04:12.904220|[g:1][SYNC][id:15b8b0ac...]DownloadingBlockQueue: clearQueue and ReleaseFreeMemory
info|2022-09-11 15:04:13.104565|[g:1][SYNC][id:15b8b0ac...]DownloadingBlockQueue: clearQueue and ReleaseFreeMemory
info|2022-09-11 15:04:13.305079|[g:1][SYNC][id:15b8b0ac...]DownloadingBlockQueue: clearQueue and ReleaseFreeMemory
info|2022-09-11 15:04:13.506962|[g:1][SYNC][id:15b8b0ac...]DownloadingBlockQueue: clearQueue and ReleaseFreeMemory
info|2022-09-11 15:04:13.722465|[g:1][SYNC][id:15b8b0ac...]DownloadingBlockQueue: clearQueue and ReleaseFreeMemory
info|2022-09-11 15:04:14.044780|[g:1][SYNC][id:15b8b0ac...]DownloadingBlockQueue: clearQueue and ReleaseFreeMemory
info|2022-09-11 15:04:14.244991|[g:1][SYNC][id:15b8b0ac...]DownloadingBlockQueue: clearQueue and ReleaseFreeMemory
info|2022-09-11 15:04:14.445437|[g:1][SYNC][id:15b8b0ac...]DownloadingBlockQueue: clearQueue and ReleaseFreeMemory
info|2022-09-11 15:04:14.645705|[g:1][SYNC][id:15b8b0ac...]DownloadingBlockQueue: clearQueue and ReleaseFreeMemory
info|2022-09-11 15:04:14.846362|[g:1][SYNC][id:15b8b0ac...]DownloadingBlockQueue: clearQueue and ReleaseFreeMemory
info|2022-09-11 15:04:15.047761|[g:1][SYNC][id:15b8b0ac...]DownloadingBlockQueue: clearQueue and ReleaseFreeMemory
info|2022-09-11 15:04:15.285247|[g:1][SYNC][id:15b8b0ac...]DownloadingBlockQueue: clearQueue and ReleaseFreeMemory
info|2022-09-11 15:04:15.469720|[g:1][SYNC][id:15b8b0ac...]DownloadingBlockQueue: clearQueue and ReleaseFreeMemory
info|2022-09-11 15:04:15.674384|[g:1][SYNC][id:15b8b0ac...]DownloadingBlockQueue: clearQueue and ReleaseFreeMemory
info|2022-09-11 15:04:15.875453|[g:1][SYNC][id:15b8b0ac...]DownloadingBlockQueue: clearQueue and ReleaseFreeMemory
info|2022-09-11 15:04:16.076748|[g:1][SYNC][id:15b8b0ac...]DownloadingBlockQueue: clearQueue and ReleaseFreeMemory
info|2022-09-11 15:04:16.277744|[g:1][SYNC][id:15b8b0ac...]DownloadingBlockQueue: clearQueue and ReleaseFreeMemory
info|2022-09-11 15:04:16.478322|[g:1][SYNC][id:15b8b0ac...]DownloadingBlockQueue: clearQueue and ReleaseFreeMemory
info|2022-09-11 15:04:16.678815|[g:1][SYNC][id:15b8b0ac...]DownloadingBlockQueue: clearQueue and ReleaseFreeMemory
info|2022-09-11 15:04:16.879108|[g:1][SYNC][id:15b8b0ac...]DownloadingBlockQueue: clearQueue and ReleaseFreeMemory
info|2022-09-11 15:04:17.079673|[g:1][SYNC][id:15b8b0ac...]DownloadingBlockQueue: clearQueue and ReleaseFreeMemory
info|2022-09-11 15:04:17.281086|[g:1][SYNC][id:15b8b0ac...]DownloadingBlockQueue: clearQueue and ReleaseFreeMemory
info|2022-09-11 15:04:17.483417|[g:1][SYNC][id:15b8b0ac...]DownloadingBlockQueue: clearQueue and ReleaseFreeMemory
info|2022-09-11 15:04:17.683676|[g:1][SYNC][id:15b8b0ac...]DownloadingBlockQueue: clearQueue and ReleaseFreeMemory
info|2022-09-11 15:04:17.883958|[g:1][SYNC][id:15b8b0ac...]DownloadingBlockQueue: clearQueue and ReleaseFreeMemory
info|2022-09-11 15:04:18.084220|[g:1][SYNC][id:15b8b0ac...]DownloadingBlockQueue: clearQueue and ReleaseFreeMemory
info|2022-09-11 15:04:18.284835|[g:1][SYNC][id:15b8b0ac...]DownloadingBlockQueue: clearQueue and ReleaseFreeMemory
info|2022-09-11 15:04:18.485122|[g:1][SYNC][id:15b8b0ac...]DownloadingBlockQueue: clearQueue and ReleaseFreeMemory
info|2022-09-11 15:04:18.685590|[g:1][SYNC][id:15b8b0ac...]DownloadingBlockQueue: clearQueue and ReleaseFreeMemory
info|2022-09-11 15:04:18.885866|[g:1][SYNC][id:15b8b0ac...]DownloadingBlockQueue: clearQueue and ReleaseFreeMemory
info|2022-09-11 15:04:19.086326|[g:1][SYNC][id:15b8b0ac...]DownloadingBlockQueue: clearQueue and ReleaseFreeMemory
info|2022-09-11 15:04:19.088724|[NETWORK][Host]P2P Recv Connect, From=172.25.0.3:38140
info|2022-09-11 15:04:19.088776|[NETWORK][Host]P2P StartAccept,Host=0.0.0.0:30300
error|2022-09-11 15:04:19.106736|[NETWORK][Host]Get ca basic failed
info|2022-09-11 15:04:19.113230|[NETWORK][Host]handshakeServer succ,remote endpoint=172.25.0.3:38140
info|2022-09-11 15:04:19.113467|[NETWORK][Host]startPeerSession, Remote=172.25.0.3:38140,local endpoint=172.25.0.2:30300,nodeID=59b384e6...
info|2022-09-11 15:04:19.113497|[P2P][Service] Connection established,nodeID=59b384e6...,endpoint=172.25.0.3:38140
info|2022-09-11 15:04:19.153961|[NETWORK][Host]P2P Recv Connect, From=172.25.0.4:57984
info|2022-09-11 15:04:19.154010|[NETWORK][Host]P2P StartAccept,Host=0.0.0.0:30300
error|2022-09-11 15:04:19.160803|[NETWORK][Host]Get ca basic failed
info|2022-09-11 15:04:19.162540|[NETWORK][Host]handshakeServer succ,remote endpoint=172.25.0.4:57984
info|2022-09-11 15:04:19.162561|[NETWORK][Host]startPeerSession, Remote=172.25.0.4:57984,local endpoint=172.25.0.2:30300,nodeID=e32feb67...
info|2022-09-11 15:04:19.163179|[P2P][Service] Connection established,nodeID=e32feb67...,endpoint=172.25.0.4:57984
info|2022-09-11 15:04:19.287363|[g:1][SYNC][id:15b8b0ac...]DownloadingBlockQueue: clearQueue and ReleaseFreeMemory
info|2022-09-11 15:04:19.487666|[g:1][SYNC][id:15b8b0ac...]DownloadingBlockQueue: clearQueue and ReleaseFreeMemory
info|2022-09-11 15:04:19.688778|[g:1][SYNC][id:15b8b0ac...]DownloadingBlockQueue: clearQueue and ReleaseFreeMemory
info|2022-09-11 15:04:19.894459|[g:1][SYNC][id:15b8b0ac...]DownloadingBlockQueue: clearQueue and ReleaseFreeMemory
info|2022-09-11 15:04:20.190408|[g:1][SYNC][id:15b8b0ac...]DownloadingBlockQueue: clearQueue and ReleaseFreeMemory
info|2022-09-11 15:04:20.396420|[g:1][SYNC][id:15b8b0ac...]DownloadingBlockQueue: clearQueue and ReleaseFreeMemory
info|2022-09-11 15:04:20.608043|[g:1][SYNC][id:15b8b0ac...]DownloadingBlockQueue: clearQueue and ReleaseFreeMemory
info|2022-09-11 15:04:20.809786|[g:1][SYNC][id:15b8b0ac...]DownloadingBlockQueue: clearQueue and ReleaseFreeMemory
info|2022-09-11 15:04:21.011544|[g:1][SYNC][id:15b8b0ac...]DownloadingBlockQueue: clearQueue and ReleaseFreeMemory
info|2022-09-11 15:04:21.216975|[g:1][SYNC][id:15b8b0ac...]DownloadingBlockQueue: clearQueue and ReleaseFreeMemory
info|2022-09-11 15:04:21.418695|[g:1][SYNC][id:15b8b0ac...]DownloadingBlockQueue: clearQueue and ReleaseFreeMemory
info|2022-09-11 15:04:21.643638|[g:1][SYNC][id:15b8b0ac...]DownloadingBlockQueue: clearQueue and ReleaseFreeMemory
info|2022-09-11 15:04:21.864929|[g:1][SYNC][id:15b8b0ac...]DownloadingBlockQueue: clearQueue and ReleaseFreeMemory
info|2022-09-11 15:04:22.072869|[g:1][SYNC][id:15b8b0ac...]DownloadingBlockQueue: clearQueue and ReleaseFreeMemory
info|2022-09-11 15:04:22.284368|[g:1][SYNC][id:15b8b0ac...]DownloadingBlockQueue: clearQueue and ReleaseFreeMemory
info|2022-09-11 15:04:22.488283|[g:1][SYNC][id:15b8b0ac...]DownloadingBlockQueue: clearQueue and ReleaseFreeMemory
info|2022-09-11 15:04:22.699372|[g:1][SYNC][id:15b8b0ac...]DownloadingBlockQueue: clearQueue and ReleaseFreeMemory
info|2022-09-11 15:04:22.906315|[g:1][SYNC][id:15b8b0ac...]DownloadingBlockQueue: clearQueue and ReleaseFreeMemory
info|2022-09-11 15:04:23.121928|[g:1][SYNC][id:15b8b0ac...]DownloadingBlockQueue: clearQueue and ReleaseFreeMemory
info|2022-09-11 15:04:23.329780|[g:1][SYNC][id:15b8b0ac...]DownloadingBlockQueue: clearQueue and ReleaseFreeMemory
info|2022-09-11 15:04:23.544779|[g:1][SYNC][id:15b8b0ac...]DownloadingBlockQueue: clearQueue and ReleaseFreeMemory
info|2022-09-11 15:04:23.748986|[g:1][SYNC][id:15b8b0ac...]DownloadingBlockQueue: clearQueue and ReleaseFreeMemory
info|2022-09-11 15:04:23.954401|[g:1][SYNC][id:15b8b0ac...]DownloadingBlockQueue: clearQueue and ReleaseFreeMemory
info|2022-09-11 15:04:24.163792|[g:1][SYNC][id:15b8b0ac...]DownloadingBlockQueue: clearQueue and ReleaseFreeMemory
info|2022-09-11 15:04:24.371131|[g:1][SYNC][id:15b8b0ac...]DownloadingBlockQueue: clearQueue and ReleaseFreeMemory
info|2022-09-11 15:04:24.574684|[g:1][SYNC][id:15b8b0ac...]DownloadingBlockQueue: clearQueue and ReleaseFreeMemory
info|2022-09-11 15:04:24.781202|[g:1][SYNC][id:15b8b0ac...]DownloadingBlockQueue: clearQueue and ReleaseFreeMemory
info|2022-09-11 15:04:24.988318|[g:1][SYNC][id:15b8b0ac...]DownloadingBlockQueue: clearQueue and ReleaseFreeMemory
info|2022-09-11 15:04:25.207933|[g:1][SYNC][id:15b8b0ac...]DownloadingBlockQueue: clearQueue and ReleaseFreeMemory
info|2022-09-11 15:04:25.408461|[g:1][SYNC][id:15b8b0ac...]DownloadingBlockQueue: clearQueue and ReleaseFreeMemory
info|2022-09-11 15:04:25.623336|[g:1][SYNC][id:15b8b0ac...]DownloadingBlockQueue: clearQueue and ReleaseFreeMemory
info|2022-09-11 15:04:25.848132|[g:1][SYNC][id:15b8b0ac...]DownloadingBlockQueue: clearQueue and ReleaseFreeMemory
info|2022-09-11 15:04:26.054147|[g:1][SYNC][id:15b8b0ac...]DownloadingBlockQueue: clearQueue and ReleaseFreeMemory
info|2022-09-11 15:04:26.262232|[g:1][SYNC][id:15b8b0ac...]DownloadingBlockQueue: clearQueue and ReleaseFreeMemory
info|2022-09-11 15:04:26.458476|[g:1][SYNC][id:15b8b0ac...]DownloadingBlockQueue: clearQueue and ReleaseFreeMemory
info|2022-09-11 15:04:26.661458|[g:1][SYNC][id:15b8b0ac...]DownloadingBlockQueue: clearQueue and ReleaseFreeMemory
info|2022-09-11 15:04:26.866090|[g:1][SYNC][id:15b8b0ac...]DownloadingBlockQueue: clearQueue and ReleaseFreeMemory
info|2022-09-11 15:04:27.067444|[g:1][SYNC][id:15b8b0ac...]DownloadingBlockQueue: clearQueue and ReleaseFreeMemory
info|2022-09-11 15:04:27.271785|[g:1][SYNC][id:15b8b0ac...]DownloadingBlockQueue: clearQueue and ReleaseFreeMemory
info|2022-09-11 15:04:27.530400|[g:1][SYNC][id:15b8b0ac...]DownloadingBlockQueue: clearQueue and ReleaseFreeMemory
info|2022-09-11 15:04:27.734720|[g:1][SYNC][id:15b8b0ac...]DownloadingBlockQueue: clearQueue and ReleaseFreeMemory
info|2022-09-11 15:04:27.936545|[g:1][SYNC][id:15b8b0ac...]DownloadingBlockQueue: clearQueue and ReleaseFreeMemory
info|2022-09-11 15:04:28.141085|[g:1][SYNC][id:15b8b0ac...]DownloadingBlockQueue: clearQueue and ReleaseFreeMemory
info|2022-09-11 15:04:28.344926|[g:1][SYNC][id:15b8b0ac...]DownloadingBlockQueue: clearQueue and ReleaseFreeMemory
info|2022-09-11 15:04:28.546275|[g:1][SYNC][id:15b8b0ac...]DownloadingBlockQueue: clearQueue and ReleaseFreeMemory
info|2022-09-11 15:04:28.749458|[g:1][SYNC][id:15b8b0ac...]DownloadingBlockQueue: clearQueue and ReleaseFreeMemory
info|2022-09-11 15:04:28.949818|[g:1][SYNC][id:15b8b0ac...]DownloadingBlockQueue: clearQueue and ReleaseFreeMemory
info|2022-09-11 15:04:29.154705|[g:1][SYNC][id:15b8b0ac...]DownloadingBlockQueue: clearQueue and ReleaseFreeMemory
info|2022-09-11 15:04:29.353625|[g:1][SYNC][id:15b8b0ac...]DownloadingBlockQueue: clearQueue and ReleaseFreeMemory
info|2022-09-11 15:04:29.586590|[g:1][SYNC][id:15b8b0ac...]DownloadingBlockQueue: clearQueue and ReleaseFreeMemory
info|2022-09-11 15:04:29.765856|[g:1][SYNC][id:15b8b0ac...]DownloadingBlockQueue: clearQueue and ReleaseFreeMemory
info|2022-09-11 15:04:29.972905|[g:1][SYNC][id:15b8b0ac...]DownloadingBlockQueue: clearQueue and ReleaseFreeMemory
info|2022-09-11 15:04:30.184672|[g:1][SYNC][id:15b8b0ac...]DownloadingBlockQueue: clearQueue and ReleaseFreeMemory
info|2022-09-11 15:04:30.410622|[g:1][SYNC][id:15b8b0ac...]DownloadingBlockQueue: clearQueue and ReleaseFreeMemory
info|2022-09-11 15:04:30.700269|[g:1][SYNC][id:15b8b0ac...]DownloadingBlockQueue: clearQueue and ReleaseFreeMemory
info|2022-09-11 15:04:30.893725|[g:1][SYNC][id:15b8b0ac...]DownloadingBlockQueue: clearQueue and ReleaseFreeMemory
info|2022-09-11 15:04:31.098019|[g:1][SYNC][id:15b8b0ac...]DownloadingBlockQueue: clearQueue and ReleaseFreeMemory
info|2022-09-11 15:04:31.300406|[g:1][SYNC][id:15b8b0ac...]DownloadingBlockQueue: clearQueue and ReleaseFreeMemory
info|2022-09-11 15:04:31.607276|[g:1][SYNC][id:15b8b0ac...]DownloadingBlockQueue: clearQueue and ReleaseFreeMemory
info|2022-09-11 15:04:31.809634|[g:1][SYNC][id:15b8b0ac...]DownloadingBlockQueue: clearQueue and ReleaseFreeMemory
info|2022-09-11 15:04:32.012856|[g:1][SYNC][id:15b8b0ac...]DownloadingBlockQueue: clearQueue and ReleaseFreeMemory
info|2022-09-11 15:04:32.216801|[g:1][SYNC][id:15b8b0ac...]DownloadingBlockQueue: clearQueue and ReleaseFreeMemory
info|2022-09-11 15:04:32.428608|[g:1][SYNC][id:15b8b0ac...]DownloadingBlockQueue: clearQueue and ReleaseFreeMemory
info|2022-09-11 15:04:32.681473|[g:1][SYNC][id:15b8b0ac...]DownloadingBlockQueue: clearQueue and ReleaseFreeMemory
info|2022-09-11 15:04:32.883057|[g:1][SYNC][id:15b8b0ac...]DownloadingBlockQueue: clearQueue and ReleaseFreeMemory
info|2022-09-11 15:04:33.084679|[g:1][SYNC][id:15b8b0ac...]DownloadingBlockQueue: clearQueue and ReleaseFreeMemory
info|2022-09-11 15:04:33.296651|[g:1][SYNC][id:15b8b0ac...]DownloadingBlockQueue: clearQueue and ReleaseFreeMemory
info|2022-09-11 15:04:33.496068|[g:1][SYNC][id:15b8b0ac...]DownloadingBlockQueue: clearQueue and ReleaseFreeMemory
info|2022-09-11 15:04:33.696599|[g:1][SYNC][id:15b8b0ac...]DownloadingBlockQueue: clearQueue and ReleaseFreeMemory
info|2022-09-11 15:04:33.899307|[g:1][SYNC][id:15b8b0ac...]DownloadingBlockQueue: clearQueue and ReleaseFreeMemory
info|2022-09-11 15:04:34.116279|[g:1][SYNC][id:15b8b0ac...]DownloadingBlockQueue: clearQueue and ReleaseFreeMemory
info|2022-09-11 15:04:34.304825|[g:1][SYNC][id:15b8b0ac...]DownloadingBlockQueue: clearQueue and ReleaseFreeMemory
info|2022-09-11 15:04:34.505558|[g:1][SYNC][id:15b8b0ac...]DownloadingBlockQueue: clearQueue and ReleaseFreeMemory
info|2022-09-11 15:04:34.706998|[g:1][SYNC][id:15b8b0ac...]DownloadingBlockQueue: clearQueue and ReleaseFreeMemory
info|2022-09-11 15:04:34.914283|[g:1][SYNC][id:15b8b0ac...]DownloadingBlockQueue: clearQueue and ReleaseFreeMemory
info|2022-09-11 15:04:35.107775|[g:1][SYNC][id:15b8b0ac...]DownloadingBlockQueue: clearQueue and ReleaseFreeMemory
info|2022-09-11 15:04:35.308034|[g:1][SYNC][id:15b8b0ac...]DownloadingBlockQueue: clearQueue and ReleaseFreeMemory
info|2022-09-11 15:04:35.508181|[g:1][SYNC][id:15b8b0ac...]DownloadingBlockQueue: clearQueue and ReleaseFreeMemory
info|2022-09-11 15:04:35.708700|[g:1][SYNC][id:15b8b0ac...]DownloadingBlockQueue: clearQueue and ReleaseFreeMemory
info|2022-09-11 15:04:35.748280|[NETWORK][Host]Connecting to node,endpoint=172.25.0.3:30300
info|2022-09-11 15:04:35.748430|[NETWORK][Host]Connecting to node,endpoint=172.25.0.4:30300
info|2022-09-11 15:04:35.748523|[P2P][Service] heartBeat,connected count=2
info|2022-09-11 15:04:35.748816|[NETWORK][ASIO]asyncResolveConnect,endpoint=172.25.0.3:30300
info|2022-09-11 15:04:35.748980|[NETWORK][ASIO]asyncResolveConnect,endpoint=172.25.0.4:30300
error|2022-09-11 15:04:35.751291|[NETWORK][Host]Get ca basic failed
error|2022-09-11 15:04:35.753742|[NETWORK][Host]Get ca basic failed
info|2022-09-11 15:04:35.761322|[NETWORK][Host]handshakeClient succ,local endpoint=172.25.0.2:56012
info|2022-09-11 15:04:35.761350|[NETWORK][Host]startPeerSession, Remote=172.25.0.3:30300,local endpoint=172.25.0.2:56012,nodeID=59b384e6...
info|2022-09-11 15:04:35.761462|[NETWORK][Host]handshakeClient succ,local endpoint=172.25.0.2:52940
info|2022-09-11 15:04:35.761482|[NETWORK][Host]startPeerSession, Remote=172.25.0.4:30300,local endpoint=172.25.0.2:52940,nodeID=e32feb67...
info|2022-09-11 15:04:35.908791|[g:1][SYNC][id:15b8b0ac...]DownloadingBlockQueue: clearQueue and ReleaseFreeMemory
info|2022-09-11 15:04:36.110408|[g:1][SYNC][id:15b8b0ac...]DownloadingBlockQueue: clearQueue and ReleaseFreeMemory
info|2022-09-11 15:04:36.310959|[g:1][SYNC][id:15b8b0ac...]DownloadingBlockQueue: clearQueue and ReleaseFreeMemory
info|2022-09-11 15:04:36.511259|[g:1][SYNC][id:15b8b0ac...]DownloadingBlockQueue: clearQueue and ReleaseFreeMemory
info|2022-09-11 15:04:36.711666|[g:1][SYNC][id:15b8b0ac...]DownloadingBlockQueue: clearQueue and ReleaseFreeMemory
info|2022-09-11 15:04:36.922851|[g:1][SYNC][id:15b8b0ac...]DownloadingBlockQueue: clearQueue and ReleaseFreeMemory
info|2022-09-11 15:04:37.116026|[g:1][SYNC][id:15b8b0ac...]DownloadingBlockQueue: clearQueue and ReleaseFreeMemory
info|2022-09-11 15:04:37.317266|[g:1][SYNC][id:15b8b0ac...]DownloadingBlockQueue: clearQueue and ReleaseFreeMemory
info|2022-09-11 15:04:37.517266|[g:1][SYNC][id:15b8b0ac...]DownloadingBlockQueue: clearQueue and ReleaseFreeMemory
info|2022-09-11 15:04:37.718702|[g:1][SYNC][id:15b8b0ac...]DownloadingBlockQueue: clearQueue and ReleaseFreeMemory
info|2022-09-11 15:04:37.923670|[g:1][SYNC][id:15b8b0ac...]DownloadingBlockQueue: clearQueue and ReleaseFreeMemory
info|2022-09-11 15:04:38.124073|[g:1][SYNC][id:15b8b0ac...]DownloadingBlockQueue: clearQueue and ReleaseFreeMemory
info|2022-09-11 15:04:38.324754|[g:1][SYNC][id:15b8b0ac...]DownloadingBlockQueue: clearQueue and ReleaseFreeMemory
info|2022-09-11 15:04:38.525115|[g:1][SYNC][id:15b8b0ac...]DownloadingBlockQueue: clearQueue and ReleaseFreeMemory
info|2022-09-11 15:04:38.725746|[g:1][SYNC][id:15b8b0ac...]DownloadingBlockQueue: clearQueue and ReleaseFreeMemory
info|2022-09-11 15:04:38.926033|[g:1][SYNC][id:15b8b0ac...]DownloadingBlockQueue: clearQueue and ReleaseFreeMemory
info|2022-09-11 15:04:38.061394|[g:1][SYNC][id:15b8b0ac...]DownloadingBlockQueue: clearQueue and ReleaseFreeMemory
info|2022-09-11 15:04:38.261654|[g:1][SYNC][id:15b8b0ac...]DownloadingBlockQueue: clearQueue and ReleaseFreeMemory
info|2022-09-11 15:04:38.461988|[g:1][SYNC][id:15b8b0ac...]DownloadingBlockQueue: clearQueue and ReleaseFreeMemory
info|2022-09-11 15:04:45.954443|[g:1][SYNC][id:15b8b0ac...]DownloadingBlockQueue: clearQueue and ReleaseFreeMemory
info|2022-09-11 15:04:45.955301|[P2P][Service] heartBeat,connected count=2
info|2022-09-11 15:04:46.600031|[g:1][SYNC][id:15b8b0ac...]DownloadingBlockQueue: clearQueue and ReleaseFreeMemory
info|2022-09-11 15:04:47.229360|[g:1][SYNC][id:15b8b0ac...]DownloadingBlockQueue: clearQueue and ReleaseFreeMemory
info|2022-09-11 15:04:47.476461|[g:1][SYNC][id:15b8b0ac...]DownloadingBlockQueue: clearQueue and ReleaseFreeMemory
info|2022-09-11 15:04:47.676597|[g:1][SYNC][id:15b8b0ac...]DownloadingBlockQueue: clearQueue and ReleaseFreeMemory
info|2022-09-11 15:04:47.877379|[g:1][SYNC][id:15b8b0ac...]DownloadingBlockQueue: clearQueue and ReleaseFreeMemory
info|2022-09-11 15:04:48.082441|[g:1][SYNC][id:15b8b0ac...]DownloadingBlockQueue: clearQueue and ReleaseFreeMemory
info|2022-09-11 15:04:48.282535|[g:1][SYNC][id:15b8b0ac...]DownloadingBlockQueue: clearQueue and ReleaseFreeMemory
info|2022-09-11 15:04:48.482650|[g:1][SYNC][id:15b8b0ac...]DownloadingBlockQueue: clearQueue and ReleaseFreeMemory
info|2022-09-11 15:04:48.685043|[g:1][SYNC][id:15b8b0ac...]DownloadingBlockQueue: clearQueue and ReleaseFreeMemory
info|2022-09-11 15:04:48.883936|[g:1][SYNC][id:15b8b0ac...]DownloadingBlockQueue: clearQueue and ReleaseFreeMemory
info|2022-09-11 15:04:49.084103|[g:1][SYNC][id:15b8b0ac...]DownloadingBlockQueue: clearQueue and ReleaseFreeMemory
info|2022-09-11 15:04:49.284937|[g:1][SYNC][id:15b8b0ac...]DownloadingBlockQueue: clearQueue and ReleaseFreeMemory
info|2022-09-11 15:04:49.485567|[g:1][SYNC][id:15b8b0ac...]DownloadingBlockQueue: clearQueue and ReleaseFreeMemory
info|2022-09-11 15:04:49.738736|[g:1][SYNC][id:15b8b0ac...]DownloadingBlockQueue: clearQueue and ReleaseFreeMemory
info|2022-09-11 15:04:49.939507|[g:1][SYNC][id:15b8b0ac...]DownloadingBlockQueue: clearQueue and ReleaseFreeMemory
info|2022-09-11 15:04:50.139947|[g:1][SYNC][id:15b8b0ac...]DownloadingBlockQueue: clearQueue and ReleaseFreeMemory
info|2022-09-11 15:04:50.340603|[g:1][SYNC][id:15b8b0ac...]DownloadingBlockQueue: clearQueue and ReleaseFreeMemory
info|2022-09-11 15:04:50.541081|[g:1][SYNC][id:15b8b0ac...]DownloadingBlockQueue: clearQueue and ReleaseFreeMemory
info|2022-09-11 15:04:50.741573|[g:1][SYNC][id:15b8b0ac...]DownloadingBlockQueue: clearQueue and ReleaseFreeMemory
info|2022-09-11 15:04:50.942632|[g:1][SYNC][id:15b8b0ac...]DownloadingBlockQueue: clearQueue and ReleaseFreeMemory
info|2022-09-11 15:04:51.143144|[g:1][SYNC][id:15b8b0ac...]DownloadingBlockQueue: clearQueue and ReleaseFreeMemory
info|2022-09-11 15:04:51.344147|[g:1][SYNC][id:15b8b0ac...]DownloadingBlockQueue: clearQueue and ReleaseFreeMemory
info|2022-09-11 15:04:51.545126|[g:1][SYNC][id:15b8b0ac...]DownloadingBlockQueue: clearQueue and ReleaseFreeMemory
info|2022-09-11 15:04:51.750054|[g:1][SYNC][id:15b8b0ac...]DownloadingBlockQueue: clearQueue and ReleaseFreeMemory
info|2022-09-11 15:04:51.951948|[g:1][SYNC][id:15b8b0ac...]DownloadingBlockQueue: clearQueue and ReleaseFreeMemory
info|2022-09-11 15:04:52.154501|[g:1][SYNC][id:15b8b0ac...]DownloadingBlockQueue: clearQueue and ReleaseFreeMemory
info|2022-09-11 15:04:52.355886|[g:1][SYNC][id:15b8b0ac...]DownloadingBlockQueue: clearQueue and ReleaseFreeMemory
info|2022-09-11 15:04:52.556132|[g:1][SYNC][id:15b8b0ac...]DownloadingBlockQueue: clearQueue and ReleaseFreeMemory
info|2022-09-11 15:04:52.756898|[g:1][SYNC][id:15b8b0ac...]DownloadingBlockQueue: clearQueue and ReleaseFreeMemory
info|2022-09-11 15:04:52.973031|[g:1][SYNC][id:15b8b0ac...]DownloadingBlockQueue: clearQueue and ReleaseFreeMemory
info|2022-09-11 15:04:53.174088|[g:1][SYNC][id:15b8b0ac...]DownloadingBlockQueue: clearQueue and ReleaseFreeMemory
info|2022-09-11 15:04:53.374742|[g:1][SYNC][id:15b8b0ac...]DownloadingBlockQueue: clearQueue and ReleaseFreeMemory
info|2022-09-11 15:04:53.574984|[g:1][SYNC][id:15b8b0ac...]DownloadingBlockQueue: clearQueue and ReleaseFreeMemory
info|2022-09-11 15:04:53.775360|[g:1][SYNC][id:15b8b0ac...]DownloadingBlockQueue: clearQueue and ReleaseFreeMemory
info|2022-09-11 15:04:53.989650|[g:1][SYNC][id:15b8b0ac...]DownloadingBlockQueue: clearQueue and ReleaseFreeMemory
info|2022-09-11 15:04:54.214597|[g:1][SYNC][id:15b8b0ac...]DownloadingBlockQueue: clearQueue and ReleaseFreeMemory
info|2022-09-11 15:04:54.415899|[g:1][SYNC][id:15b8b0ac...]DownloadingBlockQueue: clearQueue and ReleaseFreeMemory
info|2022-09-11 15:04:54.618362|[g:1][SYNC][id:15b8b0ac...]DownloadingBlockQueue: clearQueue and ReleaseFreeMemory
info|2022-09-11 15:04:54.818877|[g:1][SYNC][id:15b8b0ac...]DownloadingBlockQueue: clearQueue and ReleaseFreeMemory
info|2022-09-11 15:04:55.019486|[g:1][SYNC][id:15b8b0ac...]DownloadingBlockQueue: clearQueue and ReleaseFreeMemory
info|2022-09-11 15:04:55.220108|[g:1][SYNC][id:15b8b0ac...]DownloadingBlockQueue: clearQueue and ReleaseFreeMemory
info|2022-09-11 15:04:55.420022|[g:1][SYNC][id:15b8b0ac...]DownloadingBlockQueue: clearQueue and ReleaseFreeMemory
info|2022-09-11 15:04:55.620269|[g:1][SYNC][id:15b8b0ac...]DownloadingBlockQueue: clearQueue and ReleaseFreeMemory
info|2022-09-11 15:04:55.820632|[g:1][SYNC][id:15b8b0ac...]DownloadingBlockQueue: clearQueue and ReleaseFreeMemory
info|2022-09-11 15:04:55.957139|[P2P][Service] heartBeat,connected count=2
info|2022-09-11 15:04:56.022202|[g:1][SYNC][id:15b8b0ac...]DownloadingBlockQueue: clearQueue and ReleaseFreeMemory
info|2022-09-11 15:04:56.230445|[g:1][SYNC][id:15b8b0ac...]DownloadingBlockQueue: clearQueue and ReleaseFreeMemory
info|2022-09-11 15:04:56.433011|[g:1][SYNC][id:15b8b0ac...]DownloadingBlockQueue: clearQueue and ReleaseFreeMemory
info|2022-09-11 15:04:56.633591|[g:1][SYNC][id:15b8b0ac...]DownloadingBlockQueue: clearQueue and ReleaseFreeMemory
info|2022-09-11 15:04:56.845508|[g:1][SYNC][id:15b8b0ac...]DownloadingBlockQueue: clearQueue and ReleaseFreeMemory
info|2022-09-11 15:04:57.047639|[g:1][SYNC][id:15b8b0ac...]DownloadingBlockQueue: clearQueue and ReleaseFreeMemory
info|2022-09-11 15:04:57.248115|[g:1][SYNC][id:15b8b0ac...]DownloadingBlockQueue: clearQueue and ReleaseFreeMemory
info|2022-09-11 15:04:57.467137|[g:1][SYNC][id:15b8b0ac...]DownloadingBlockQueue: clearQueue and ReleaseFreeMemory
info|2022-09-11 15:04:57.659804|[g:1][SYNC][id:15b8b0ac...]DownloadingBlockQueue: clearQueue and ReleaseFreeMemory
info|2022-09-11 15:04:57.860374|[g:1][SYNC][id:15b8b0ac...]DownloadingBlockQueue: clearQueue and ReleaseFreeMemory
info|2022-09-11 15:04:58.060347|[g:1][SYNC][id:15b8b0ac...]DownloadingBlockQueue: clearQueue and ReleaseFreeMemory
info|2022-09-11 15:04:58.261214|[g:1][SYNC][id:15b8b0ac...]DownloadingBlockQueue: clearQueue and ReleaseFreeMemory
info|2022-09-11 15:04:58.462996|[g:1][SYNC][id:15b8b0ac...]DownloadingBlockQueue: clearQueue and ReleaseFreeMemory
info|2022-09-11 15:04:58.663501|[g:1][SYNC][id:15b8b0ac...]DownloadingBlockQueue: clearQueue and ReleaseFreeMemory
info|2022-09-11 15:04:58.864200|[g:1][SYNC][id:15b8b0ac...]DownloadingBlockQueue: clearQueue and ReleaseFreeMemory
info|2022-09-11 15:04:59.064622|[g:1][SYNC][id:15b8b0ac...]DownloadingBlockQueue: clearQueue and ReleaseFreeMemory
info|2022-09-11 15:04:59.265182|[g:1][SYNC][id:15b8b0ac...]DownloadingBlockQueue: clearQueue and ReleaseFreeMemory
info|2022-09-11 15:04:59.293798|[g:1][CONSENSUS][PBFT]Trigger fast-viewchange,view=5600,toView=5607,minView=5608,INFO=,reqNum=0,curNum=0,GenIdx=2,Cview=5608,view=5600,fromIdx=2,fromNode=e32feb67...,fromIp=172.25.0.4:57984,hash=78a38d4f...,nodeIdx=0,myNode=15b8b0ac...
info|2022-09-11 15:04:59.294197|[g:1][SYNC][id:15b8b0ac...]DownloadingBlockQueue: clearQueue and ReleaseFreeMemory
info|2022-09-11 15:04:59.298690|[g:1][CONSENSUS][PBFT]checkTimeout Succ,view=5600,toView=5608,nodeIdx=0,changeCycle=9,myNode=15b8b0ac...,timecost=5
info|2022-09-11 15:04:59.302565|[g:1][SYNC][id:15b8b0ac...]DownloadingBlockQueue: clearQueue and ReleaseFreeMemory
info|2022-09-11 15:04:59.306087|[g:1][CONSENSUS][PBFT]checkAndChangeView: Reach consensus,org_view=5600,cur_changeCycle=9,curView=5600,view=5608
info|2022-09-11 15:04:59.306495|[g:1][SYNC][id:15b8b0ac...]DownloadingBlockQueue: clearQueue and ReleaseFreeMemory
info|2022-09-11 15:04:59.507060|[g:1][SYNC][id:15b8b0ac...]DownloadingBlockQueue: clearQueue and ReleaseFreeMemory
info|2022-09-11 15:04:59.707615|[g:1][SYNC][id:15b8b0ac...]DownloadingBlockQueue: clearQueue and ReleaseFreeMemory
info|2022-09-11 15:04:59.907962|[g:1][SYNC][id:15b8b0ac...]DownloadingBlockQueue: clearQueue and ReleaseFreeMemory
info|2022-09-11 15:05:00.109981|[g:1][SYNC][id:15b8b0ac...]DownloadingBlockQueue: clearQueue and ReleaseFreeMemory
info|2022-09-11 15:05:00.310194|[g:1][SYNC][id:15b8b0ac...]DownloadingBlockQueue: clearQueue and ReleaseFreeMemory
info|2022-09-11 15:05:00.310828|[g:1][CONSENSUS][PBFT]Trigger fast-viewchange,view=5608,toView=5608,minView=5609,INFO=,reqNum=0,curNum=0,GenIdx=1,Cview=5609,view=5608,fromIdx=1,fromNode=59b384e6...,fromIp=172.25.0.3:38140,hash=78a38d4f...,nodeIdx=0,myNode=15b8b0ac...
info|2022-09-11 15:05:00.311287|[g:1][SYNC][id:15b8b0ac...]DownloadingBlockQueue: clearQueue and ReleaseFreeMemory
info|2022-09-11 15:05:00.312063|[g:1][CONSENSUS][PBFT]checkTimeout Succ,view=5608,toView=5609,nodeIdx=0,changeCycle=10,myNode=15b8b0ac...,timecost=2
info|2022-09-11 15:05:00.312931|[g:1][SYNC][id:15b8b0ac...]DownloadingBlockQueue: clearQueue and ReleaseFreeMemory
info|2022-09-11 15:05:00.319245|[g:1][CONSENSUS][PBFT]checkAndChangeView: Reach consensus,org_view=5608,cur_changeCycle=10,curView=5608,view=5609
info|2022-09-11 15:05:00.319590|[g:1][SYNC][id:15b8b0ac...]DownloadingBlockQueue: clearQueue and ReleaseFreeMemory
info|2022-09-11 15:05:00.521071|[g:1][SYNC][id:15b8b0ac...]DownloadingBlockQueue: clearQueue and ReleaseFreeMemory
info|2022-09-11 15:05:00.720491|[g:1][SYNC][id:15b8b0ac...]DownloadingBlockQueue: clearQueue and ReleaseFreeMemory
info|2022-09-11 15:05:00.920842|[g:1][SYNC][id:15b8b0ac...]DownloadingBlockQueue: clearQueue and ReleaseFreeMemory
info|2022-09-11 15:05:01.121257|[g:1][SYNC][id:15b8b0ac...]DownloadingBlockQueue: clearQueue and ReleaseFreeMemory
info|2022-09-11 15:05:01.321668|[g:1][SYNC][id:15b8b0ac...]DownloadingBlockQueue: clearQueue and ReleaseFreeMemory
info|2022-09-11 15:05:01.332240|[g:1][CONSENSUS][PBFT]Trigger fast-viewchange,view=5609,toView=5609,minView=5610,INFO=,reqNum=0,curNum=0,GenIdx=2,Cview=5610,view=5609,fromIdx=2,fromNode=e32feb67...,fromIp=172.25.0.4:57984,hash=78a38d4f...,nodeIdx=0,myNode=15b8b0ac...
info|2022-09-11 15:05:01.334700|[g:1][SYNC][id:15b8b0ac...]DownloadingBlockQueue: clearQueue and ReleaseFreeMemory
info|2022-09-11 15:05:01.337868|[g:1][CONSENSUS][PBFT]checkTimeout Succ,view=5609,toView=5610,nodeIdx=0,changeCycle=11,myNode=15b8b0ac...,timecost=3
info|2022-09-11 15:05:01.340305|[g:1][SYNC][id:15b8b0ac...]DownloadingBlockQueue: clearQueue and ReleaseFreeMemory
info|2022-09-11 15:05:01.343678|[g:1][CONSENSUS][PBFT]checkAndChangeView: Reach consensus,org_view=5609,cur_changeCycle=11,curView=5609,view=5610
info|2022-09-11 15:05:01.345127|[g:1][SYNC][id:15b8b0ac...]DownloadingBlockQueue: clearQueue and ReleaseFreeMemory
info|2022-09-11 15:05:01.545632|[g:1][SYNC][id:15b8b0ac...]DownloadingBlockQueue: clearQueue and ReleaseFreeMemory
info|2022-09-11 15:05:01.749041|[g:1][SYNC][id:15b8b0ac...]DownloadingBlockQueue: clearQueue and ReleaseFreeMemory
info|2022-09-11 15:05:01.948017|[g:1][SYNC][id:15b8b0ac...]DownloadingBlockQueue: clearQueue and ReleaseFreeMemory
info|2022-09-11 15:05:02.149205|[g:1][SYNC][id:15b8b0ac...]DownloadingBlockQueue: clearQueue and ReleaseFreeMemory
info|2022-09-11 15:05:02.348153|[g:1][CONSENSUS][SEALER]++++++++++++++++ Generating seal on,blkNum=1,tx=0,nodeIdx=0,hash=2ec36558...
info|2022-09-11 15:05:02.350936|[g:1][SYNC][id:15b8b0ac...]DownloadingBlockQueue: clearQueue and ReleaseFreeMemory
info|2022-09-11 15:05:02.433825|[g:1][CONSENSUS][PBFT]checkTimeout Succ,view=5610,toView=5611,nodeIdx=0,changeCycle=1,myNode=15b8b0ac...,timecost=0
info|2022-09-11 15:05:02.464887|[g:1][SYNC][id:15b8b0ac...]DownloadingBlockQueue: clearQueue and ReleaseFreeMemory
info|2022-09-11 15:05:02.471264|[g:1][CONSENSUS][PBFT]checkAndChangeView: Reach consensus,org_view=5610,cur_changeCycle=1,curView=5610,view=5611
info|2022-09-11 15:05:02.472286|[g:1][SYNC][id:15b8b0ac...]DownloadingBlockQueue: clearQueue and ReleaseFreeMemory
info|2022-09-11 15:05:02.677381|[g:1][SYNC][id:15b8b0ac...]DownloadingBlockQueue: clearQueue and ReleaseFreeMemory
info|2022-09-11 15:05:02.878055|[g:1][SYNC][id:15b8b0ac...]DownloadingBlockQueue: clearQueue and ReleaseFreeMemory
info|2022-09-11 15:05:03.083148|[g:1][SYNC][id:15b8b0ac...]DownloadingBlockQueue: clearQueue and ReleaseFreeMemory
info|2022-09-11 15:05:03.288836|[g:1][SYNC][id:15b8b0ac...]DownloadingBlockQueue: clearQueue and ReleaseFreeMemory
info|2022-09-11 15:05:03.487304|[g:1][SYNC][id:15b8b0ac...]DownloadingBlockQueue: clearQueue and ReleaseFreeMemory
info|2022-09-11 15:05:03.498849|[g:1][CONSENSUS]addRawPrepare,height=1,reqIdx=1,hash=36377b11...,time=0
info|2022-09-11 15:05:03.504119|[g:1][SYNC][id:15b8b0ac...]DownloadingBlockQueue: clearQueue and ReleaseFreeMemory
info|2022-09-11 15:05:03.509281|[g:1][CONSENSUS][PBFT]checkTimeout Succ,view=5611,toView=5612,nodeIdx=0,changeCycle=1,myNode=15b8b0ac...,timecost=10
info|2022-09-11 15:05:03.509568|[g:1][SYNC][id:15b8b0ac...]DownloadingBlockQueue: clearQueue and ReleaseFreeMemory
info|2022-09-11 15:05:03.515236|[g:1][CONSENSUS][PBFT]checkAndChangeView: Reach consensus,org_view=5611,cur_changeCycle=1,curView=5611,view=5612
info|2022-09-11 15:05:03.515449|[g:1][SYNC][id:15b8b0ac...]DownloadingBlockQueue: clearQueue and ReleaseFreeMemory
info|2022-09-11 15:05:03.715768|[g:1][SYNC][id:15b8b0ac...]DownloadingBlockQueue: clearQueue and ReleaseFreeMemory
info|2022-09-11 15:05:03.916417|[g:1][SYNC][id:15b8b0ac...]DownloadingBlockQueue: clearQueue and ReleaseFreeMemory
info|2022-09-11 15:05:04.116822|[g:1][SYNC][id:15b8b0ac...]DownloadingBlockQueue: clearQueue and ReleaseFreeMemory
info|2022-09-11 15:05:04.317502|[g:1][SYNC][id:15b8b0ac...]DownloadingBlockQueue: clearQueue and ReleaseFreeMemory
info|2022-09-11 15:05:04.517778|[g:1][SYNC][id:15b8b0ac...]DownloadingBlockQueue: clearQueue and ReleaseFreeMemory
info|2022-09-11 15:05:04.520703|[g:1][CONSENSUS]addRawPrepare,height=1,reqIdx=2,hash=77bd14fe...,time=0
info|2022-09-11 15:05:04.521276|[g:1][CONSENSUS][PBFT]checkTimeout Succ,view=5612,toView=5613,nodeIdx=0,changeCycle=1,myNode=15b8b0ac...,timecost=1
info|2022-09-11 15:05:04.522471|[g:1][SYNC][id:15b8b0ac...]DownloadingBlockQueue: clearQueue and ReleaseFreeMemory
info|2022-09-11 15:05:04.523061|[g:1][CONSENSUS][PBFT]checkAndChangeView: Reach consensus,org_view=5612,cur_changeCycle=1,curView=5612,view=5613
info|2022-09-11 15:05:04.523280|[g:1][SYNC][id:15b8b0ac...]DownloadingBlockQueue: clearQueue and ReleaseFreeMemory
info|2022-09-11 15:05:04.723591|[g:1][SYNC][id:15b8b0ac...]DownloadingBlockQueue: clearQueue and ReleaseFreeMemory
info|2022-09-11 15:05:04.931781|[g:1][SYNC][id:15b8b0ac...]DownloadingBlockQueue: clearQueue and ReleaseFreeMemory
info|2022-09-11 15:05:05.491907|[g:1][SYNC][id:15b8b0ac...]DownloadingBlockQueue: clearQueue and ReleaseFreeMemory
info|2022-09-11 15:05:05.608689|[g:1][CONSENSUS][SEALER]++++++++++++++++ Generating seal on,blkNum=1,tx=0,nodeIdx=0,hash=71e8de3a...
info|2022-09-11 15:05:05.610159|[g:1][SYNC][id:15b8b0ac...]DownloadingBlockQueue: clearQueue and ReleaseFreeMemory
info|2022-09-11 15:05:05.709858|[g:1][CONSENSUS][PBFT]checkTimeout Succ,view=5613,toView=5614,nodeIdx=0,changeCycle=1,myNode=15b8b0ac...,timecost=81
info|2022-09-11 15:05:05.710162|[g:1][SYNC][id:15b8b0ac...]DownloadingBlockQueue: clearQueue and ReleaseFreeMemory
info|2022-09-11 15:05:05.760173|[g:1][CONSENSUS][PBFT]checkAndChangeView: Reach consensus,org_view=5613,cur_changeCycle=1,curView=5613,view=5614
info|2022-09-11 15:05:05.760295|[g:1][SYNC][id:15b8b0ac...]DownloadingBlockQueue: clearQueue and ReleaseFreeMemory
info|2022-09-11 15:05:05.970101|[P2P][Service] heartBeat,connected count=2
info|2022-09-11 15:05:05.988691|[g:1][SYNC][id:15b8b0ac...]DownloadingBlockQueue: clearQueue and ReleaseFreeMemory
info|2022-09-11 15:05:06.189557|[g:1][SYNC][id:15b8b0ac...]DownloadingBlockQueue: clearQueue and ReleaseFreeMemory
info|2022-09-11 15:05:06.390609|[g:1][SYNC][id:15b8b0ac...]DownloadingBlockQueue: clearQueue and ReleaseFreeMemory
info|2022-09-11 15:05:06.591662|[g:1][SYNC][id:15b8b0ac...]DownloadingBlockQueue: clearQueue and ReleaseFreeMemory
info|2022-09-11 15:05:06.775272|[g:1][CONSENSUS]addRawPrepare,height=1,reqIdx=1,hash=d2d4be9b...,time=0
info|2022-09-11 15:05:06.775855|[g:1][SYNC][id:15b8b0ac...]DownloadingBlockQueue: clearQueue and ReleaseFreeMemory
info|2022-09-11 15:05:06.777397|[g:1][CONSENSUS][PBFT]checkTimeout Succ,view=5614,toView=5615,nodeIdx=0,changeCycle=1,myNode=15b8b0ac...,timecost=2
info|2022-09-11 15:05:06.781287|[g:1][SYNC][id:15b8b0ac...]DownloadingBlockQueue: clearQueue and ReleaseFreeMemory
info|2022-09-11 15:05:06.786076|[g:1][CONSENSUS][PBFT]checkAndChangeView: Reach consensus,org_view=5614,cur_changeCycle=1,curView=5614,view=5615
info|2022-09-11 15:05:06.791576|[g:1][SYNC][id:15b8b0ac...]DownloadingBlockQueue: clearQueue and ReleaseFreeMemory
info|2022-09-11 15:05:06.991591|[g:1][SYNC][id:15b8b0ac...]DownloadingBlockQueue: clearQueue and ReleaseFreeMemory
info|2022-09-11 15:05:07.191950|[g:1][SYNC][id:15b8b0ac...]DownloadingBlockQueue: clearQueue and ReleaseFreeMemory
info|2022-09-11 15:05:07.393397|[g:1][SYNC][id:15b8b0ac...]DownloadingBlockQueue: clearQueue and ReleaseFreeMemory
info|2022-09-11 15:05:07.593662|[g:1][SYNC][id:15b8b0ac...]DownloadingBlockQueue: clearQueue and ReleaseFreeMemory
info|2022-09-11 15:05:07.799099|[g:1][CONSENSUS]addRawPrepare,height=1,reqIdx=2,hash=e0863b14...,time=0
info|2022-09-11 15:05:07.799783|[g:1][CONSENSUS][PBFT]checkTimeout Succ,view=5615,toView=5616,nodeIdx=0,changeCycle=1,myNode=15b8b0ac...,timecost=0
info|2022-09-11 15:05:07.810311|[g:1][SYNC][id:15b8b0ac...]DownloadingBlockQueue: clearQueue and ReleaseFreeMemory
info|2022-09-11 15:05:07.810396|[g:1][SYNC][id:15b8b0ac...]DownloadingBlockQueue: clearQueue and ReleaseFreeMemory
info|2022-09-11 15:05:07.818606|[g:1][SYNC][id:15b8b0ac...]DownloadingBlockQueue: clearQueue and ReleaseFreeMemory
info|2022-09-11 15:05:07.821098|[g:1][CONSENSUS][PBFT]checkAndChangeView: Reach consensus,org_view=5615,cur_changeCycle=1,curView=5615,view=5616
info|2022-09-11 15:05:07.821981|[g:1][SYNC][id:15b8b0ac...]DownloadingBlockQueue: clearQueue and ReleaseFreeMemory
info|2022-09-11 15:05:08.029458|[g:1][SYNC][id:15b8b0ac...]DownloadingBlockQueue: clearQueue and ReleaseFreeMemory
