info|2022-09-10 22:02:26.548398|[g:1][CONSENSUS][SEALER]++++++++++++++++ Generating seal on,blkNum=1,tx=0,nodeIdx=2,hash=6ce2a4c6...
info|2022-09-10 22:02:26.548741|[g:1][SYNC][id:e32feb67...]DownloadingBlockQueue: clearQueue and ReleaseFreeMemory
info|2022-09-10 22:02:26.614711|[P2P][Service] heartBeat,connected count=2
error|2022-09-10 22:02:26.614730|[NETWORK][Session]Idle connection, disconnect ,endpoint=172.25.0.2:52884
info|2022-09-10 22:02:26.614737|[NETWORK][Session]drop, call and erase all callbackFunc in this session!,endpoint=172.25.0.2:52884
warning|2022-09-10 22:02:26.614806|[NETWORK][Session][drop] closing remote 0.0.0.0:0,reason=(Idle connection for no network io happens during 5s time intervals.),endpoint=172.25.0.2:52884
error|2022-09-10 22:02:26.614847|[NETWORK][Session]Idle connection, disconnect ,endpoint=172.25.0.3:48618
info|2022-09-10 22:02:26.614853|[NETWORK][Session]drop, call and erase all callbackFunc in this session!,endpoint=172.25.0.3:48618
warning|2022-09-10 22:02:26.614864|[NETWORK][Session][drop] closing remote 0.0.0.0:0,reason=(Idle connection for no network io happens during 5s time intervals.),endpoint=172.25.0.3:48618
warning|2022-09-10 22:02:26.614891|[NETWORK][Session]doRead error,endpoint=172.25.0.2:52884,message=short read
warning|2022-09-10 22:02:26.614900|[NETWORK][Session]doRead error,endpoint=172.25.0.3:48618,message=short read
error|2022-09-10 22:02:26.614905|[NETWORK][Session]Session inactived
error|2022-09-10 22:02:26.614909|[NETWORK][Session]Session inactived
error|2022-09-10 22:02:26.614913|[NETWORK][Session]Session inactived
error|2022-09-10 22:02:26.614917|[NETWORK][Session]Session inactived
warning|2022-09-10 22:02:26.614926|[NETWORK][Session][drop] shutdown failed ,errorValue=9,message=Bad file descriptor
warning|2022-09-10 22:02:26.614935|[NETWORK][Session][drop] shutdown failed ,errorValue=9,message=Bad file descriptor
warning|2022-09-10 22:02:26.614949|[P2P][Service] disconnect error P2PSession,nodeID=15b8b0ac...,endpoint=172.25.0.2:52884,errorCode=3,what=Disconnect
warning|2022-09-10 22:02:26.614958|[P2P][Service] onDisconnect,errorCode=3,what=Dynamic exception type: dev::network::NetworkException
std::exception::what: Disconnect

warning|2022-09-10 22:02:26.614970|[P2P][Service] disconnect error P2PSession,nodeID=59b384e6...,endpoint=172.25.0.3:48618,errorCode=3,what=Disconnect
warning|2022-09-10 22:02:26.614975|[P2P][Service] onDisconnect,errorCode=3,what=Dynamic exception type: dev::network::NetworkException
std::exception::what: Disconnect

info|2022-09-10 22:02:26.615217|[g:1][SYNC][id:e32feb67...]DownloadingBlockQueue: clearQueue and ReleaseFreeMemory
info|2022-09-10 22:02:26.615971|[g:1][CONSENSUS][PBFT]checkTimeout Succ,view=5600,toView=5601,nodeIdx=2,changeCycle=1,myNode=e32feb67...,timecost=0
info|2022-09-10 22:02:26.633536|[g:1][SYNC][id:e32feb67...]DownloadingBlockQueue: clearQueue and ReleaseFreeMemory
info|2022-09-10 22:02:01.354836|[g:1][SYNC][id:e32feb67...]DownloadingBlockQueue: clearQueue and ReleaseFreeMemory
info|2022-09-10 22:02:01.557302|[g:1][SYNC][id:e32feb67...]DownloadingBlockQueue: clearQueue and ReleaseFreeMemory
info|2022-09-10 22:02:01.756718|[g:1][SYNC][id:e32feb67...]DownloadingBlockQueue: clearQueue and ReleaseFreeMemory
info|2022-09-10 22:02:01.956965|[g:1][SYNC][id:e32feb67...]DownloadingBlockQueue: clearQueue and ReleaseFreeMemory
info|2022-09-10 22:02:02.157351|[g:1][SYNC][id:e32feb67...]DownloadingBlockQueue: clearQueue and ReleaseFreeMemory
info|2022-09-10 22:02:02.360629|[g:1][SYNC][id:e32feb67...]DownloadingBlockQueue: clearQueue and ReleaseFreeMemory
info|2022-09-10 22:02:02.635426|[g:1][SYNC][id:e32feb67...]DownloadingBlockQueue: clearQueue and ReleaseFreeMemory
info|2022-09-10 22:02:02.836192|[g:1][SYNC][id:e32feb67...]DownloadingBlockQueue: clearQueue and ReleaseFreeMemory
info|2022-09-10 22:02:03.036718|[g:1][SYNC][id:e32feb67...]DownloadingBlockQueue: clearQueue and ReleaseFreeMemory
info|2022-09-10 22:02:03.236791|[g:1][SYNC][id:e32feb67...]DownloadingBlockQueue: clearQueue and ReleaseFreeMemory
info|2022-09-10 22:02:03.437496|[g:1][SYNC][id:e32feb67...]DownloadingBlockQueue: clearQueue and ReleaseFreeMemory
info|2022-09-10 22:02:03.637924|[g:1][SYNC][id:e32feb67...]DownloadingBlockQueue: clearQueue and ReleaseFreeMemory
info|2022-09-10 22:02:03.838417|[g:1][SYNC][id:e32feb67...]DownloadingBlockQueue: clearQueue and ReleaseFreeMemory
info|2022-09-10 22:02:04.038730|[g:1][SYNC][id:e32feb67...]DownloadingBlockQueue: clearQueue and ReleaseFreeMemory
info|2022-09-10 22:02:04.239172|[g:1][SYNC][id:e32feb67...]DownloadingBlockQueue: clearQueue and ReleaseFreeMemory
info|2022-09-10 22:02:04.439869|[g:1][SYNC][id:e32feb67...]DownloadingBlockQueue: clearQueue and ReleaseFreeMemory
info|2022-09-10 22:02:04.640541|[g:1][SYNC][id:e32feb67...]DownloadingBlockQueue: clearQueue and ReleaseFreeMemory
info|2022-09-10 22:02:04.841012|[g:1][SYNC][id:e32feb67...]DownloadingBlockQueue: clearQueue and ReleaseFreeMemory
info|2022-09-10 22:02:05.041356|[g:1][SYNC][id:e32feb67...]DownloadingBlockQueue: clearQueue and ReleaseFreeMemory
info|2022-09-10 22:02:05.241632|[g:1][SYNC][id:e32feb67...]DownloadingBlockQueue: clearQueue and ReleaseFreeMemory
info|2022-09-10 22:02:05.467685|[g:1][SYNC][id:e32feb67...]DownloadingBlockQueue: clearQueue and ReleaseFreeMemory
info|2022-09-10 22:02:05.631478|[g:1][SYNC][id:e32feb67...]DownloadingBlockQueue: clearQueue and ReleaseFreeMemory
warning|2022-09-10 22:02:05.631716|[g:1][CONSENSUS][PBFT]ViewChangeWarning: not caused by omit empty block ,v=5600,toV=5602,curNum=0,hash=78a38d4f...,nodeIdx=2,myNode=e32feb67...
warning|2022-09-10 22:02:05.631740|[g:1][CONSENSUS][PBFT]Find disconnectedNode,disconnectedNodeSize=2,sessionSize=0,minValidNodes=3,connectedNodeList=,disconnectedNode=15b8b0ac..., 59b384e6..., ,idx=2
info|2022-09-10 22:02:05.631773|[g:1][CONSENSUS][PBFT]checkTimeout Succ,view=5600,toView=5602,nodeIdx=2,changeCycle=2,myNode=e32feb67...,timecost=0
info|2022-09-10 22:02:05.632149|[g:1][SYNC][id:e32feb67...]DownloadingBlockQueue: clearQueue and ReleaseFreeMemory
info|2022-09-10 22:02:05.832433|[g:1][SYNC][id:e32feb67...]DownloadingBlockQueue: clearQueue and ReleaseFreeMemory
info|2022-09-10 22:02:06.034307|[g:1][SYNC][id:e32feb67...]DownloadingBlockQueue: clearQueue and ReleaseFreeMemory
info|2022-09-10 22:02:06.234771|[g:1][SYNC][id:e32feb67...]DownloadingBlockQueue: clearQueue and ReleaseFreeMemory
info|2022-09-10 22:02:06.457249|[g:1][SYNC][id:e32feb67...]DownloadingBlockQueue: clearQueue and ReleaseFreeMemory
info|2022-09-10 22:02:06.656476|[g:1][SYNC][id:e32feb67...]DownloadingBlockQueue: clearQueue and ReleaseFreeMemory
info|2022-09-10 22:02:06.857385|[g:1][SYNC][id:e32feb67...]DownloadingBlockQueue: clearQueue and ReleaseFreeMemory
info|2022-09-10 22:02:07.072600|[g:1][SYNC][id:e32feb67...]DownloadingBlockQueue: clearQueue and ReleaseFreeMemory
info|2022-09-10 22:02:07.275279|[g:1][SYNC][id:e32feb67...]DownloadingBlockQueue: clearQueue and ReleaseFreeMemory
info|2022-09-10 22:02:07.475782|[g:1][SYNC][id:e32feb67...]DownloadingBlockQueue: clearQueue and ReleaseFreeMemory
info|2022-09-10 22:02:07.676519|[g:1][SYNC][id:e32feb67...]DownloadingBlockQueue: clearQueue and ReleaseFreeMemory
info|2022-09-10 22:02:07.877968|[g:1][SYNC][id:e32feb67...]DownloadingBlockQueue: clearQueue and ReleaseFreeMemory
info|2022-09-10 22:02:08.080372|[g:1][SYNC][id:e32feb67...]DownloadingBlockQueue: clearQueue and ReleaseFreeMemory
info|2022-09-10 22:02:08.280799|[g:1][SYNC][id:e32feb67...]DownloadingBlockQueue: clearQueue and ReleaseFreeMemory
info|2022-09-10 22:02:08.481422|[g:1][SYNC][id:e32feb67...]DownloadingBlockQueue: clearQueue and ReleaseFreeMemory
info|2022-09-10 22:02:08.702248|[g:1][SYNC][id:e32feb67...]DownloadingBlockQueue: clearQueue and ReleaseFreeMemory
info|2022-09-10 22:02:08.902560|[g:1][SYNC][id:e32feb67...]DownloadingBlockQueue: clearQueue and ReleaseFreeMemory
info|2022-09-10 22:02:09.104204|[g:1][SYNC][id:e32feb67...]DownloadingBlockQueue: clearQueue and ReleaseFreeMemory
info|2022-09-10 22:02:09.304561|[g:1][SYNC][id:e32feb67...]DownloadingBlockQueue: clearQueue and ReleaseFreeMemory
info|2022-09-10 22:02:09.504931|[g:1][SYNC][id:e32feb67...]DownloadingBlockQueue: clearQueue and ReleaseFreeMemory
info|2022-09-10 22:02:09.705310|[g:1][SYNC][id:e32feb67...]DownloadingBlockQueue: clearQueue and ReleaseFreeMemory
info|2022-09-10 22:02:09.905760|[g:1][SYNC][id:e32feb67...]DownloadingBlockQueue: clearQueue and ReleaseFreeMemory
info|2022-09-10 22:02:10.106034|[g:1][SYNC][id:e32feb67...]DownloadingBlockQueue: clearQueue and ReleaseFreeMemory
info|2022-09-10 22:02:10.306859|[g:1][SYNC][id:e32feb67...]DownloadingBlockQueue: clearQueue and ReleaseFreeMemory
info|2022-09-10 22:02:10.508343|[g:1][SYNC][id:e32feb67...]DownloadingBlockQueue: clearQueue and ReleaseFreeMemory
info|2022-09-10 22:02:10.709974|[g:1][SYNC][id:e32feb67...]DownloadingBlockQueue: clearQueue and ReleaseFreeMemory
info|2022-09-10 22:02:10.910395|[g:1][SYNC][id:e32feb67...]DownloadingBlockQueue: clearQueue and ReleaseFreeMemory
info|2022-09-10 22:02:11.111293|[g:1][SYNC][id:e32feb67...]DownloadingBlockQueue: clearQueue and ReleaseFreeMemory
info|2022-09-10 22:02:11.311546|[g:1][SYNC][id:e32feb67...]DownloadingBlockQueue: clearQueue and ReleaseFreeMemory
info|2022-09-10 22:02:11.511876|[g:1][SYNC][id:e32feb67...]DownloadingBlockQueue: clearQueue and ReleaseFreeMemory
info|2022-09-10 22:02:11.712116|[g:1][SYNC][id:e32feb67...]DownloadingBlockQueue: clearQueue and ReleaseFreeMemory
info|2022-09-10 22:02:11.924249|[g:1][SYNC][id:e32feb67...]DownloadingBlockQueue: clearQueue and ReleaseFreeMemory
info|2022-09-10 22:02:12.125975|[g:1][SYNC][id:e32feb67...]DownloadingBlockQueue: clearQueue and ReleaseFreeMemory
info|2022-09-10 22:02:12.328735|[g:1][SYNC][id:e32feb67...]DownloadingBlockQueue: clearQueue and ReleaseFreeMemory
info|2022-09-10 22:02:12.384980|[g:1][SYNC][id:e32feb67...]DownloadingBlockQueue: clearQueue and ReleaseFreeMemory
warning|2022-09-10 22:02:12.385616|[g:1][CONSENSUS][PBFT]ViewChangeWarning: not caused by omit empty block ,v=5600,toV=5603,curNum=0,hash=78a38d4f...,nodeIdx=2,myNode=e32feb67...
warning|2022-09-10 22:02:12.385728|[g:1][CONSENSUS][PBFT]Find disconnectedNode,disconnectedNodeSize=2,sessionSize=0,minValidNodes=3,connectedNodeList=,disconnectedNode=15b8b0ac..., 59b384e6..., ,idx=2
info|2022-09-10 22:02:12.386018|[g:1][CONSENSUS][PBFT]checkTimeout Succ,view=5600,toView=5603,nodeIdx=2,changeCycle=3,myNode=e32feb67...,timecost=3
info|2022-09-10 22:02:12.388251|[g:1][SYNC][id:e32feb67...]DownloadingBlockQueue: clearQueue and ReleaseFreeMemory
info|2022-09-10 22:02:12.594021|[g:1][SYNC][id:e32feb67...]DownloadingBlockQueue: clearQueue and ReleaseFreeMemory
info|2022-09-10 22:02:12.802003|[g:1][SYNC][id:e32feb67...]DownloadingBlockQueue: clearQueue and ReleaseFreeMemory
info|2022-09-10 22:02:13.039540|[g:1][SYNC][id:e32feb67...]DownloadingBlockQueue: clearQueue and ReleaseFreeMemory
info|2022-09-10 22:02:13.251781|[g:1][SYNC][id:e32feb67...]DownloadingBlockQueue: clearQueue and ReleaseFreeMemory
info|2022-09-10 22:02:13.457637|[g:1][SYNC][id:e32feb67...]DownloadingBlockQueue: clearQueue and ReleaseFreeMemory
info|2022-09-10 22:02:13.692488|[g:1][SYNC][id:e32feb67...]DownloadingBlockQueue: clearQueue and ReleaseFreeMemory
info|2022-09-10 22:02:13.922179|[g:1][SYNC][id:e32feb67...]DownloadingBlockQueue: clearQueue and ReleaseFreeMemory
info|2022-09-10 22:02:14.176113|[g:1][SYNC][id:e32feb67...]DownloadingBlockQueue: clearQueue and ReleaseFreeMemory
info|2022-09-10 22:02:14.423982|[g:1][SYNC][id:e32feb67...]DownloadingBlockQueue: clearQueue and ReleaseFreeMemory
info|2022-09-10 22:02:14.587018|[g:1][SYNC][id:e32feb67...]DownloadingBlockQueue: clearQueue and ReleaseFreeMemory
info|2022-09-10 22:02:14.799882|[g:1][SYNC][id:e32feb67...]DownloadingBlockQueue: clearQueue and ReleaseFreeMemory
info|2022-09-10 22:02:15.163010|[g:1][SYNC][id:e32feb67...]DownloadingBlockQueue: clearQueue and ReleaseFreeMemory
info|2022-09-10 22:02:15.396548|[g:1][SYNC][id:e32feb67...]DownloadingBlockQueue: clearQueue and ReleaseFreeMemory
info|2022-09-10 22:02:15.616225|[g:1][SYNC][id:e32feb67...]DownloadingBlockQueue: clearQueue and ReleaseFreeMemory
info|2022-09-10 22:02:15.817686|[g:1][SYNC][id:e32feb67...]DownloadingBlockQueue: clearQueue and ReleaseFreeMemory
info|2022-09-10 22:02:16.030789|[g:1][SYNC][id:e32feb67...]DownloadingBlockQueue: clearQueue and ReleaseFreeMemory
info|2022-09-10 22:02:16.282809|[g:1][SYNC][id:e32feb67...]DownloadingBlockQueue: clearQueue and ReleaseFreeMemory
info|2022-09-10 22:02:16.485006|[g:1][SYNC][id:e32feb67...]DownloadingBlockQueue: clearQueue and ReleaseFreeMemory
info|2022-09-10 22:02:16.827384|[g:1][SYNC][id:e32feb67...]DownloadingBlockQueue: clearQueue and ReleaseFreeMemory
info|2022-09-10 22:02:17.108383|[g:1][SYNC][id:e32feb67...]DownloadingBlockQueue: clearQueue and ReleaseFreeMemory
info|2022-09-10 22:02:17.279387|[g:1][SYNC][id:e32feb67...]DownloadingBlockQueue: clearQueue and ReleaseFreeMemory
info|2022-09-10 22:02:17.481265|[g:1][SYNC][id:e32feb67...]DownloadingBlockQueue: clearQueue and ReleaseFreeMemory
info|2022-09-10 22:02:17.684157|[g:1][SYNC][id:e32feb67...]DownloadingBlockQueue: clearQueue and ReleaseFreeMemory
info|2022-09-10 22:02:17.968535|[g:1][SYNC][id:e32feb67...]DownloadingBlockQueue: clearQueue and ReleaseFreeMemory
info|2022-09-10 22:02:18.180876|[g:1][SYNC][id:e32feb67...]DownloadingBlockQueue: clearQueue and ReleaseFreeMemory
info|2022-09-10 22:02:18.444920|[g:1][SYNC][id:e32feb67...]DownloadingBlockQueue: clearQueue and ReleaseFreeMemory
info|2022-09-10 22:02:18.696465|[g:1][SYNC][id:e32feb67...]DownloadingBlockQueue: clearQueue and ReleaseFreeMemory
info|2022-09-10 22:02:18.897245|[g:1][SYNC][id:e32feb67...]DownloadingBlockQueue: clearQueue and ReleaseFreeMemory
info|2022-09-10 22:02:19.123113|[g:1][SYNC][id:e32feb67...]DownloadingBlockQueue: clearQueue and ReleaseFreeMemory
info|2022-09-10 22:02:19.335176|[g:1][SYNC][id:e32feb67...]DownloadingBlockQueue: clearQueue and ReleaseFreeMemory
info|2022-09-10 22:02:19.667561|[g:1][SYNC][id:e32feb67...]DownloadingBlockQueue: clearQueue and ReleaseFreeMemory
info|2022-09-10 22:02:19.916913|[g:1][SYNC][id:e32feb67...]DownloadingBlockQueue: clearQueue and ReleaseFreeMemory
info|2022-09-10 22:02:20.053229|[g:1][SYNC][id:e32feb67...]DownloadingBlockQueue: clearQueue and ReleaseFreeMemory
info|2022-09-10 22:02:20.247123|[g:1][SYNC][id:e32feb67...]DownloadingBlockQueue: clearQueue and ReleaseFreeMemory
info|2022-09-10 22:02:20.487413|[g:1][SYNC][id:e32feb67...]DownloadingBlockQueue: clearQueue and ReleaseFreeMemory
info|2022-09-10 22:02:20.677777|[g:1][SYNC][id:e32feb67...]DownloadingBlockQueue: clearQueue and ReleaseFreeMemory
info|2022-09-10 22:02:20.879804|[g:1][SYNC][id:e32feb67...]DownloadingBlockQueue: clearQueue and ReleaseFreeMemory
info|2022-09-10 22:02:21.108183|[g:1][SYNC][id:e32feb67...]DownloadingBlockQueue: clearQueue and ReleaseFreeMemory
info|2022-09-10 22:02:21.511584|[g:1][SYNC][id:e32feb67...]DownloadingBlockQueue: clearQueue and ReleaseFreeMemory
info|2022-09-10 22:02:21.733773|[g:1][SYNC][id:e32feb67...]DownloadingBlockQueue: clearQueue and ReleaseFreeMemory
info|2022-09-10 22:02:21.946496|[g:1][SYNC][id:e32feb67...]DownloadingBlockQueue: clearQueue and ReleaseFreeMemory
info|2022-09-10 22:02:22.147965|[g:1][SYNC][id:e32feb67...]DownloadingBlockQueue: clearQueue and ReleaseFreeMemory
info|2022-09-10 22:02:22.373504|[g:1][SYNC][id:e32feb67...]DownloadingBlockQueue: clearQueue and ReleaseFreeMemory
info|2022-09-10 22:02:22.615842|[g:1][SYNC][id:e32feb67...]DownloadingBlockQueue: clearQueue and ReleaseFreeMemory
warning|2022-09-10 22:02:22.619834|[g:1][CONSENSUS][PBFT]ViewChangeWarning: not caused by omit empty block ,v=5600,toV=5604,curNum=0,hash=78a38d4f...,nodeIdx=2,myNode=e32feb67...
warning|2022-09-10 22:02:22.619980|[g:1][CONSENSUS][PBFT]Find disconnectedNode,disconnectedNodeSize=2,sessionSize=0,minValidNodes=3,connectedNodeList=,disconnectedNode=15b8b0ac..., 59b384e6..., ,idx=2
info|2022-09-10 22:02:22.620181|[g:1][CONSENSUS][PBFT]checkTimeout Succ,view=5600,toView=5604,nodeIdx=2,changeCycle=4,myNode=e32feb67...,timecost=64
info|2022-09-10 22:02:22.694122|[g:1][SYNC][id:e32feb67...]DownloadingBlockQueue: clearQueue and ReleaseFreeMemory
info|2022-09-10 22:02:22.937831|[g:1][SYNC][id:e32feb67...]DownloadingBlockQueue: clearQueue and ReleaseFreeMemory
info|2022-09-10 22:02:23.220631|[g:1][SYNC][id:e32feb67...]DownloadingBlockQueue: clearQueue and ReleaseFreeMemory
info|2022-09-10 22:02:23.448446|[g:1][SYNC][id:e32feb67...]DownloadingBlockQueue: clearQueue and ReleaseFreeMemory
info|2022-09-10 22:02:23.656238|[g:1][SYNC][id:e32feb67...]DownloadingBlockQueue: clearQueue and ReleaseFreeMemory
info|2022-09-10 22:02:23.971825|[g:1][SYNC][id:e32feb67...]DownloadingBlockQueue: clearQueue and ReleaseFreeMemory
info|2022-09-10 22:02:24.215023|[g:1][SYNC][id:e32feb67...]DownloadingBlockQueue: clearQueue and ReleaseFreeMemory
info|2022-09-10 22:02:24.559905|[g:1][SYNC][id:e32feb67...]DownloadingBlockQueue: clearQueue and ReleaseFreeMemory
info|2022-09-10 22:02:24.795976|[g:1][SYNC][id:e32feb67...]DownloadingBlockQueue: clearQueue and ReleaseFreeMemory
info|2022-09-10 22:02:25.052727|[g:1][SYNC][id:e32feb67...]DownloadingBlockQueue: clearQueue and ReleaseFreeMemory
info|2022-09-10 22:02:25.254900|[g:1][SYNC][id:e32feb67...]DownloadingBlockQueue: clearQueue and ReleaseFreeMemory
info|2022-09-10 22:02:25.456888|[g:1][SYNC][id:e32feb67...]DownloadingBlockQueue: clearQueue and ReleaseFreeMemory
info|2022-09-10 22:02:25.657554|[g:1][SYNC][id:e32feb67...]DownloadingBlockQueue: clearQueue and ReleaseFreeMemory
info|2022-09-10 22:02:25.858234|[g:1][SYNC][id:e32feb67...]DownloadingBlockQueue: clearQueue and ReleaseFreeMemory
info|2022-09-10 22:02:26.059448|[g:1][SYNC][id:e32feb67...]DownloadingBlockQueue: clearQueue and ReleaseFreeMemory
info|2022-09-10 22:02:26.259591|[g:1][SYNC][id:e32feb67...]DownloadingBlockQueue: clearQueue and ReleaseFreeMemory
info|2022-09-10 22:02:26.460071|[g:1][SYNC][id:e32feb67...]DownloadingBlockQueue: clearQueue and ReleaseFreeMemory
info|2022-09-10 22:02:26.660917|[g:1][SYNC][id:e32feb67...]DownloadingBlockQueue: clearQueue and ReleaseFreeMemory
info|2022-09-10 22:02:26.861379|[g:1][SYNC][id:e32feb67...]DownloadingBlockQueue: clearQueue and ReleaseFreeMemory
info|2022-09-10 22:02:27.061738|[g:1][SYNC][id:e32feb67...]DownloadingBlockQueue: clearQueue and ReleaseFreeMemory
info|2022-09-10 22:02:27.262139|[g:1][SYNC][id:e32feb67...]DownloadingBlockQueue: clearQueue and ReleaseFreeMemory
info|2022-09-10 22:02:27.463058|[g:1][SYNC][id:e32feb67...]DownloadingBlockQueue: clearQueue and ReleaseFreeMemory
info|2022-09-10 22:02:27.663389|[g:1][SYNC][id:e32feb67...]DownloadingBlockQueue: clearQueue and ReleaseFreeMemory
info|2022-09-10 22:02:27.863685|[g:1][SYNC][id:e32feb67...]DownloadingBlockQueue: clearQueue and ReleaseFreeMemory
info|2022-09-10 22:02:28.063956|[g:1][SYNC][id:e32feb67...]DownloadingBlockQueue: clearQueue and ReleaseFreeMemory
info|2022-09-10 22:02:28.264249|[g:1][SYNC][id:e32feb67...]DownloadingBlockQueue: clearQueue and ReleaseFreeMemory
info|2022-09-10 22:02:28.464647|[g:1][SYNC][id:e32feb67...]DownloadingBlockQueue: clearQueue and ReleaseFreeMemory
info|2022-09-10 22:02:28.665080|[g:1][SYNC][id:e32feb67...]DownloadingBlockQueue: clearQueue and ReleaseFreeMemory
info|2022-09-10 22:02:28.865420|[g:1][SYNC][id:e32feb67...]DownloadingBlockQueue: clearQueue and ReleaseFreeMemory
info|2022-09-10 22:02:29.065751|[g:1][SYNC][id:e32feb67...]DownloadingBlockQueue: clearQueue and ReleaseFreeMemory
info|2022-09-10 22:02:29.266123|[g:1][SYNC][id:e32feb67...]DownloadingBlockQueue: clearQueue and ReleaseFreeMemory
info|2022-09-10 22:02:29.466490|[g:1][SYNC][id:e32feb67...]DownloadingBlockQueue: clearQueue and ReleaseFreeMemory
info|2022-09-10 22:02:29.666704|[g:1][SYNC][id:e32feb67...]DownloadingBlockQueue: clearQueue and ReleaseFreeMemory
info|2022-09-10 22:02:29.867064|[g:1][SYNC][id:e32feb67...]DownloadingBlockQueue: clearQueue and ReleaseFreeMemory
info|2022-09-10 22:02:30.067373|[g:1][SYNC][id:e32feb67...]DownloadingBlockQueue: clearQueue and ReleaseFreeMemory
info|2022-09-10 22:02:30.267600|[g:1][SYNC][id:e32feb67...]DownloadingBlockQueue: clearQueue and ReleaseFreeMemory
info|2022-09-10 22:02:30.468002|[g:1][SYNC][id:e32feb67...]DownloadingBlockQueue: clearQueue and ReleaseFreeMemory
info|2022-09-10 22:02:30.668308|[g:1][SYNC][id:e32feb67...]DownloadingBlockQueue: clearQueue and ReleaseFreeMemory
info|2022-09-10 22:02:30.868699|[g:1][SYNC][id:e32feb67...]DownloadingBlockQueue: clearQueue and ReleaseFreeMemory
info|2022-09-10 22:02:31.068961|[g:1][SYNC][id:e32feb67...]DownloadingBlockQueue: clearQueue and ReleaseFreeMemory
info|2022-09-10 22:02:29.517930|[g:1][SYNC][id:e32feb67...]DownloadingBlockQueue: clearQueue and ReleaseFreeMemory
info|2022-09-10 22:02:29.718283|[g:1][SYNC][id:e32feb67...]DownloadingBlockQueue: clearQueue and ReleaseFreeMemory
info|2022-09-10 22:02:38.857126|[NETWORK][Host]Connecting to node,endpoint=172.25.0.2:30300
info|2022-09-10 22:02:38.866871|[g:1][SYNC][id:e32feb67...]DownloadingBlockQueue: clearQueue and ReleaseFreeMemory
info|2022-09-10 22:02:38.936301|[NETWORK][Host]Connecting to node,endpoint=172.25.0.3:30300
info|2022-09-10 22:02:38.947759|[P2P][Service] heartBeat,connected count=0
info|2022-09-10 22:02:38.986619|[g:1][SYNC][id:e32feb67...]DownloadingBlockQueue: clearQueue and ReleaseFreeMemory
warning|2022-09-10 22:02:38.987310|[g:1][CONSENSUS][PBFT]ViewChangeWarning: not caused by omit empty block ,v=5600,toV=5605,curNum=0,hash=78a38d4f...,nodeIdx=2,myNode=e32feb67...
warning|2022-09-10 22:02:38.987398|[g:1][CONSENSUS][PBFT]Find disconnectedNode,disconnectedNodeSize=2,sessionSize=0,minValidNodes=3,connectedNodeList=,disconnectedNode=15b8b0ac..., 59b384e6..., ,idx=2
info|2022-09-10 22:02:38.987681|[g:1][CONSENSUS][PBFT]checkTimeout Succ,view=5600,toView=5605,nodeIdx=2,changeCycle=5,myNode=e32feb67...,timecost=1
info|2022-09-10 22:02:38.988447|[g:1][SYNC][id:e32feb67...]DownloadingBlockQueue: clearQueue and ReleaseFreeMemory
info|2022-09-10 22:02:39.124543|[NETWORK][ASIO]asyncResolveConnect,endpoint=172.25.0.2:30300
info|2022-09-10 22:02:39.125716|[NETWORK][ASIO]asyncResolveConnect,endpoint=172.25.0.3:30300
info|2022-09-10 22:02:39.309925|[g:1][SYNC][id:e32feb67...]DownloadingBlockQueue: clearQueue and ReleaseFreeMemory
info|2022-09-10 22:02:39.319884|[NETWORK][Host]P2P Recv Connect, From=172.25.0.3:48634
info|2022-09-10 22:02:39.320720|[NETWORK][Host]P2P StartAccept,Host=0.0.0.0:30300
error|2022-09-10 22:02:39.330112|[NETWORK][Host]Get ca basic failed
info|2022-09-10 22:02:39.348522|[NETWORK][Host]P2P Recv Connect, From=172.25.0.2:52900
info|2022-09-10 22:02:39.348667|[NETWORK][Host]P2P StartAccept,Host=0.0.0.0:30300
error|2022-09-10 22:02:39.353247|[NETWORK][Host]Get ca basic failed
info|2022-09-10 22:02:39.387627|[NETWORK][Host]handshakeClient succ,local endpoint=172.25.0.4:57940
info|2022-09-10 22:02:39.387990|[NETWORK][Host]startPeerSession, Remote=172.25.0.2:30300,local endpoint=172.25.0.4:57940,nodeID=15b8b0ac...
error|2022-09-10 22:02:39.391414|[NETWORK][Host]Get ca basic failed
info|2022-09-10 22:02:39.406961|[NETWORK][Host]handshakeServer succ,remote endpoint=172.25.0.2:52900
info|2022-09-10 22:02:39.504015|[P2P][Service] Connection established,nodeID=15b8b0ac...,endpoint=172.25.0.2:52900
info|2022-09-10 22:02:39.504567|[NETWORK][Host]startPeerSession, Remote=172.25.0.2:52900,local endpoint=172.25.0.4:30300,nodeID=15b8b0ac...
error|2022-09-10 22:02:39.505098|[NETWORK][Host]Get ca basic failed
info|2022-09-10 22:02:39.509835|[NETWORK][Host]handshakeServer succ,remote endpoint=172.25.0.3:48634
info|2022-09-10 22:02:39.509927|[NETWORK][Host]startPeerSession, Remote=172.25.0.3:48634,local endpoint=172.25.0.4:30300,nodeID=59b384e6...
info|2022-09-10 22:02:39.516359|[NETWORK][Host]handshakeClient succ,local endpoint=172.25.0.4:54528
info|2022-09-10 22:02:39.527650|[P2P][Service] Connection established,nodeID=59b384e6...,endpoint=172.25.0.3:30300
info|2022-09-10 22:02:39.528167|[g:1][SYNC][id:e32feb67...]DownloadingBlockQueue: clearQueue and ReleaseFreeMemory
info|2022-09-10 22:02:39.530213|[NETWORK][Host]startPeerSession, Remote=172.25.0.3:30300,local endpoint=172.25.0.4:54528,nodeID=59b384e6...
warning|2022-09-10 22:02:39.545824|[NETWORK][Session]doRead error,endpoint=172.25.0.3:30300,message=Connection reset by peer
info|2022-09-10 22:02:39.545979|[NETWORK][Session]drop, call and erase all callbackFunc in this session!,endpoint=172.25.0.3:30300
warning|2022-09-10 22:02:39.546081|[NETWORK][Session][drop] closing remote 0.0.0.0:0,reason=Low-level TCP communication error.,endpoint=172.25.0.3:30300
error|2022-09-10 22:02:39.546168|[NETWORK][Session]Session inactived
error|2022-09-10 22:02:39.546343|[NETWORK][Session]Session inactived
warning|2022-09-10 22:02:39.546359|[NETWORK][Session][drop] shutdown failed ,errorValue=9,message=Bad file descriptor
warning|2022-09-10 22:02:39.551284|[P2P][Service] disconnect error P2PSession,nodeID=59b384e6...,endpoint=172.25.0.3:30300,errorCode=3,what=Disconnect
warning|2022-09-10 22:02:39.551397|[P2P][Service] onDisconnect,errorCode=3,what=Dynamic exception type: dev::network::NetworkException
std::exception::what: Disconnect

info|2022-09-10 22:02:39.997791|[g:1][SYNC][id:e32feb67...]DownloadingBlockQueue: clearQueue and ReleaseFreeMemory
info|2022-09-10 22:02:40.061496|[g:1][SYNC][id:e32feb67...]DownloadingBlockQueue: clearQueue and ReleaseFreeMemory
info|2022-09-10 22:02:40.253662|[g:1][SYNC][id:e32feb67...]DownloadingBlockQueue: clearQueue and ReleaseFreeMemory
info|2022-09-10 22:02:40.456200|[g:1][SYNC][id:e32feb67...]DownloadingBlockQueue: clearQueue and ReleaseFreeMemory
info|2022-09-10 22:02:40.662244|[g:1][SYNC][id:e32feb67...]DownloadingBlockQueue: clearQueue and ReleaseFreeMemory
info|2022-09-10 22:02:40.857233|[g:1][SYNC][id:e32feb67...]DownloadingBlockQueue: clearQueue and ReleaseFreeMemory
info|2022-09-10 22:02:41.070544|[g:1][SYNC][id:e32feb67...]DownloadingBlockQueue: clearQueue and ReleaseFreeMemory
info|2022-09-10 22:02:41.278209|[g:1][SYNC][id:e32feb67...]DownloadingBlockQueue: clearQueue and ReleaseFreeMemory
info|2022-09-10 22:02:41.485183|[g:1][SYNC][id:e32feb67...]DownloadingBlockQueue: clearQueue and ReleaseFreeMemory
info|2022-09-10 22:02:41.683327|[g:1][SYNC][id:e32feb67...]DownloadingBlockQueue: clearQueue and ReleaseFreeMemory
info|2022-09-10 22:02:41.896723|[g:1][SYNC][id:e32feb67...]DownloadingBlockQueue: clearQueue and ReleaseFreeMemory
info|2022-09-10 22:02:42.088226|[g:1][SYNC][id:e32feb67...]DownloadingBlockQueue: clearQueue and ReleaseFreeMemory
info|2022-09-10 22:02:42.289150|[g:1][SYNC][id:e32feb67...]DownloadingBlockQueue: clearQueue and ReleaseFreeMemory
info|2022-09-10 22:02:42.500372|[g:1][SYNC][id:e32feb67...]DownloadingBlockQueue: clearQueue and ReleaseFreeMemory
info|2022-09-10 22:02:42.700651|[g:1][SYNC][id:e32feb67...]DownloadingBlockQueue: clearQueue and ReleaseFreeMemory
info|2022-09-10 22:02:42.901111|[g:1][SYNC][id:e32feb67...]DownloadingBlockQueue: clearQueue and ReleaseFreeMemory
info|2022-09-10 22:02:43.101478|[g:1][SYNC][id:e32feb67...]DownloadingBlockQueue: clearQueue and ReleaseFreeMemory
info|2022-09-10 22:02:43.302123|[g:1][SYNC][id:e32feb67...]DownloadingBlockQueue: clearQueue and ReleaseFreeMemory
info|2022-09-10 22:02:43.502493|[g:1][SYNC][id:e32feb67...]DownloadingBlockQueue: clearQueue and ReleaseFreeMemory
info|2022-09-10 22:02:43.707547|[g:1][SYNC][id:e32feb67...]DownloadingBlockQueue: clearQueue and ReleaseFreeMemory
info|2022-09-10 22:02:43.913918|[g:1][SYNC][id:e32feb67...]DownloadingBlockQueue: clearQueue and ReleaseFreeMemory
info|2022-09-10 22:02:44.132222|[g:1][SYNC][id:e32feb67...]DownloadingBlockQueue: clearQueue and ReleaseFreeMemory
info|2022-09-10 22:02:44.338503|[g:1][SYNC][id:e32feb67...]DownloadingBlockQueue: clearQueue and ReleaseFreeMemory
info|2022-09-10 22:02:44.554532|[g:1][SYNC][id:e32feb67...]DownloadingBlockQueue: clearQueue and ReleaseFreeMemory
info|2022-09-10 22:02:44.759470|[g:1][SYNC][id:e32feb67...]DownloadingBlockQueue: clearQueue and ReleaseFreeMemory
info|2022-09-10 22:02:44.973932|[g:1][SYNC][id:e32feb67...]DownloadingBlockQueue: clearQueue and ReleaseFreeMemory
info|2022-09-10 22:02:45.182599|[g:1][SYNC][id:e32feb67...]DownloadingBlockQueue: clearQueue and ReleaseFreeMemory
info|2022-09-10 22:02:45.385946|[g:1][SYNC][id:e32feb67...]DownloadingBlockQueue: clearQueue and ReleaseFreeMemory
info|2022-09-10 22:02:45.588659|[g:1][SYNC][id:e32feb67...]DownloadingBlockQueue: clearQueue and ReleaseFreeMemory
info|2022-09-10 22:02:45.790489|[g:1][SYNC][id:e32feb67...]DownloadingBlockQueue: clearQueue and ReleaseFreeMemory
info|2022-09-10 22:02:45.993369|[g:1][SYNC][id:e32feb67...]DownloadingBlockQueue: clearQueue and ReleaseFreeMemory
info|2022-09-10 22:02:46.195995|[g:1][SYNC][id:e32feb67...]DownloadingBlockQueue: clearQueue and ReleaseFreeMemory
info|2022-09-10 22:02:46.401330|[g:1][SYNC][id:e32feb67...]DownloadingBlockQueue: clearQueue and ReleaseFreeMemory
info|2022-09-10 22:02:46.603527|[g:1][SYNC][id:e32feb67...]DownloadingBlockQueue: clearQueue and ReleaseFreeMemory
info|2022-09-10 22:02:46.808333|[g:1][SYNC][id:e32feb67...]DownloadingBlockQueue: clearQueue and ReleaseFreeMemory
info|2022-09-10 22:02:47.010143|[g:1][SYNC][id:e32feb67...]DownloadingBlockQueue: clearQueue and ReleaseFreeMemory
info|2022-09-10 22:02:47.217967|[g:1][SYNC][id:e32feb67...]DownloadingBlockQueue: clearQueue and ReleaseFreeMemory
info|2022-09-10 22:02:47.648307|[g:1][SYNC][id:e32feb67...]DownloadingBlockQueue: clearQueue and ReleaseFreeMemory
info|2022-09-10 22:02:48.006461|[g:1][SYNC][id:e32feb67...]DownloadingBlockQueue: clearQueue and ReleaseFreeMemory
info|2022-09-10 22:02:48.317038|[g:1][SYNC][id:e32feb67...]DownloadingBlockQueue: clearQueue and ReleaseFreeMemory
info|2022-09-10 22:02:48.424684|[g:1][SYNC][id:e32feb67...]DownloadingBlockQueue: clearQueue and ReleaseFreeMemory
info|2022-09-10 22:02:48.637944|[g:1][SYNC][id:e32feb67...]DownloadingBlockQueue: clearQueue and ReleaseFreeMemory
info|2022-09-10 22:02:48.995126|[g:1][SYNC][id:e32feb67...]DownloadingBlockQueue: clearQueue and ReleaseFreeMemory
info|2022-09-10 22:02:49.344413|[g:1][SYNC][id:e32feb67...]DownloadingBlockQueue: clearQueue and ReleaseFreeMemory
info|2022-09-10 22:02:49.556590|[g:1][SYNC][id:e32feb67...]DownloadingBlockQueue: clearQueue and ReleaseFreeMemory
info|2022-09-10 22:02:49.727826|[NETWORK][Host]Connecting to node,endpoint=172.25.0.3:30300
info|2022-09-10 22:02:49.734612|[P2P][Service] heartBeat,connected count=1
info|2022-09-10 22:02:49.906787|[g:1][SYNC][id:e32feb67...]DownloadingBlockQueue: clearQueue and ReleaseFreeMemory
info|2022-09-10 22:02:50.061918|[NETWORK][ASIO]asyncResolveConnect,endpoint=172.25.0.3:30300
info|2022-09-10 22:02:50.415735|[g:1][SYNC][id:e32feb67...]DownloadingBlockQueue: clearQueue and ReleaseFreeMemory
info|2022-09-10 22:02:50.425916|[NETWORK][Host]P2P Recv Connect, From=172.25.0.3:48644
info|2022-09-10 22:02:50.426636|[NETWORK][Host]P2P StartAccept,Host=0.0.0.0:30300
info|2022-09-10 22:02:50.794612|[g:1][SYNC][id:e32feb67...]DownloadingBlockQueue: clearQueue and ReleaseFreeMemory
info|2022-09-10 22:02:51.174042|[g:1][SYNC][id:e32feb67...]DownloadingBlockQueue: clearQueue and ReleaseFreeMemory
error|2022-09-10 22:02:51.202774|[NETWORK][Host]Get ca basic failed
info|2022-09-10 22:02:51.576641|[g:1][SYNC][id:e32feb67...]DownloadingBlockQueue: clearQueue and ReleaseFreeMemory
info|2022-09-10 22:02:51.860442|[g:1][SYNC][id:e32feb67...]DownloadingBlockQueue: clearQueue and ReleaseFreeMemory
info|2022-09-10 22:02:52.563510|[g:1][SYNC][id:e32feb67...]DownloadingBlockQueue: clearQueue and ReleaseFreeMemory
info|2022-09-10 22:02:52.653439|[g:1][SYNC][id:e32feb67...]DownloadingBlockQueue: clearQueue and ReleaseFreeMemory
info|2022-09-10 22:02:52.916540|[g:1][SYNC][id:e32feb67...]DownloadingBlockQueue: clearQueue and ReleaseFreeMemory
info|2022-09-10 22:02:53.157330|[g:1][SYNC][id:e32feb67...]DownloadingBlockQueue: clearQueue and ReleaseFreeMemory
error|2022-09-10 22:02:53.185936|[NETWORK][Host]Get ca basic failed
info|2022-09-10 22:02:53.737067|[g:1][SYNC][id:e32feb67...]DownloadingBlockQueue: clearQueue and ReleaseFreeMemory
info|2022-09-10 22:02:54.106171|[g:1][SYNC][id:e32feb67...]DownloadingBlockQueue: clearQueue and ReleaseFreeMemory
info|2022-09-10 22:02:54.534721|[g:1][SYNC][id:e32feb67...]DownloadingBlockQueue: clearQueue and ReleaseFreeMemory
info|2022-09-10 22:02:54.581689|[NETWORK][Host]handshakeServer succ,remote endpoint=172.25.0.3:48644
info|2022-09-10 22:02:54.582365|[NETWORK][Host]startPeerSession, Remote=172.25.0.3:48644,local endpoint=172.25.0.4:30300,nodeID=59b384e6...
info|2022-09-10 22:02:54.601971|[P2P][Service] Connection established,nodeID=59b384e6...,endpoint=172.25.0.3:48644
info|2022-09-10 22:02:54.737861|[g:1][SYNC][id:e32feb67...]DownloadingBlockQueue: clearQueue and ReleaseFreeMemory
info|2022-09-10 22:02:55.030048|[g:1][SYNC][id:e32feb67...]DownloadingBlockQueue: clearQueue and ReleaseFreeMemory
info|2022-09-10 22:02:55.047012|[NETWORK][Host]handshakeClient succ,local endpoint=172.25.0.4:54544
info|2022-09-10 22:02:55.047418|[NETWORK][Host]startPeerSession, Remote=172.25.0.3:30300,local endpoint=172.25.0.4:54544,nodeID=59b384e6...
info|2022-09-10 22:02:55.212086|[g:1][SYNC][id:e32feb67...]DownloadingBlockQueue: clearQueue and ReleaseFreeMemory
warning|2022-09-10 22:02:55.210111|[NETWORK][Session]doRead error,endpoint=172.25.0.3:48644,message=short read
info|2022-09-10 22:02:55.261840|[NETWORK][Session]drop, call and erase all callbackFunc in this session!,endpoint=172.25.0.3:48644
warning|2022-09-10 22:02:55.290339|[P2P][Service] disconnect error P2PSession,nodeID=59b384e6...,endpoint=172.25.0.3:48644,errorCode=3,what=Disconnect
warning|2022-09-10 22:02:55.290884|[P2P][Service] onDisconnect,errorCode=3,what=Dynamic exception type: dev::network::NetworkException
std::exception::what: Disconnect

warning|2022-09-10 22:02:55.366906|[NETWORK][Session][drop] closing remote 172.25.0.3:48644,reason=Low-level TCP communication error.,endpoint=172.25.0.3:48644
warning|2022-09-10 22:02:55.386884|[NETWORK][Session][drop] shutdown failed ,errorValue=9,message=Bad file descriptor
info|2022-09-10 22:02:55.521366|[g:1][SYNC][id:e32feb67...]DownloadingBlockQueue: clearQueue and ReleaseFreeMemory
info|2022-09-10 22:02:55.616542|[g:1][SYNC][id:e32feb67...]DownloadingBlockQueue: clearQueue and ReleaseFreeMemory
info|2022-09-10 22:02:55.837214|[g:1][SYNC][id:e32feb67...]DownloadingBlockQueue: clearQueue and ReleaseFreeMemory
info|2022-09-10 22:02:56.077981|[g:1][SYNC][id:e32feb67...]DownloadingBlockQueue: clearQueue and ReleaseFreeMemory
info|2022-09-10 22:02:56.399781|[g:1][SYNC][id:e32feb67...]DownloadingBlockQueue: clearQueue and ReleaseFreeMemory
info|2022-09-10 22:02:56.656535|[g:1][SYNC][id:e32feb67...]DownloadingBlockQueue: clearQueue and ReleaseFreeMemory
info|2022-09-10 22:02:56.858645|[g:1][SYNC][id:e32feb67...]DownloadingBlockQueue: clearQueue and ReleaseFreeMemory
info|2022-09-10 22:02:57.065932|[g:1][SYNC][id:e32feb67...]DownloadingBlockQueue: clearQueue and ReleaseFreeMemory
info|2022-09-10 22:02:57.260572|[g:1][SYNC][id:e32feb67...]DownloadingBlockQueue: clearQueue and ReleaseFreeMemory
info|2022-09-10 22:02:57.461804|[g:1][SYNC][id:e32feb67...]DownloadingBlockQueue: clearQueue and ReleaseFreeMemory
info|2022-09-10 22:02:57.662297|[g:1][SYNC][id:e32feb67...]DownloadingBlockQueue: clearQueue and ReleaseFreeMemory
info|2022-09-10 22:02:57.862544|[g:1][SYNC][id:e32feb67...]DownloadingBlockQueue: clearQueue and ReleaseFreeMemory
info|2022-09-10 22:02:58.064895|[g:1][SYNC][id:e32feb67...]DownloadingBlockQueue: clearQueue and ReleaseFreeMemory
info|2022-09-10 22:02:58.264486|[g:1][SYNC][id:e32feb67...]DownloadingBlockQueue: clearQueue and ReleaseFreeMemory
info|2022-09-10 22:02:58.464851|[g:1][SYNC][id:e32feb67...]DownloadingBlockQueue: clearQueue and ReleaseFreeMemory
info|2022-09-10 22:02:58.665397|[g:1][SYNC][id:e32feb67...]DownloadingBlockQueue: clearQueue and ReleaseFreeMemory
info|2022-09-10 22:02:58.872474|[g:1][SYNC][id:e32feb67...]DownloadingBlockQueue: clearQueue and ReleaseFreeMemory
info|2022-09-10 22:02:59.070963|[g:1][SYNC][id:e32feb67...]DownloadingBlockQueue: clearQueue and ReleaseFreeMemory
info|2022-09-10 22:02:59.272768|[g:1][SYNC][id:e32feb67...]DownloadingBlockQueue: clearQueue and ReleaseFreeMemory
info|2022-09-10 22:02:59.427644|[NETWORK][Host]P2P Recv Connect, From=172.25.0.3:48648
info|2022-09-10 22:02:59.427750|[NETWORK][Host]P2P StartAccept,Host=0.0.0.0:30300
error|2022-09-10 22:02:59.438009|[NETWORK][Host]Get ca basic failed
info|2022-09-10 22:02:59.441358|[NETWORK][Host]handshakeServer succ,remote endpoint=172.25.0.3:48648
info|2022-09-10 22:02:59.441461|[P2P][Service] Connection established,nodeID=59b384e6...,endpoint=172.25.0.3:48648
info|2022-09-10 22:02:59.441478|[NETWORK][Host]startPeerSession, Remote=172.25.0.3:48648,local endpoint=172.25.0.4:30300,nodeID=59b384e6...
info|2022-09-10 22:02:59.478221|[g:1][SYNC][id:e32feb67...]DownloadingBlockQueue: clearQueue and ReleaseFreeMemory
