warning|2022-09-13 07:10:56.581479|[NETWORK][Session]doRead error,endpoint=172.25.0.3:48942,message=short read
info|2022-09-13 07:10:56.581525|[NETWORK][Session]drop, call and erase all callbackFunc in this session!,endpoint=172.25.0.3:48942
warning|2022-09-13 07:10:56.581541|[NETWORK][Session][drop] closing remote 0.0.0.0:0,reason=Low-level TCP communication error.,endpoint=172.25.0.3:48942
info|2022-09-13 07:10:56.581599|[NETWORK][Host]P2P Recv Connect, From=172.25.0.2:53208
info|2022-09-13 07:10:56.581633|[NETWORK][Host]P2P StartAccept,Host=0.0.0.0:30300
info|2022-09-13 07:10:56.581720|[NETWORK][Host]Connecting to node,endpoint=172.25.0.2:30300
info|2022-09-13 07:10:56.581808|[NETWORK][Host]Connecting to node,endpoint=172.25.0.3:30300
info|2022-09-13 07:10:56.581832|[P2P][Service] heartBeat,connected count=1
error|2022-09-13 07:10:56.581840|[NETWORK][Session]Session inactived
error|2022-09-13 07:10:56.581844|[NETWORK][Session]Session inactived
info|2022-09-13 07:10:56.582797|[g:1][SYNC][id:e32feb67...]DownloadingBlockQueue: clearQueue and ReleaseFreeMemory
warning|2022-09-13 07:10:56.586181|[P2P][Service] disconnect error P2PSession,nodeID=59b384e6...,endpoint=172.25.0.3:48942,errorCode=3,what=Disconnect
warning|2022-09-13 07:10:56.586214|[P2P][Service] onDisconnect,errorCode=3,what=Dynamic exception type: dev::network::NetworkException
std::exception::what: Disconnect

info|2022-09-13 07:10:56.586680|[NETWORK][ASIO]asyncResolveConnect,endpoint=172.25.0.2:30300
info|2022-09-13 07:10:56.586852|[NETWORK][ASIO]asyncResolveConnect,endpoint=172.25.0.3:30300
warning|2022-09-13 07:10:56.586880|[NETWORK][Session][drop] shutdown failed ,errorValue=9,message=Bad file descriptor
warning|2022-09-13 07:10:56.592784|[g:1][CONSENSUS][PBFT]ViewChangeWarning: not caused by omit empty block ,v=16138,toV=16144,curNum=0,hash=78a38d4f...,nodeIdx=2,myNode=e32feb67...
warning|2022-09-13 07:10:56.593315|[g:1][CONSENSUS][PBFT]Find disconnectedNode,disconnectedNodeSize=2,sessionSize=0,minValidNodes=3,connectedNodeList=,disconnectedNode=15b8b0ac..., 59b384e6..., ,idx=2
info|2022-09-13 07:10:56.593349|[g:1][CONSENSUS][PBFT]checkTimeout Succ,view=16138,toView=16144,nodeIdx=2,changeCycle=7,myNode=e32feb67...,timecost=1
info|2022-09-13 07:10:56.628905|[g:1][SYNC][id:e32feb67...]DownloadingBlockQueue: clearQueue and ReleaseFreeMemory
info|2022-09-13 07:10:52.214261|[g:1][SYNC][id:e32feb67...]DownloadingBlockQueue: clearQueue and ReleaseFreeMemory
error|2022-09-13 07:10:52.214734|[NETWORK][Host]Get ca basic failed
error|2022-09-13 07:10:52.266655|[NETWORK][Host]Get ca basic failed
info|2022-09-13 07:10:52.270633|[NETWORK][Host]handshakeServer succ,remote endpoint=172.25.0.2:53208
info|2022-09-13 07:10:52.270687|[P2P][Service] Connection established,nodeID=15b8b0ac...,endpoint=172.25.0.2:53208
info|2022-09-13 07:10:52.270868|[NETWORK][Host]startPeerSession, Remote=172.25.0.2:53208,local endpoint=172.25.0.4:30300,nodeID=15b8b0ac...
error|2022-09-13 07:10:52.271090|[NETWORK][Host]Get ca basic failed
info|2022-09-13 07:10:52.278511|[NETWORK][Host]handshakeClient succ,local endpoint=172.25.0.4:54848
info|2022-09-13 07:10:52.278560|[P2P][Service] Connection established,nodeID=59b384e6...,endpoint=172.25.0.3:30300
info|2022-09-13 07:10:52.278571|[NETWORK][Host]startPeerSession, Remote=172.25.0.3:30300,local endpoint=172.25.0.4:54848,nodeID=59b384e6...
info|2022-09-13 07:10:52.278969|[NETWORK][Host]handshakeClient succ,local endpoint=172.25.0.4:58260
info|2022-09-13 07:10:52.279007|[NETWORK][Host]startPeerSession, Remote=172.25.0.2:30300,local endpoint=172.25.0.4:58260,nodeID=15b8b0ac...
info|2022-09-13 07:10:52.379076|[g:1][SYNC][id:e32feb67...]DownloadingBlockQueue: clearQueue and ReleaseFreeMemory
info|2022-09-13 07:10:52.588124|[g:1][SYNC][id:e32feb67...]DownloadingBlockQueue: clearQueue and ReleaseFreeMemory
info|2022-09-13 07:10:52.789739|[g:1][SYNC][id:e32feb67...]DownloadingBlockQueue: clearQueue and ReleaseFreeMemory
info|2022-09-13 07:10:52.989439|[g:1][SYNC][id:e32feb67...]DownloadingBlockQueue: clearQueue and ReleaseFreeMemory
info|2022-09-13 07:10:53.198260|[g:1][SYNC][id:e32feb67...]DownloadingBlockQueue: clearQueue and ReleaseFreeMemory
info|2022-09-13 07:10:53.398640|[g:1][SYNC][id:e32feb67...]DownloadingBlockQueue: clearQueue and ReleaseFreeMemory
info|2022-09-13 07:10:53.599725|[g:1][SYNC][id:e32feb67...]DownloadingBlockQueue: clearQueue and ReleaseFreeMemory
info|2022-09-13 07:10:53.800736|[g:1][SYNC][id:e32feb67...]DownloadingBlockQueue: clearQueue and ReleaseFreeMemory
info|2022-09-13 07:10:54.001602|[g:1][SYNC][id:e32feb67...]DownloadingBlockQueue: clearQueue and ReleaseFreeMemory
info|2022-09-13 07:10:54.202699|[g:1][SYNC][id:e32feb67...]DownloadingBlockQueue: clearQueue and ReleaseFreeMemory
info|2022-09-13 07:10:54.403602|[g:1][SYNC][id:e32feb67...]DownloadingBlockQueue: clearQueue and ReleaseFreeMemory
info|2022-09-13 07:10:54.604098|[g:1][SYNC][id:e32feb67...]DownloadingBlockQueue: clearQueue and ReleaseFreeMemory
info|2022-09-13 07:10:54.804643|[g:1][SYNC][id:e32feb67...]DownloadingBlockQueue: clearQueue and ReleaseFreeMemory
info|2022-09-13 07:10:55.006432|[g:1][SYNC][id:e32feb67...]DownloadingBlockQueue: clearQueue and ReleaseFreeMemory
info|2022-09-13 07:10:55.207205|[g:1][SYNC][id:e32feb67...]DownloadingBlockQueue: clearQueue and ReleaseFreeMemory
info|2022-09-13 07:10:55.407507|[g:1][SYNC][id:e32feb67...]DownloadingBlockQueue: clearQueue and ReleaseFreeMemory
info|2022-09-13 07:10:55.607913|[g:1][SYNC][id:e32feb67...]DownloadingBlockQueue: clearQueue and ReleaseFreeMemory
info|2022-09-13 07:10:55.808395|[g:1][SYNC][id:e32feb67...]DownloadingBlockQueue: clearQueue and ReleaseFreeMemory
info|2022-09-13 07:10:56.008587|[g:1][SYNC][id:e32feb67...]DownloadingBlockQueue: clearQueue and ReleaseFreeMemory
info|2022-09-13 07:10:56.212701|[g:1][SYNC][id:e32feb67...]DownloadingBlockQueue: clearQueue and ReleaseFreeMemory
info|2022-09-13 07:10:56.411013|[g:1][SYNC][id:e32feb67...]DownloadingBlockQueue: clearQueue and ReleaseFreeMemory
info|2022-09-13 07:10:56.611728|[g:1][SYNC][id:e32feb67...]DownloadingBlockQueue: clearQueue and ReleaseFreeMemory
info|2022-09-13 07:10:56.811815|[g:1][SYNC][id:e32feb67...]DownloadingBlockQueue: clearQueue and ReleaseFreeMemory
info|2022-09-13 07:10:57.012091|[g:1][SYNC][id:e32feb67...]DownloadingBlockQueue: clearQueue and ReleaseFreeMemory
info|2022-09-13 07:10:57.212859|[g:1][SYNC][id:e32feb67...]DownloadingBlockQueue: clearQueue and ReleaseFreeMemory
info|2022-09-13 07:10:57.413384|[g:1][SYNC][id:e32feb67...]DownloadingBlockQueue: clearQueue and ReleaseFreeMemory
info|2022-09-13 07:10:57.614823|[g:1][SYNC][id:e32feb67...]DownloadingBlockQueue: clearQueue and ReleaseFreeMemory
info|2022-09-13 07:10:57.815463|[g:1][SYNC][id:e32feb67...]DownloadingBlockQueue: clearQueue and ReleaseFreeMemory
info|2022-09-13 07:10:58.017190|[g:1][SYNC][id:e32feb67...]DownloadingBlockQueue: clearQueue and ReleaseFreeMemory
info|2022-09-13 07:10:58.218142|[g:1][SYNC][id:e32feb67...]DownloadingBlockQueue: clearQueue and ReleaseFreeMemory
info|2022-09-13 07:10:58.419791|[g:1][SYNC][id:e32feb67...]DownloadingBlockQueue: clearQueue and ReleaseFreeMemory
info|2022-09-13 07:10:58.621559|[g:1][SYNC][id:e32feb67...]DownloadingBlockQueue: clearQueue and ReleaseFreeMemory
info|2022-09-13 07:10:58.822936|[g:1][SYNC][id:e32feb67...]DownloadingBlockQueue: clearQueue and ReleaseFreeMemory
info|2022-09-13 07:10:59.023643|[g:1][SYNC][id:e32feb67...]DownloadingBlockQueue: clearQueue and ReleaseFreeMemory
info|2022-09-13 07:10:59.226131|[g:1][SYNC][id:e32feb67...]DownloadingBlockQueue: clearQueue and ReleaseFreeMemory
info|2022-09-13 07:10:59.426691|[g:1][SYNC][id:e32feb67...]DownloadingBlockQueue: clearQueue and ReleaseFreeMemory
info|2022-09-13 07:10:59.627132|[g:1][SYNC][id:e32feb67...]DownloadingBlockQueue: clearQueue and ReleaseFreeMemory
info|2022-09-13 07:10:59.829497|[g:1][SYNC][id:e32feb67...]DownloadingBlockQueue: clearQueue and ReleaseFreeMemory
info|2022-09-13 07:11:00.030647|[g:1][SYNC][id:e32feb67...]DownloadingBlockQueue: clearQueue and ReleaseFreeMemory
info|2022-09-13 07:11:00.230987|[g:1][SYNC][id:e32feb67...]DownloadingBlockQueue: clearQueue and ReleaseFreeMemory
info|2022-09-13 07:11:00.431264|[g:1][SYNC][id:e32feb67...]DownloadingBlockQueue: clearQueue and ReleaseFreeMemory
info|2022-09-13 07:11:00.632048|[g:1][SYNC][id:e32feb67...]DownloadingBlockQueue: clearQueue and ReleaseFreeMemory
info|2022-09-13 07:11:00.832965|[g:1][SYNC][id:e32feb67...]DownloadingBlockQueue: clearQueue and ReleaseFreeMemory
info|2022-09-13 07:11:01.034014|[g:1][SYNC][id:e32feb67...]DownloadingBlockQueue: clearQueue and ReleaseFreeMemory
info|2022-09-13 07:11:01.236438|[g:1][SYNC][id:e32feb67...]DownloadingBlockQueue: clearQueue and ReleaseFreeMemory
info|2022-09-13 07:11:01.437183|[g:1][SYNC][id:e32feb67...]DownloadingBlockQueue: clearQueue and ReleaseFreeMemory
info|2022-09-13 07:11:01.637879|[g:1][SYNC][id:e32feb67...]DownloadingBlockQueue: clearQueue and ReleaseFreeMemory
info|2022-09-13 07:11:01.838458|[g:1][SYNC][id:e32feb67...]DownloadingBlockQueue: clearQueue and ReleaseFreeMemory
info|2022-09-13 07:11:02.038554|[g:1][SYNC][id:e32feb67...]DownloadingBlockQueue: clearQueue and ReleaseFreeMemory
info|2022-09-13 07:11:02.243263|[g:1][SYNC][id:e32feb67...]DownloadingBlockQueue: clearQueue and ReleaseFreeMemory
info|2022-09-13 07:11:02.444026|[g:1][SYNC][id:e32feb67...]DownloadingBlockQueue: clearQueue and ReleaseFreeMemory
info|2022-09-13 07:11:02.644625|[g:1][SYNC][id:e32feb67...]DownloadingBlockQueue: clearQueue and ReleaseFreeMemory
info|2022-09-13 07:11:02.846738|[g:1][SYNC][id:e32feb67...]DownloadingBlockQueue: clearQueue and ReleaseFreeMemory
info|2022-09-13 07:11:03.049271|[g:1][SYNC][id:e32feb67...]DownloadingBlockQueue: clearQueue and ReleaseFreeMemory
info|2022-09-13 07:11:03.272089|[g:1][SYNC][id:e32feb67...]DownloadingBlockQueue: clearQueue and ReleaseFreeMemory
info|2022-09-13 07:11:03.468185|[g:1][SYNC][id:e32feb67...]DownloadingBlockQueue: clearQueue and ReleaseFreeMemory
info|2022-09-13 07:11:03.669943|[g:1][SYNC][id:e32feb67...]DownloadingBlockQueue: clearQueue and ReleaseFreeMemory
info|2022-09-13 07:11:03.872740|[g:1][SYNC][id:e32feb67...]DownloadingBlockQueue: clearQueue and ReleaseFreeMemory
info|2022-09-13 07:11:04.075231|[g:1][SYNC][id:e32feb67...]DownloadingBlockQueue: clearQueue and ReleaseFreeMemory
info|2022-09-13 07:11:04.279154|[g:1][SYNC][id:e32feb67...]DownloadingBlockQueue: clearQueue and ReleaseFreeMemory
info|2022-09-13 07:11:04.481793|[g:1][SYNC][id:e32feb67...]DownloadingBlockQueue: clearQueue and ReleaseFreeMemory
info|2022-09-13 07:11:04.682721|[g:1][SYNC][id:e32feb67...]DownloadingBlockQueue: clearQueue and ReleaseFreeMemory
info|2022-09-13 07:11:04.884215|[g:1][SYNC][id:e32feb67...]DownloadingBlockQueue: clearQueue and ReleaseFreeMemory
info|2022-09-13 07:11:05.089333|[g:1][SYNC][id:e32feb67...]DownloadingBlockQueue: clearQueue and ReleaseFreeMemory
info|2022-09-13 07:11:05.291522|[g:1][SYNC][id:e32feb67...]DownloadingBlockQueue: clearQueue and ReleaseFreeMemory
info|2022-09-13 07:11:05.494281|[g:1][SYNC][id:e32feb67...]DownloadingBlockQueue: clearQueue and ReleaseFreeMemory
info|2022-09-13 07:11:05.697766|[g:1][SYNC][id:e32feb67...]DownloadingBlockQueue: clearQueue and ReleaseFreeMemory
info|2022-09-13 07:11:05.900025|[g:1][SYNC][id:e32feb67...]DownloadingBlockQueue: clearQueue and ReleaseFreeMemory
info|2022-09-13 07:11:06.120655|[g:1][SYNC][id:e32feb67...]DownloadingBlockQueue: clearQueue and ReleaseFreeMemory
info|2022-09-13 07:11:06.357227|[g:1][SYNC][id:e32feb67...]DownloadingBlockQueue: clearQueue and ReleaseFreeMemory
info|2022-09-13 07:11:06.523766|[NETWORK][Host]P2P Recv Connect, From=172.25.0.3:48956
info|2022-09-13 07:11:06.524545|[NETWORK][Host]P2P StartAccept,Host=0.0.0.0:30300
info|2022-09-13 07:11:06.562958|[g:1][SYNC][id:e32feb67...]DownloadingBlockQueue: clearQueue and ReleaseFreeMemory
info|2022-09-13 07:11:06.609663|[P2P][Service] heartBeat,connected count=2
error|2022-09-13 07:11:06.717788|[NETWORK][Host]Get ca basic failed
info|2022-09-13 07:11:06.807295|[g:1][SYNC][id:e32feb67...]DownloadingBlockQueue: clearQueue and ReleaseFreeMemory
info|2022-09-13 07:11:06.841105|[NETWORK][Host]handshakeServer succ,remote endpoint=172.25.0.3:48956
info|2022-09-13 07:11:06.845916|[NETWORK][Host]startPeerSession, Remote=172.25.0.3:48956,local endpoint=172.25.0.4:30300,nodeID=59b384e6...
info|2022-09-13 07:11:07.011334|[g:1][SYNC][id:e32feb67...]DownloadingBlockQueue: clearQueue and ReleaseFreeMemory
info|2022-09-13 07:11:07.225012|[g:1][SYNC][id:e32feb67...]DownloadingBlockQueue: clearQueue and ReleaseFreeMemory
info|2022-09-13 07:11:07.442158|[g:1][SYNC][id:e32feb67...]DownloadingBlockQueue: clearQueue and ReleaseFreeMemory
info|2022-09-13 07:11:07.642149|[g:1][SYNC][id:e32feb67...]DownloadingBlockQueue: clearQueue and ReleaseFreeMemory
info|2022-09-13 07:11:07.843698|[g:1][SYNC][id:e32feb67...]DownloadingBlockQueue: clearQueue and ReleaseFreeMemory
info|2022-09-13 07:11:08.047161|[g:1][SYNC][id:e32feb67...]DownloadingBlockQueue: clearQueue and ReleaseFreeMemory
info|2022-09-13 07:11:08.261742|[g:1][SYNC][id:e32feb67...]DownloadingBlockQueue: clearQueue and ReleaseFreeMemory
info|2022-09-13 07:11:08.467822|[g:1][SYNC][id:e32feb67...]DownloadingBlockQueue: clearQueue and ReleaseFreeMemory
info|2022-09-13 07:11:08.693452|[g:1][SYNC][id:e32feb67...]DownloadingBlockQueue: clearQueue and ReleaseFreeMemory
info|2022-09-13 07:11:08.897254|[g:1][SYNC][id:e32feb67...]DownloadingBlockQueue: clearQueue and ReleaseFreeMemory
info|2022-09-13 07:11:09.099103|[g:1][SYNC][id:e32feb67...]DownloadingBlockQueue: clearQueue and ReleaseFreeMemory
info|2022-09-13 07:11:09.308213|[g:1][SYNC][id:e32feb67...]DownloadingBlockQueue: clearQueue and ReleaseFreeMemory
info|2022-09-13 07:11:09.510549|[g:1][SYNC][id:e32feb67...]DownloadingBlockQueue: clearQueue and ReleaseFreeMemory
info|2022-09-13 07:11:09.713233|[g:1][SYNC][id:e32feb67...]DownloadingBlockQueue: clearQueue and ReleaseFreeMemory
info|2022-09-13 07:11:09.915529|[g:1][SYNC][id:e32feb67...]DownloadingBlockQueue: clearQueue and ReleaseFreeMemory
info|2022-09-13 07:11:10.131586|[g:1][SYNC][id:e32feb67...]DownloadingBlockQueue: clearQueue and ReleaseFreeMemory
info|2022-09-13 07:11:10.335734|[g:1][SYNC][id:e32feb67...]DownloadingBlockQueue: clearQueue and ReleaseFreeMemory
info|2022-09-13 07:11:10.538585|[g:1][SYNC][id:e32feb67...]DownloadingBlockQueue: clearQueue and ReleaseFreeMemory
info|2022-09-13 07:11:10.740713|[g:1][SYNC][id:e32feb67...]DownloadingBlockQueue: clearQueue and ReleaseFreeMemory
info|2022-09-13 07:11:10.943088|[g:1][SYNC][id:e32feb67...]DownloadingBlockQueue: clearQueue and ReleaseFreeMemory
info|2022-09-13 07:11:11.145255|[g:1][SYNC][id:e32feb67...]DownloadingBlockQueue: clearQueue and ReleaseFreeMemory
info|2022-09-13 07:11:11.348410|[g:1][SYNC][id:e32feb67...]DownloadingBlockQueue: clearQueue and ReleaseFreeMemory
info|2022-09-13 07:11:11.549334|[g:1][SYNC][id:e32feb67...]DownloadingBlockQueue: clearQueue and ReleaseFreeMemory
info|2022-09-13 07:11:11.750907|[g:1][SYNC][id:e32feb67...]DownloadingBlockQueue: clearQueue and ReleaseFreeMemory
info|2022-09-13 07:11:11.961915|[g:1][SYNC][id:e32feb67...]DownloadingBlockQueue: clearQueue and ReleaseFreeMemory
info|2022-09-13 07:11:12.174227|[g:1][SYNC][id:e32feb67...]DownloadingBlockQueue: clearQueue and ReleaseFreeMemory
info|2022-09-13 07:11:12.379084|[g:1][SYNC][id:e32feb67...]DownloadingBlockQueue: clearQueue and ReleaseFreeMemory
info|2022-09-13 07:11:12.584947|[g:1][SYNC][id:e32feb67...]DownloadingBlockQueue: clearQueue and ReleaseFreeMemory
info|2022-09-13 07:11:12.798673|[g:1][SYNC][id:e32feb67...]DownloadingBlockQueue: clearQueue and ReleaseFreeMemory
info|2022-09-13 07:11:13.003000|[g:1][SYNC][id:e32feb67...]DownloadingBlockQueue: clearQueue and ReleaseFreeMemory
info|2022-09-13 07:11:13.212223|[g:1][SYNC][id:e32feb67...]DownloadingBlockQueue: clearQueue and ReleaseFreeMemory
info|2022-09-13 07:11:13.412210|[g:1][SYNC][id:e32feb67...]DownloadingBlockQueue: clearQueue and ReleaseFreeMemory
info|2022-09-13 07:11:13.618188|[g:1][SYNC][id:e32feb67...]DownloadingBlockQueue: clearQueue and ReleaseFreeMemory
info|2022-09-13 07:11:13.837615|[g:1][SYNC][id:e32feb67...]DownloadingBlockQueue: clearQueue and ReleaseFreeMemory
info|2022-09-13 07:11:14.041422|[g:1][SYNC][id:e32feb67...]DownloadingBlockQueue: clearQueue and ReleaseFreeMemory
info|2022-09-13 07:11:14.245408|[g:1][SYNC][id:e32feb67...]DownloadingBlockQueue: clearQueue and ReleaseFreeMemory
info|2022-09-13 07:11:14.448704|[g:1][SYNC][id:e32feb67...]DownloadingBlockQueue: clearQueue and ReleaseFreeMemory
info|2022-09-13 07:11:14.659759|[g:1][SYNC][id:e32feb67...]DownloadingBlockQueue: clearQueue and ReleaseFreeMemory
info|2022-09-13 07:11:14.860387|[g:1][SYNC][id:e32feb67...]DownloadingBlockQueue: clearQueue and ReleaseFreeMemory
info|2022-09-13 07:11:15.061654|[g:1][SYNC][id:e32feb67...]DownloadingBlockQueue: clearQueue and ReleaseFreeMemory
info|2022-09-13 07:11:15.262836|[g:1][SYNC][id:e32feb67...]DownloadingBlockQueue: clearQueue and ReleaseFreeMemory
info|2022-09-13 07:11:15.463694|[g:1][SYNC][id:e32feb67...]DownloadingBlockQueue: clearQueue and ReleaseFreeMemory
info|2022-09-13 07:11:15.665315|[g:1][SYNC][id:e32feb67...]DownloadingBlockQueue: clearQueue and ReleaseFreeMemory
info|2022-09-13 07:11:15.866534|[g:1][SYNC][id:e32feb67...]DownloadingBlockQueue: clearQueue and ReleaseFreeMemory
info|2022-09-13 07:11:16.067047|[g:1][SYNC][id:e32feb67...]DownloadingBlockQueue: clearQueue and ReleaseFreeMemory
info|2022-09-13 07:11:16.267474|[g:1][SYNC][id:e32feb67...]DownloadingBlockQueue: clearQueue and ReleaseFreeMemory
info|2022-09-13 07:11:16.467819|[g:1][SYNC][id:e32feb67...]DownloadingBlockQueue: clearQueue and ReleaseFreeMemory
info|2022-09-13 07:11:16.610083|[P2P][Service] heartBeat,connected count=2
info|2022-09-13 07:11:16.668047|[g:1][SYNC][id:e32feb67...]DownloadingBlockQueue: clearQueue and ReleaseFreeMemory
info|2022-09-13 07:11:16.868288|[g:1][SYNC][id:e32feb67...]DownloadingBlockQueue: clearQueue and ReleaseFreeMemory
info|2022-09-13 07:11:17.068666|[g:1][SYNC][id:e32feb67...]DownloadingBlockQueue: clearQueue and ReleaseFreeMemory
info|2022-09-13 07:11:17.269035|[g:1][SYNC][id:e32feb67...]DownloadingBlockQueue: clearQueue and ReleaseFreeMemory
info|2022-09-13 07:11:17.469289|[g:1][SYNC][id:e32feb67...]DownloadingBlockQueue: clearQueue and ReleaseFreeMemory
info|2022-09-13 07:11:17.669695|[g:1][SYNC][id:e32feb67...]DownloadingBlockQueue: clearQueue and ReleaseFreeMemory
info|2022-09-13 07:11:17.870051|[g:1][SYNC][id:e32feb67...]DownloadingBlockQueue: clearQueue and ReleaseFreeMemory
info|2022-09-13 07:11:18.070390|[g:1][SYNC][id:e32feb67...]DownloadingBlockQueue: clearQueue and ReleaseFreeMemory
info|2022-09-13 07:11:18.270650|[g:1][SYNC][id:e32feb67...]DownloadingBlockQueue: clearQueue and ReleaseFreeMemory
info|2022-09-13 07:11:18.470948|[g:1][SYNC][id:e32feb67...]DownloadingBlockQueue: clearQueue and ReleaseFreeMemory
info|2022-09-13 07:11:18.671321|[g:1][SYNC][id:e32feb67...]DownloadingBlockQueue: clearQueue and ReleaseFreeMemory
info|2022-09-13 07:11:18.871630|[g:1][SYNC][id:e32feb67...]DownloadingBlockQueue: clearQueue and ReleaseFreeMemory
info|2022-09-13 07:11:19.071983|[g:1][SYNC][id:e32feb67...]DownloadingBlockQueue: clearQueue and ReleaseFreeMemory
info|2022-09-13 07:11:19.272301|[g:1][SYNC][id:e32feb67...]DownloadingBlockQueue: clearQueue and ReleaseFreeMemory
info|2022-09-13 07:11:19.472860|[g:1][SYNC][id:e32feb67...]DownloadingBlockQueue: clearQueue and ReleaseFreeMemory
info|2022-09-13 07:11:19.673174|[g:1][SYNC][id:e32feb67...]DownloadingBlockQueue: clearQueue and ReleaseFreeMemory
info|2022-09-13 07:11:19.873418|[g:1][SYNC][id:e32feb67...]DownloadingBlockQueue: clearQueue and ReleaseFreeMemory
info|2022-09-13 07:11:20.073717|[g:1][SYNC][id:e32feb67...]DownloadingBlockQueue: clearQueue and ReleaseFreeMemory
info|2022-09-13 07:11:20.274108|[g:1][SYNC][id:e32feb67...]DownloadingBlockQueue: clearQueue and ReleaseFreeMemory
info|2022-09-13 07:11:20.474513|[g:1][SYNC][id:e32feb67...]DownloadingBlockQueue: clearQueue and ReleaseFreeMemory
info|2022-09-13 07:11:20.674854|[g:1][SYNC][id:e32feb67...]DownloadingBlockQueue: clearQueue and ReleaseFreeMemory
info|2022-09-13 07:11:20.875369|[g:1][SYNC][id:e32feb67...]DownloadingBlockQueue: clearQueue and ReleaseFreeMemory
info|2022-09-13 07:11:21.075649|[g:1][SYNC][id:e32feb67...]DownloadingBlockQueue: clearQueue and ReleaseFreeMemory
info|2022-09-13 07:11:21.275892|[g:1][SYNC][id:e32feb67...]DownloadingBlockQueue: clearQueue and ReleaseFreeMemory
info|2022-09-13 07:11:21.476457|[g:1][SYNC][id:e32feb67...]DownloadingBlockQueue: clearQueue and ReleaseFreeMemory
info|2022-09-13 07:11:21.676784|[g:1][SYNC][id:e32feb67...]DownloadingBlockQueue: clearQueue and ReleaseFreeMemory
info|2022-09-13 07:11:21.877069|[g:1][SYNC][id:e32feb67...]DownloadingBlockQueue: clearQueue and ReleaseFreeMemory
info|2022-09-13 07:11:22.078674|[g:1][SYNC][id:e32feb67...]DownloadingBlockQueue: clearQueue and ReleaseFreeMemory
info|2022-09-13 07:11:22.221973|[g:1][SYNC][id:e32feb67...]DownloadingBlockQueue: clearQueue and ReleaseFreeMemory
info|2022-09-13 07:11:22.422606|[g:1][SYNC][id:e32feb67...]DownloadingBlockQueue: clearQueue and ReleaseFreeMemory
