warning|2022-09-11 08:29:12.789368|[g:1][CONSENSUS][PBFT]ViewChangeWarning: not caused by omit empty block ,v=5605,toV=5606,curNum=0,hash=78a38d4f...,nodeIdx=2,myNode=e32feb67...
info|2022-09-11 08:29:12.789841|[g:1][CONSENSUS][PBFT]checkTimeout Succ,view=5605,toView=5606,nodeIdx=2,changeCycle=6,myNode=e32feb67...,timecost=1
info|2022-09-11 08:29:12.814443|[NETWORK][Host]Connecting to node,endpoint=172.25.0.2:30300
info|2022-09-11 08:29:12.814511|[P2P][Service] heartBeat,connected count=2
error|2022-09-11 08:29:12.814533|[NETWORK][Session]Idle connection, disconnect ,endpoint=172.25.0.3:30300
info|2022-09-11 08:29:12.814537|[NETWORK][Session]drop, call and erase all callbackFunc in this session!,endpoint=172.25.0.3:30300
warning|2022-09-11 08:29:12.814544|[NETWORK][Session][drop] closing remote 0.0.0.0:0,reason=(Idle connection for no network io happens during 5s time intervals.),endpoint=172.25.0.3:30300
error|2022-09-11 08:29:12.814594|[NETWORK][Session]Session inactived
error|2022-09-11 08:29:12.814597|[NETWORK][Session]Idle connection, disconnect ,endpoint=172.25.0.2:52914
info|2022-09-11 08:29:12.814600|[NETWORK][Session]drop, call and erase all callbackFunc in this session!,endpoint=172.25.0.2:52914
warning|2022-09-11 08:29:12.814626|[NETWORK][Session][drop] closing remote 0.0.0.0:0,reason=(Idle connection for no network io happens during 5s time intervals.),endpoint=172.25.0.2:52914
error|2022-09-11 08:29:12.814649|[NETWORK][Session]Session inactived
warning|2022-09-11 08:29:12.814674|[NETWORK][Session]doRead error,endpoint=172.25.0.2:52914,message=short read
warning|2022-09-11 08:29:12.814704|[NETWORK][Session]doRead error,endpoint=172.25.0.3:30300,message=short read
error|2022-09-11 08:29:12.814708|[NETWORK][Session]Session inactived
info|2022-09-11 08:29:12.814723|[g:1][SYNC][id:e32feb67...]DownloadingBlockQueue: clearQueue and ReleaseFreeMemory
warning|2022-09-11 08:29:12.814714|[P2P][Service] disconnect error P2PSession,nodeID=59b384e6...,endpoint=172.25.0.3:30300,errorCode=3,what=Disconnect
warning|2022-09-11 08:29:12.814769|[P2P][Service] onDisconnect,errorCode=3,what=Dynamic exception type: dev::network::NetworkException
std::exception::what: Disconnect

warning|2022-09-11 08:29:12.814784|[P2P][Service] disconnect error P2PSession,nodeID=15b8b0ac...,endpoint=172.25.0.2:52914,errorCode=3,what=Disconnect
warning|2022-09-11 08:29:12.814790|[P2P][Service] onDisconnect,errorCode=3,what=Dynamic exception type: dev::network::NetworkException
std::exception::what: Disconnect

info|2022-09-11 08:29:12.814812|[g:1][SYNC][id:e32feb67...]DownloadingBlockQueue: clearQueue and ReleaseFreeMemory
info|2022-09-11 08:29:12.814835|[g:1][SYNC][id:e32feb67...]DownloadingBlockQueue: clearQueue and ReleaseFreeMemory
error|2022-09-11 08:29:12.814869|[NETWORK][Session]Session inactived
info|2022-09-11 08:29:12.815075|[NETWORK][ASIO]asyncResolveConnect,endpoint=172.25.0.2:30300
warning|2022-09-11 08:29:12.815086|[NETWORK][Session][drop] shutdown failed ,errorValue=9,message=Bad file descriptor
warning|2022-09-11 08:29:12.815093|[NETWORK][Session][drop] shutdown failed ,errorValue=9,message=Bad file descriptor
error|2022-09-11 08:29:12.823076|[NETWORK][Host]Get ca basic failed
info|2022-09-11 08:29:12.834761|[NETWORK][Host]handshakeClient succ,local endpoint=172.25.0.4:57968
info|2022-09-11 08:29:12.834817|[NETWORK][Host]startPeerSession, Remote=172.25.0.2:30300,local endpoint=172.25.0.4:57968,nodeID=15b8b0ac...
info|2022-09-11 08:29:12.841222|[P2P][Service] Connection established,nodeID=15b8b0ac...,endpoint=172.25.0.2:30300
info|2022-09-11 08:29:10.423641|[g:1][SYNC][id:e32feb67...]DownloadingBlockQueue: clearQueue and ReleaseFreeMemory
info|2022-09-11 08:29:10.542459|[g:1][SYNC][id:e32feb67...]DownloadingBlockQueue: clearQueue and ReleaseFreeMemory
info|2022-09-11 08:29:10.743138|[g:1][SYNC][id:e32feb67...]DownloadingBlockQueue: clearQueue and ReleaseFreeMemory
info|2022-09-11 08:29:10.943816|[g:1][SYNC][id:e32feb67...]DownloadingBlockQueue: clearQueue and ReleaseFreeMemory
info|2022-09-11 08:29:11.144240|[g:1][SYNC][id:e32feb67...]DownloadingBlockQueue: clearQueue and ReleaseFreeMemory
info|2022-09-11 08:29:11.356293|[g:1][SYNC][id:e32feb67...]DownloadingBlockQueue: clearQueue and ReleaseFreeMemory
info|2022-09-11 08:29:11.559569|[g:1][SYNC][id:e32feb67...]DownloadingBlockQueue: clearQueue and ReleaseFreeMemory
info|2022-09-11 08:29:11.762599|[g:1][SYNC][id:e32feb67...]DownloadingBlockQueue: clearQueue and ReleaseFreeMemory
info|2022-09-11 08:29:11.968943|[g:1][SYNC][id:e32feb67...]DownloadingBlockQueue: clearQueue and ReleaseFreeMemory
info|2022-09-11 08:29:12.176257|[g:1][SYNC][id:e32feb67...]DownloadingBlockQueue: clearQueue and ReleaseFreeMemory
info|2022-09-11 08:29:12.376973|[g:1][SYNC][id:e32feb67...]DownloadingBlockQueue: clearQueue and ReleaseFreeMemory
info|2022-09-11 08:29:12.583603|[g:1][SYNC][id:e32feb67...]DownloadingBlockQueue: clearQueue and ReleaseFreeMemory
info|2022-09-11 08:29:12.784137|[g:1][SYNC][id:e32feb67...]DownloadingBlockQueue: clearQueue and ReleaseFreeMemory
info|2022-09-11 08:29:12.984981|[g:1][SYNC][id:e32feb67...]DownloadingBlockQueue: clearQueue and ReleaseFreeMemory
info|2022-09-11 08:29:13.185680|[g:1][SYNC][id:e32feb67...]DownloadingBlockQueue: clearQueue and ReleaseFreeMemory
info|2022-09-11 08:29:13.386231|[g:1][SYNC][id:e32feb67...]DownloadingBlockQueue: clearQueue and ReleaseFreeMemory
info|2022-09-11 08:29:13.588297|[g:1][SYNC][id:e32feb67...]DownloadingBlockQueue: clearQueue and ReleaseFreeMemory
info|2022-09-11 08:29:13.789065|[g:1][SYNC][id:e32feb67...]DownloadingBlockQueue: clearQueue and ReleaseFreeMemory
info|2022-09-11 08:29:13.989679|[g:1][SYNC][id:e32feb67...]DownloadingBlockQueue: clearQueue and ReleaseFreeMemory
info|2022-09-11 08:29:14.190871|[g:1][SYNC][id:e32feb67...]DownloadingBlockQueue: clearQueue and ReleaseFreeMemory
info|2022-09-11 08:29:14.443346|[g:1][SYNC][id:e32feb67...]DownloadingBlockQueue: clearQueue and ReleaseFreeMemory
info|2022-09-11 08:29:14.663786|[g:1][SYNC][id:e32feb67...]DownloadingBlockQueue: clearQueue and ReleaseFreeMemory
info|2022-09-11 08:29:14.863985|[g:1][SYNC][id:e32feb67...]DownloadingBlockQueue: clearQueue and ReleaseFreeMemory
info|2022-09-11 08:29:15.065563|[g:1][SYNC][id:e32feb67...]DownloadingBlockQueue: clearQueue and ReleaseFreeMemory
info|2022-09-11 08:29:15.267452|[g:1][SYNC][id:e32feb67...]DownloadingBlockQueue: clearQueue and ReleaseFreeMemory
info|2022-09-11 08:29:15.468382|[g:1][SYNC][id:e32feb67...]DownloadingBlockQueue: clearQueue and ReleaseFreeMemory
info|2022-09-11 08:29:15.668625|[g:1][SYNC][id:e32feb67...]DownloadingBlockQueue: clearQueue and ReleaseFreeMemory
info|2022-09-11 08:29:15.868958|[g:1][SYNC][id:e32feb67...]DownloadingBlockQueue: clearQueue and ReleaseFreeMemory
info|2022-09-11 08:29:16.096404|[g:1][SYNC][id:e32feb67...]DownloadingBlockQueue: clearQueue and ReleaseFreeMemory
info|2022-09-11 08:29:16.296397|[g:1][SYNC][id:e32feb67...]DownloadingBlockQueue: clearQueue and ReleaseFreeMemory
info|2022-09-11 08:29:16.527287|[g:1][SYNC][id:e32feb67...]DownloadingBlockQueue: clearQueue and ReleaseFreeMemory
info|2022-09-11 08:29:16.728466|[g:1][SYNC][id:e32feb67...]DownloadingBlockQueue: clearQueue and ReleaseFreeMemory
info|2022-09-11 08:29:16.928770|[g:1][SYNC][id:e32feb67...]DownloadingBlockQueue: clearQueue and ReleaseFreeMemory
info|2022-09-11 08:29:17.129741|[g:1][SYNC][id:e32feb67...]DownloadingBlockQueue: clearQueue and ReleaseFreeMemory
info|2022-09-11 08:29:17.330250|[g:1][SYNC][id:e32feb67...]DownloadingBlockQueue: clearQueue and ReleaseFreeMemory
info|2022-09-11 08:29:17.530794|[g:1][SYNC][id:e32feb67...]DownloadingBlockQueue: clearQueue and ReleaseFreeMemory
info|2022-09-11 08:29:17.734221|[g:1][SYNC][id:e32feb67...]DownloadingBlockQueue: clearQueue and ReleaseFreeMemory
info|2022-09-11 08:29:17.937452|[g:1][SYNC][id:e32feb67...]DownloadingBlockQueue: clearQueue and ReleaseFreeMemory
info|2022-09-11 08:29:18.137945|[g:1][SYNC][id:e32feb67...]DownloadingBlockQueue: clearQueue and ReleaseFreeMemory
info|2022-09-11 08:29:18.338549|[g:1][SYNC][id:e32feb67...]DownloadingBlockQueue: clearQueue and ReleaseFreeMemory
info|2022-09-11 08:29:18.541363|[g:1][SYNC][id:e32feb67...]DownloadingBlockQueue: clearQueue and ReleaseFreeMemory
info|2022-09-11 08:29:18.743418|[g:1][SYNC][id:e32feb67...]DownloadingBlockQueue: clearQueue and ReleaseFreeMemory
info|2022-09-11 08:29:18.944016|[g:1][SYNC][id:e32feb67...]DownloadingBlockQueue: clearQueue and ReleaseFreeMemory
info|2022-09-11 08:29:19.146140|[g:1][SYNC][id:e32feb67...]DownloadingBlockQueue: clearQueue and ReleaseFreeMemory
info|2022-09-11 08:29:19.347760|[g:1][SYNC][id:e32feb67...]DownloadingBlockQueue: clearQueue and ReleaseFreeMemory
info|2022-09-11 08:29:19.548378|[g:1][SYNC][id:e32feb67...]DownloadingBlockQueue: clearQueue and ReleaseFreeMemory
info|2022-09-11 08:29:19.748722|[g:1][SYNC][id:e32feb67...]DownloadingBlockQueue: clearQueue and ReleaseFreeMemory
info|2022-09-11 08:29:19.949198|[g:1][SYNC][id:e32feb67...]DownloadingBlockQueue: clearQueue and ReleaseFreeMemory
info|2022-09-11 08:29:20.149694|[g:1][SYNC][id:e32feb67...]DownloadingBlockQueue: clearQueue and ReleaseFreeMemory
info|2022-09-11 08:29:20.360410|[g:1][SYNC][id:e32feb67...]DownloadingBlockQueue: clearQueue and ReleaseFreeMemory
info|2022-09-11 08:29:20.562098|[g:1][SYNC][id:e32feb67...]DownloadingBlockQueue: clearQueue and ReleaseFreeMemory
info|2022-09-11 08:29:20.787991|[g:1][SYNC][id:e32feb67...]DownloadingBlockQueue: clearQueue and ReleaseFreeMemory
info|2022-09-11 08:29:20.992738|[g:1][SYNC][id:e32feb67...]DownloadingBlockQueue: clearQueue and ReleaseFreeMemory
info|2022-09-11 08:29:21.204059|[g:1][SYNC][id:e32feb67...]DownloadingBlockQueue: clearQueue and ReleaseFreeMemory
info|2022-09-11 08:29:21.408851|[g:1][SYNC][id:e32feb67...]DownloadingBlockQueue: clearQueue and ReleaseFreeMemory
info|2022-09-11 08:29:21.642949|[g:1][SYNC][id:e32feb67...]DownloadingBlockQueue: clearQueue and ReleaseFreeMemory
info|2022-09-11 08:29:21.846002|[g:1][SYNC][id:e32feb67...]DownloadingBlockQueue: clearQueue and ReleaseFreeMemory
info|2022-09-11 08:29:22.049849|[g:1][SYNC][id:e32feb67...]DownloadingBlockQueue: clearQueue and ReleaseFreeMemory
info|2022-09-11 08:29:22.257128|[g:1][SYNC][id:e32feb67...]DownloadingBlockQueue: clearQueue and ReleaseFreeMemory
info|2022-09-11 08:29:22.456633|[g:1][SYNC][id:e32feb67...]DownloadingBlockQueue: clearQueue and ReleaseFreeMemory
info|2022-09-11 08:29:22.680325|[g:1][SYNC][id:e32feb67...]DownloadingBlockQueue: clearQueue and ReleaseFreeMemory
info|2022-09-11 08:29:22.767457|[NETWORK][Host]P2P Recv Connect, From=172.25.0.2:52922
info|2022-09-11 08:29:22.767794|[NETWORK][Host]P2P StartAccept,Host=0.0.0.0:30300
info|2022-09-11 08:29:22.857485|[NETWORK][Host]P2P Recv Connect, From=172.25.0.3:48664
info|2022-09-11 08:29:22.860019|[NETWORK][Host]P2P StartAccept,Host=0.0.0.0:30300
info|2022-09-11 08:29:22.892380|[g:1][SYNC][id:e32feb67...]DownloadingBlockQueue: clearQueue and ReleaseFreeMemory
info|2022-09-11 08:29:22.892546|[NETWORK][Host]Connecting to node,endpoint=172.25.0.3:30300
info|2022-09-11 08:29:22.894721|[P2P][Service] heartBeat,connected count=1
info|2022-09-11 08:29:22.960563|[NETWORK][ASIO]asyncResolveConnect,endpoint=172.25.0.3:30300
info|2022-09-11 08:29:23.095645|[g:1][SYNC][id:e32feb67...]DownloadingBlockQueue: clearQueue and ReleaseFreeMemory
error|2022-09-11 08:29:23.215909|[NETWORK][Host]Get ca basic failed
info|2022-09-11 08:29:23.303598|[g:1][SYNC][id:e32feb67...]DownloadingBlockQueue: clearQueue and ReleaseFreeMemory
info|2022-09-11 08:29:23.366317|[NETWORK][Host]handshakeServer succ,remote endpoint=172.25.0.3:48664
info|2022-09-11 08:29:23.367722|[NETWORK][Host]startPeerSession, Remote=172.25.0.3:48664,local endpoint=172.25.0.4:30300,nodeID=59b384e6...
info|2022-09-11 08:29:23.369527|[P2P][Service] Connection established,nodeID=59b384e6...,endpoint=172.25.0.3:48664
error|2022-09-11 08:29:23.401779|[NETWORK][Host]Get ca basic failed
info|2022-09-11 08:29:23.530532|[g:1][SYNC][id:e32feb67...]DownloadingBlockQueue: clearQueue and ReleaseFreeMemory
info|2022-09-11 08:29:23.599868|[NETWORK][Host]handshakeServer succ,remote endpoint=172.25.0.2:52922
info|2022-09-11 08:29:23.600209|[NETWORK][Host]startPeerSession, Remote=172.25.0.2:52922,local endpoint=172.25.0.4:30300,nodeID=15b8b0ac...
error|2022-09-11 08:29:23.618665|[NETWORK][Host]Get ca basic failed
info|2022-09-11 08:29:23.749398|[g:1][SYNC][id:e32feb67...]DownloadingBlockQueue: clearQueue and ReleaseFreeMemory
info|2022-09-11 08:29:23.963008|[g:1][SYNC][id:e32feb67...]DownloadingBlockQueue: clearQueue and ReleaseFreeMemory
info|2022-09-11 08:29:24.151888|[NETWORK][Host]handshakeClient succ,local endpoint=172.25.0.4:54564
info|2022-09-11 08:29:24.152615|[NETWORK][Host]startPeerSession, Remote=172.25.0.3:30300,local endpoint=172.25.0.4:54564,nodeID=59b384e6...
info|2022-09-11 08:29:24.213555|[g:1][SYNC][id:e32feb67...]DownloadingBlockQueue: clearQueue and ReleaseFreeMemory
info|2022-09-11 08:29:24.455995|[g:1][SYNC][id:e32feb67...]DownloadingBlockQueue: clearQueue and ReleaseFreeMemory
info|2022-09-11 08:29:24.679295|[g:1][SYNC][id:e32feb67...]DownloadingBlockQueue: clearQueue and ReleaseFreeMemory
info|2022-09-11 08:29:24.862963|[g:1][SYNC][id:e32feb67...]DownloadingBlockQueue: clearQueue and ReleaseFreeMemory
info|2022-09-11 08:29:25.067373|[g:1][SYNC][id:e32feb67...]DownloadingBlockQueue: clearQueue and ReleaseFreeMemory
info|2022-09-11 08:29:25.268791|[g:1][SYNC][id:e32feb67...]DownloadingBlockQueue: clearQueue and ReleaseFreeMemory
info|2022-09-11 08:29:25.482540|[g:1][SYNC][id:e32feb67...]DownloadingBlockQueue: clearQueue and ReleaseFreeMemory
info|2022-09-11 08:29:25.697130|[g:1][SYNC][id:e32feb67...]DownloadingBlockQueue: clearQueue and ReleaseFreeMemory
info|2022-09-11 08:29:25.916910|[g:1][SYNC][id:e32feb67...]DownloadingBlockQueue: clearQueue and ReleaseFreeMemory
info|2022-09-11 08:29:26.132056|[g:1][SYNC][id:e32feb67...]DownloadingBlockQueue: clearQueue and ReleaseFreeMemory
info|2022-09-11 08:29:26.335528|[g:1][SYNC][id:e32feb67...]DownloadingBlockQueue: clearQueue and ReleaseFreeMemory
info|2022-09-11 08:29:26.537850|[g:1][SYNC][id:e32feb67...]DownloadingBlockQueue: clearQueue and ReleaseFreeMemory
info|2022-09-11 08:29:26.739069|[g:1][SYNC][id:e32feb67...]DownloadingBlockQueue: clearQueue and ReleaseFreeMemory
info|2022-09-11 08:29:26.945322|[g:1][SYNC][id:e32feb67...]DownloadingBlockQueue: clearQueue and ReleaseFreeMemory
info|2022-09-11 08:29:27.151677|[g:1][SYNC][id:e32feb67...]DownloadingBlockQueue: clearQueue and ReleaseFreeMemory
info|2022-09-11 08:29:27.355337|[g:1][SYNC][id:e32feb67...]DownloadingBlockQueue: clearQueue and ReleaseFreeMemory
info|2022-09-11 08:29:27.562881|[g:1][SYNC][id:e32feb67...]DownloadingBlockQueue: clearQueue and ReleaseFreeMemory
info|2022-09-11 08:29:27.762467|[g:1][SYNC][id:e32feb67...]DownloadingBlockQueue: clearQueue and ReleaseFreeMemory
info|2022-09-11 08:29:27.966063|[g:1][SYNC][id:e32feb67...]DownloadingBlockQueue: clearQueue and ReleaseFreeMemory
info|2022-09-11 08:29:28.167398|[g:1][SYNC][id:e32feb67...]DownloadingBlockQueue: clearQueue and ReleaseFreeMemory
info|2022-09-11 08:29:28.369227|[g:1][SYNC][id:e32feb67...]DownloadingBlockQueue: clearQueue and ReleaseFreeMemory
info|2022-09-11 08:29:28.649471|[g:1][SYNC][id:e32feb67...]DownloadingBlockQueue: clearQueue and ReleaseFreeMemory
info|2022-09-11 08:29:28.933683|[g:1][SYNC][id:e32feb67...]DownloadingBlockQueue: clearQueue and ReleaseFreeMemory
info|2022-09-11 08:29:29.089518|[g:1][SYNC][id:e32feb67...]DownloadingBlockQueue: clearQueue and ReleaseFreeMemory
info|2022-09-11 08:29:29.388064|[g:1][SYNC][id:e32feb67...]DownloadingBlockQueue: clearQueue and ReleaseFreeMemory
info|2022-09-11 08:29:29.591473|[g:1][SYNC][id:e32feb67...]DownloadingBlockQueue: clearQueue and ReleaseFreeMemory
info|2022-09-11 08:29:29.803935|[g:1][SYNC][id:e32feb67...]DownloadingBlockQueue: clearQueue and ReleaseFreeMemory
info|2022-09-11 08:29:30.064462|[g:1][SYNC][id:e32feb67...]DownloadingBlockQueue: clearQueue and ReleaseFreeMemory
info|2022-09-11 08:29:30.289940|[g:1][SYNC][id:e32feb67...]DownloadingBlockQueue: clearQueue and ReleaseFreeMemory
info|2022-09-11 08:29:30.530135|[g:1][SYNC][id:e32feb67...]DownloadingBlockQueue: clearQueue and ReleaseFreeMemory
info|2022-09-11 08:29:30.758228|[g:1][SYNC][id:e32feb67...]DownloadingBlockQueue: clearQueue and ReleaseFreeMemory
info|2022-09-11 08:29:31.087971|[g:1][SYNC][id:e32feb67...]DownloadingBlockQueue: clearQueue and ReleaseFreeMemory
info|2022-09-11 08:29:31.299226|[g:1][SYNC][id:e32feb67...]DownloadingBlockQueue: clearQueue and ReleaseFreeMemory
info|2022-09-11 08:29:31.494685|[g:1][SYNC][id:e32feb67...]DownloadingBlockQueue: clearQueue and ReleaseFreeMemory
info|2022-09-11 08:29:31.698910|[g:1][SYNC][id:e32feb67...]DownloadingBlockQueue: clearQueue and ReleaseFreeMemory
info|2022-09-11 08:29:31.915022|[g:1][SYNC][id:e32feb67...]DownloadingBlockQueue: clearQueue and ReleaseFreeMemory
info|2022-09-11 08:29:32.122836|[g:1][SYNC][id:e32feb67...]DownloadingBlockQueue: clearQueue and ReleaseFreeMemory
info|2022-09-11 08:29:32.332693|[g:1][SYNC][id:e32feb67...]DownloadingBlockQueue: clearQueue and ReleaseFreeMemory
info|2022-09-11 08:29:32.548722|[g:1][SYNC][id:e32feb67...]DownloadingBlockQueue: clearQueue and ReleaseFreeMemory
info|2022-09-11 08:29:32.754447|[g:1][SYNC][id:e32feb67...]DownloadingBlockQueue: clearQueue and ReleaseFreeMemory
info|2022-09-11 08:29:32.913948|[P2P][Service] heartBeat,connected count=2
info|2022-09-11 08:29:32.993618|[g:1][SYNC][id:e32feb67...]DownloadingBlockQueue: clearQueue and ReleaseFreeMemory
info|2022-09-11 08:29:33.209237|[g:1][SYNC][id:e32feb67...]DownloadingBlockQueue: clearQueue and ReleaseFreeMemory
info|2022-09-11 08:29:33.410318|[g:1][SYNC][id:e32feb67...]DownloadingBlockQueue: clearQueue and ReleaseFreeMemory
info|2022-09-11 08:29:33.611616|[g:1][SYNC][id:e32feb67...]DownloadingBlockQueue: clearQueue and ReleaseFreeMemory
info|2022-09-11 08:29:33.812126|[g:1][SYNC][id:e32feb67...]DownloadingBlockQueue: clearQueue and ReleaseFreeMemory
info|2022-09-11 08:29:34.013526|[g:1][SYNC][id:e32feb67...]DownloadingBlockQueue: clearQueue and ReleaseFreeMemory
info|2022-09-11 08:29:34.214785|[g:1][SYNC][id:e32feb67...]DownloadingBlockQueue: clearQueue and ReleaseFreeMemory
info|2022-09-11 08:29:34.415366|[g:1][SYNC][id:e32feb67...]DownloadingBlockQueue: clearQueue and ReleaseFreeMemory
info|2022-09-11 08:29:34.617694|[g:1][SYNC][id:e32feb67...]DownloadingBlockQueue: clearQueue and ReleaseFreeMemory
info|2022-09-11 08:29:34.817945|[g:1][SYNC][id:e32feb67...]DownloadingBlockQueue: clearQueue and ReleaseFreeMemory
info|2022-09-11 08:29:35.018512|[g:1][SYNC][id:e32feb67...]DownloadingBlockQueue: clearQueue and ReleaseFreeMemory
info|2022-09-11 08:29:35.241204|[g:1][SYNC][id:e32feb67...]DownloadingBlockQueue: clearQueue and ReleaseFreeMemory
info|2022-09-11 08:29:35.441352|[g:1][SYNC][id:e32feb67...]DownloadingBlockQueue: clearQueue and ReleaseFreeMemory
info|2022-09-11 08:29:35.644079|[g:1][SYNC][id:e32feb67...]DownloadingBlockQueue: clearQueue and ReleaseFreeMemory
info|2022-09-11 08:29:35.844440|[g:1][SYNC][id:e32feb67...]DownloadingBlockQueue: clearQueue and ReleaseFreeMemory
info|2022-09-11 08:29:36.044909|[g:1][SYNC][id:e32feb67...]DownloadingBlockQueue: clearQueue and ReleaseFreeMemory
info|2022-09-11 08:29:36.245316|[g:1][SYNC][id:e32feb67...]DownloadingBlockQueue: clearQueue and ReleaseFreeMemory
info|2022-09-11 08:29:36.446853|[g:1][SYNC][id:e32feb67...]DownloadingBlockQueue: clearQueue and ReleaseFreeMemory
info|2022-09-11 08:29:36.650336|[g:1][SYNC][id:e32feb67...]DownloadingBlockQueue: clearQueue and ReleaseFreeMemory
info|2022-09-11 08:29:36.851278|[g:1][SYNC][id:e32feb67...]DownloadingBlockQueue: clearQueue and ReleaseFreeMemory
info|2022-09-11 08:29:37.051598|[g:1][SYNC][id:e32feb67...]DownloadingBlockQueue: clearQueue and ReleaseFreeMemory
info|2022-09-11 08:29:37.252339|[g:1][SYNC][id:e32feb67...]DownloadingBlockQueue: clearQueue and ReleaseFreeMemory
info|2022-09-11 08:29:37.454267|[g:1][SYNC][id:e32feb67...]DownloadingBlockQueue: clearQueue and ReleaseFreeMemory
info|2022-09-11 08:29:37.654498|[g:1][SYNC][id:e32feb67...]DownloadingBlockQueue: clearQueue and ReleaseFreeMemory
info|2022-09-11 08:29:37.855438|[g:1][SYNC][id:e32feb67...]DownloadingBlockQueue: clearQueue and ReleaseFreeMemory
info|2022-09-11 08:29:38.056923|[g:1][SYNC][id:e32feb67...]DownloadingBlockQueue: clearQueue and ReleaseFreeMemory
info|2022-09-11 08:29:38.257959|[g:1][SYNC][id:e32feb67...]DownloadingBlockQueue: clearQueue and ReleaseFreeMemory
info|2022-09-11 08:29:38.458924|[g:1][SYNC][id:e32feb67...]DownloadingBlockQueue: clearQueue and ReleaseFreeMemory
info|2022-09-11 08:29:38.662202|[g:1][SYNC][id:e32feb67...]DownloadingBlockQueue: clearQueue and ReleaseFreeMemory
info|2022-09-11 08:29:38.863864|[g:1][SYNC][id:e32feb67...]DownloadingBlockQueue: clearQueue and ReleaseFreeMemory
info|2022-09-11 08:29:39.064333|[g:1][SYNC][id:e32feb67...]DownloadingBlockQueue: clearQueue and ReleaseFreeMemory
info|2022-09-11 08:29:39.265447|[g:1][SYNC][id:e32feb67...]DownloadingBlockQueue: clearQueue and ReleaseFreeMemory
info|2022-09-11 08:29:39.467062|[g:1][SYNC][id:e32feb67...]DownloadingBlockQueue: clearQueue and ReleaseFreeMemory
info|2022-09-11 08:29:39.667459|[g:1][SYNC][id:e32feb67...]DownloadingBlockQueue: clearQueue and ReleaseFreeMemory
info|2022-09-11 08:29:39.868542|[g:1][SYNC][id:e32feb67...]DownloadingBlockQueue: clearQueue and ReleaseFreeMemory
info|2022-09-11 08:29:40.069201|[g:1][SYNC][id:e32feb67...]DownloadingBlockQueue: clearQueue and ReleaseFreeMemory
info|2022-09-11 08:29:40.269816|[g:1][SYNC][id:e32feb67...]DownloadingBlockQueue: clearQueue and ReleaseFreeMemory
info|2022-09-11 08:29:42.836217|[g:1][SYNC][id:e32feb67...]DownloadingBlockQueue: clearQueue and ReleaseFreeMemory
