info|2022-09-12 16:50:52.923315|[g:1][SYNC][id:e32feb67...]DownloadingBlockQueue: clearQueue and ReleaseFreeMemory
info|2022-09-12 16:50:53.166892|[g:1][SYNC][id:e32feb67...]DownloadingBlockQueue: clearQueue and ReleaseFreeMemory
info|2022-09-12 16:50:53.361185|[g:1][SYNC][id:e32feb67...]DownloadingBlockQueue: clearQueue and ReleaseFreeMemory
info|2022-09-12 16:50:53.515973|[g:1][CONSENSUS]addRawPrepare,height=1,reqIdx=0,hash=18a71101...,time=0
info|2022-09-12 16:50:53.516336|[g:1][SYNC][id:e32feb67...]DownloadingBlockQueue: clearQueue and ReleaseFreeMemory
info|2022-09-12 16:50:53.517032|[g:1][CONSENSUS][PBFT]checkTimeout Succ,view=5616,toView=5617,nodeIdx=2,changeCycle=1,myNode=e32feb67...,timecost=1
info|2022-09-12 16:50:53.517314|[g:1][SYNC][id:e32feb67...]DownloadingBlockQueue: clearQueue and ReleaseFreeMemory
info|2022-09-12 16:50:53.526964|[g:1][CONSENSUS][PBFT]checkAndChangeView: Reach consensus,org_view=5616,cur_changeCycle=1,curView=5616,view=5617
info|2022-09-12 16:50:53.529035|[g:1][SYNC][id:e32feb67...]DownloadingBlockQueue: clearQueue and ReleaseFreeMemory
info|2022-09-12 16:50:53.770853|[g:1][SYNC][id:e32feb67...]DownloadingBlockQueue: clearQueue and ReleaseFreeMemory
info|2022-09-12 16:50:53.971497|[g:1][SYNC][id:e32feb67...]DownloadingBlockQueue: clearQueue and ReleaseFreeMemory
info|2022-09-12 16:50:54.171852|[g:1][SYNC][id:e32feb67...]DownloadingBlockQueue: clearQueue and ReleaseFreeMemory
info|2022-09-12 16:50:54.372924|[g:1][SYNC][id:e32feb67...]DownloadingBlockQueue: clearQueue and ReleaseFreeMemory
info|2022-09-12 16:50:54.537008|[g:1][CONSENSUS][PBFT]Trigger fast-viewchange,view=5617,toView=5617,minView=5618,INFO=,reqNum=0,curNum=0,GenIdx=1,Cview=5618,view=5617,fromIdx=1,fromNode=59b384e6...,fromIp=172.25.0.3:48670,hash=78a38d4f...,nodeIdx=2,myNode=e32feb67...
info|2022-09-12 16:50:54.537332|[g:1][CONSENSUS][PBFT]checkTimeout Succ,view=5617,toView=5618,nodeIdx=2,changeCycle=2,myNode=e32feb67...,timecost=0
info|2022-09-12 16:50:54.539247|[g:1][SYNC][id:e32feb67...]DownloadingBlockQueue: clearQueue and ReleaseFreeMemory
info|2022-09-12 16:50:54.541615|[g:1][CONSENSUS][PBFT]checkAndChangeView: Reach consensus,org_view=5617,cur_changeCycle=2,curView=5617,view=5618
info|2022-09-12 16:50:54.542912|[g:1][SYNC][id:e32feb67...]DownloadingBlockQueue: clearQueue and ReleaseFreeMemory
info|2022-09-12 16:50:54.743680|[g:1][SYNC][id:e32feb67...]DownloadingBlockQueue: clearQueue and ReleaseFreeMemory
info|2022-09-12 16:50:54.944096|[g:1][SYNC][id:e32feb67...]DownloadingBlockQueue: clearQueue and ReleaseFreeMemory
info|2022-09-12 16:50:55.144502|[g:1][SYNC][id:e32feb67...]DownloadingBlockQueue: clearQueue and ReleaseFreeMemory
info|2022-09-12 16:50:55.344797|[g:1][SYNC][id:e32feb67...]DownloadingBlockQueue: clearQueue and ReleaseFreeMemory
info|2022-09-12 16:50:55.541542|[g:1][CONSENSUS][SEALER]++++++++++++++++ Generating seal on,blkNum=1,tx=0,nodeIdx=2,hash=f5f0bc42...
info|2022-09-12 16:50:55.542305|[g:1][SYNC][id:e32feb67...]DownloadingBlockQueue: clearQueue and ReleaseFreeMemory
info|2022-09-12 16:50:55.543994|[g:1][CONSENSUS][PBFT]checkTimeout Succ,view=5618,toView=5619,nodeIdx=2,changeCycle=1,myNode=e32feb67...,timecost=1
info|2022-09-12 16:50:55.548481|[g:1][SYNC][id:e32feb67...]DownloadingBlockQueue: clearQueue and ReleaseFreeMemory
info|2022-09-12 16:50:55.548945|[g:1][SYNC][id:e32feb67...]DownloadingBlockQueue: clearQueue and ReleaseFreeMemory
info|2022-09-12 16:50:55.555842|[g:1][CONSENSUS][PBFT]checkAndChangeView: Reach consensus,org_view=5618,cur_changeCycle=1,curView=5618,view=5619
info|2022-09-12 16:50:55.555961|[g:1][SYNC][id:e32feb67...]DownloadingBlockQueue: clearQueue and ReleaseFreeMemory
info|2022-09-12 16:50:55.644939|[P2P][Service] heartBeat,connected count=2
info|2022-09-12 16:50:55.756551|[g:1][SYNC][id:e32feb67...]DownloadingBlockQueue: clearQueue and ReleaseFreeMemory
info|2022-09-12 16:50:55.960542|[g:1][SYNC][id:e32feb67...]DownloadingBlockQueue: clearQueue and ReleaseFreeMemory
info|2022-09-12 16:50:56.160859|[g:1][SYNC][id:e32feb67...]DownloadingBlockQueue: clearQueue and ReleaseFreeMemory
info|2022-09-12 16:50:56.361133|[g:1][SYNC][id:e32feb67...]DownloadingBlockQueue: clearQueue and ReleaseFreeMemory
info|2022-09-12 16:50:56.561958|[g:1][SYNC][id:e32feb67...]DownloadingBlockQueue: clearQueue and ReleaseFreeMemory
info|2022-09-12 16:50:56.562608|[g:1][CONSENSUS]addRawPrepare,height=1,reqIdx=0,hash=2f2c1530...,time=0
info|2022-09-12 16:50:56.563006|[g:1][CONSENSUS][PBFT]checkTimeout Succ,view=5619,toView=5620,nodeIdx=2,changeCycle=1,myNode=e32feb67...,timecost=1
info|2022-09-12 16:50:56.563984|[g:1][SYNC][id:e32feb67...]DownloadingBlockQueue: clearQueue and ReleaseFreeMemory
info|2022-09-12 16:50:56.566384|[g:1][CONSENSUS][PBFT]checkAndChangeView: Reach consensus,org_view=5619,cur_changeCycle=1,curView=5619,view=5620
info|2022-09-12 16:50:56.566592|[g:1][SYNC][id:e32feb67...]DownloadingBlockQueue: clearQueue and ReleaseFreeMemory
info|2022-09-12 16:50:56.767111|[g:1][SYNC][id:e32feb67...]DownloadingBlockQueue: clearQueue and ReleaseFreeMemory
info|2022-09-12 16:50:56.978275|[g:1][SYNC][id:e32feb67...]DownloadingBlockQueue: clearQueue and ReleaseFreeMemory
info|2022-09-12 16:50:57.177772|[g:1][SYNC][id:e32feb67...]DownloadingBlockQueue: clearQueue and ReleaseFreeMemory
info|2022-09-12 16:50:57.378217|[g:1][SYNC][id:e32feb67...]DownloadingBlockQueue: clearQueue and ReleaseFreeMemory
info|2022-09-12 16:50:57.570540|[g:1][CONSENSUS]addRawPrepare,height=1,reqIdx=1,hash=b2089d01...,time=0
info|2022-09-12 16:50:57.572296|[g:1][SYNC][id:e32feb67...]DownloadingBlockQueue: clearQueue and ReleaseFreeMemory
info|2022-09-12 16:50:57.575328|[g:1][CONSENSUS][PBFT]checkTimeout Succ,view=5620,toView=5621,nodeIdx=2,changeCycle=1,myNode=e32feb67...,timecost=4
info|2022-09-12 16:50:57.578822|[g:1][SYNC][id:e32feb67...]DownloadingBlockQueue: clearQueue and ReleaseFreeMemory
info|2022-09-12 16:50:57.585277|[g:1][CONSENSUS][PBFT]checkAndChangeView: Reach consensus,org_view=5620,cur_changeCycle=1,curView=5620,view=5621
info|2022-09-12 16:50:57.597380|[g:1][SYNC][id:e32feb67...]DownloadingBlockQueue: clearQueue and ReleaseFreeMemory
info|2022-09-12 16:50:57.796743|[g:1][SYNC][id:e32feb67...]DownloadingBlockQueue: clearQueue and ReleaseFreeMemory
info|2022-09-12 16:50:57.997606|[g:1][SYNC][id:e32feb67...]DownloadingBlockQueue: clearQueue and ReleaseFreeMemory
info|2022-09-12 16:50:58.198148|[g:1][SYNC][id:e32feb67...]DownloadingBlockQueue: clearQueue and ReleaseFreeMemory
info|2022-09-12 16:50:58.398454|[g:1][SYNC][id:e32feb67...]DownloadingBlockQueue: clearQueue and ReleaseFreeMemory
info|2022-09-12 16:50:58.587472|[g:1][CONSENSUS][SEALER]++++++++++++++++ Generating seal on,blkNum=1,tx=0,nodeIdx=2,hash=d8f9e940...
info|2022-09-12 16:50:58.587719|[g:1][SYNC][id:e32feb67...]DownloadingBlockQueue: clearQueue and ReleaseFreeMemory
info|2022-09-12 16:50:58.590798|[g:1][CONSENSUS][PBFT]checkTimeout Succ,view=5621,toView=5622,nodeIdx=2,changeCycle=1,myNode=e32feb67...,timecost=2
info|2022-09-12 16:50:58.591712|[g:1][SYNC][id:e32feb67...]DownloadingBlockQueue: clearQueue and ReleaseFreeMemory
info|2022-09-12 16:50:58.593855|[g:1][CONSENSUS][PBFT]checkAndChangeView: Reach consensus,org_view=5621,cur_changeCycle=1,curView=5621,view=5622
info|2022-09-12 16:50:58.593944|[g:1][SYNC][id:e32feb67...]DownloadingBlockQueue: clearQueue and ReleaseFreeMemory
info|2022-09-12 16:50:58.594155|[g:1][SYNC][id:e32feb67...]DownloadingBlockQueue: clearQueue and ReleaseFreeMemory
info|2022-09-12 16:50:58.794787|[g:1][SYNC][id:e32feb67...]DownloadingBlockQueue: clearQueue and ReleaseFreeMemory
info|2022-09-12 16:50:58.996345|[g:1][SYNC][id:e32feb67...]DownloadingBlockQueue: clearQueue and ReleaseFreeMemory
info|2022-09-12 16:50:59.197370|[g:1][SYNC][id:e32feb67...]DownloadingBlockQueue: clearQueue and ReleaseFreeMemory
info|2022-09-12 16:50:59.397650|[g:1][SYNC][id:e32feb67...]DownloadingBlockQueue: clearQueue and ReleaseFreeMemory
info|2022-09-12 16:50:59.599005|[g:1][CONSENSUS]addRawPrepare,height=1,reqIdx=0,hash=16762328...,time=1
info|2022-09-12 16:50:59.599495|[g:1][CONSENSUS][PBFT]checkTimeout Succ,view=5622,toView=5623,nodeIdx=2,changeCycle=1,myNode=e32feb67...,timecost=0
info|2022-09-12 16:50:59.600091|[g:1][SYNC][id:e32feb67...]DownloadingBlockQueue: clearQueue and ReleaseFreeMemory
info|2022-09-12 16:50:59.606242|[g:1][CONSENSUS][PBFT]checkAndChangeView: Reach consensus,org_view=5622,cur_changeCycle=1,curView=5622,view=5623
info|2022-09-12 16:50:59.606948|[g:1][SYNC][id:e32feb67...]DownloadingBlockQueue: clearQueue and ReleaseFreeMemory
info|2022-09-12 16:50:59.807200|[g:1][SYNC][id:e32feb67...]DownloadingBlockQueue: clearQueue and ReleaseFreeMemory
info|2022-09-12 16:51:00.008128|[g:1][SYNC][id:e32feb67...]DownloadingBlockQueue: clearQueue and ReleaseFreeMemory
info|2022-09-12 16:51:00.209534|[g:1][SYNC][id:e32feb67...]DownloadingBlockQueue: clearQueue and ReleaseFreeMemory
info|2022-09-12 16:51:00.409791|[g:1][SYNC][id:e32feb67...]DownloadingBlockQueue: clearQueue and ReleaseFreeMemory
info|2022-09-12 16:51:00.605502|[g:1][CONSENSUS]addRawPrepare,height=1,reqIdx=1,hash=35435f3b...,time=0
info|2022-09-12 16:51:00.606147|[g:1][SYNC][id:e32feb67...]DownloadingBlockQueue: clearQueue and ReleaseFreeMemory
info|2022-09-12 16:51:00.609060|[g:1][CONSENSUS][PBFT]checkTimeout Succ,view=5623,toView=5624,nodeIdx=2,changeCycle=1,myNode=e32feb67...,timecost=4
info|2022-09-12 16:51:00.609565|[g:1][SYNC][id:e32feb67...]DownloadingBlockQueue: clearQueue and ReleaseFreeMemory
info|2022-09-12 16:51:00.616727|[g:1][CONSENSUS][PBFT]checkAndChangeView: Reach consensus,org_view=5623,cur_changeCycle=1,curView=5623,view=5624
info|2022-09-12 16:51:00.617260|[g:1][SYNC][id:e32feb67...]DownloadingBlockQueue: clearQueue and ReleaseFreeMemory
info|2022-09-12 16:51:00.817437|[g:1][SYNC][id:e32feb67...]DownloadingBlockQueue: clearQueue and ReleaseFreeMemory
info|2022-09-12 16:51:01.030055|[g:1][SYNC][id:e32feb67...]DownloadingBlockQueue: clearQueue and ReleaseFreeMemory
info|2022-09-12 16:51:01.230358|[g:1][SYNC][id:e32feb67...]DownloadingBlockQueue: clearQueue and ReleaseFreeMemory
info|2022-09-12 16:51:01.430672|[g:1][SYNC][id:e32feb67...]DownloadingBlockQueue: clearQueue and ReleaseFreeMemory
info|2022-09-12 16:51:01.618285|[g:1][CONSENSUS][SEALER]++++++++++++++++ Generating seal on,blkNum=1,tx=0,nodeIdx=2,hash=7b18215a...
info|2022-09-12 16:51:01.619042|[g:1][CONSENSUS][PBFT]checkTimeout Succ,view=5624,toView=5625,nodeIdx=2,changeCycle=1,myNode=e32feb67...,timecost=1
info|2022-09-12 16:51:01.619956|[g:1][SYNC][id:e32feb67...]DownloadingBlockQueue: clearQueue and ReleaseFreeMemory
info|2022-09-12 16:51:01.627347|[g:1][CONSENSUS][PBFT]checkAndChangeView: Reach consensus,org_view=5624,cur_changeCycle=1,curView=5624,view=5625
info|2022-09-12 16:51:01.627640|[g:1][SYNC][id:e32feb67...]DownloadingBlockQueue: clearQueue and ReleaseFreeMemory
info|2022-09-12 16:51:01.828334|[g:1][SYNC][id:e32feb67...]DownloadingBlockQueue: clearQueue and ReleaseFreeMemory
info|2022-09-12 16:51:02.029914|[g:1][SYNC][id:e32feb67...]DownloadingBlockQueue: clearQueue and ReleaseFreeMemory
info|2022-09-12 16:51:02.230396|[g:1][SYNC][id:e32feb67...]DownloadingBlockQueue: clearQueue and ReleaseFreeMemory
info|2022-09-12 16:51:02.430822|[g:1][SYNC][id:e32feb67...]DownloadingBlockQueue: clearQueue and ReleaseFreeMemory
info|2022-09-12 16:51:02.630988|[g:1][CONSENSUS]addRawPrepare,height=1,reqIdx=0,hash=08093888...,time=0
info|2022-09-12 16:51:02.632865|[g:1][SYNC][id:e32feb67...]DownloadingBlockQueue: clearQueue and ReleaseFreeMemory
info|2022-09-12 16:51:02.633591|[g:1][CONSENSUS][PBFT]checkTimeout Succ,view=5625,toView=5626,nodeIdx=2,changeCycle=1,myNode=e32feb67...,timecost=2
info|2022-09-12 16:51:02.635454|[g:1][SYNC][id:e32feb67...]DownloadingBlockQueue: clearQueue and ReleaseFreeMemory
info|2022-09-12 16:51:02.637138|[g:1][CONSENSUS][PBFT]checkAndChangeView: Reach consensus,org_view=5625,cur_changeCycle=1,curView=5625,view=5626
info|2022-09-12 16:51:02.637986|[g:1][SYNC][id:e32feb67...]DownloadingBlockQueue: clearQueue and ReleaseFreeMemory
info|2022-09-12 16:51:02.838402|[g:1][SYNC][id:e32feb67...]DownloadingBlockQueue: clearQueue and ReleaseFreeMemory
info|2022-09-12 16:51:03.039027|[g:1][SYNC][id:e32feb67...]DownloadingBlockQueue: clearQueue and ReleaseFreeMemory
info|2022-09-12 16:51:03.240090|[g:1][SYNC][id:e32feb67...]DownloadingBlockQueue: clearQueue and ReleaseFreeMemory
info|2022-09-12 16:51:03.440519|[g:1][SYNC][id:e32feb67...]DownloadingBlockQueue: clearQueue and ReleaseFreeMemory
info|2022-09-12 16:51:03.640951|[g:1][SYNC][id:e32feb67...]DownloadingBlockQueue: clearQueue and ReleaseFreeMemory
info|2022-09-12 16:51:03.641315|[g:1][CONSENSUS]addRawPrepare,height=1,reqIdx=1,hash=b09212b3...,time=0
info|2022-09-12 16:51:03.641499|[g:1][SYNC][id:e32feb67...]DownloadingBlockQueue: clearQueue and ReleaseFreeMemory
info|2022-09-12 16:51:03.641960|[g:1][CONSENSUS][PBFT]checkTimeout Succ,view=5626,toView=5627,nodeIdx=2,changeCycle=1,myNode=e32feb67...,timecost=0
info|2022-09-12 16:51:03.642153|[g:1][SYNC][id:e32feb67...]DownloadingBlockQueue: clearQueue and ReleaseFreeMemory
info|2022-09-12 16:51:03.645036|[g:1][CONSENSUS][PBFT]checkAndChangeView: Reach consensus,org_view=5626,cur_changeCycle=1,curView=5626,view=5627
info|2022-09-12 16:51:03.645165|[g:1][SYNC][id:e32feb67...]DownloadingBlockQueue: clearQueue and ReleaseFreeMemory
info|2022-09-12 16:51:03.845670|[g:1][SYNC][id:e32feb67...]DownloadingBlockQueue: clearQueue and ReleaseFreeMemory
info|2022-09-12 16:51:04.046971|[g:1][SYNC][id:e32feb67...]DownloadingBlockQueue: clearQueue and ReleaseFreeMemory
info|2022-09-12 16:51:04.257310|[g:1][SYNC][id:e32feb67...]DownloadingBlockQueue: clearQueue and ReleaseFreeMemory
info|2022-09-12 16:51:04.458013|[g:1][SYNC][id:e32feb67...]DownloadingBlockQueue: clearQueue and ReleaseFreeMemory
info|2022-09-12 16:51:04.645931|[g:1][CONSENSUS][SEALER]++++++++++++++++ Generating seal on,blkNum=1,tx=0,nodeIdx=2,hash=a7c840ac...
info|2022-09-12 16:51:04.646358|[g:1][SYNC][id:e32feb67...]DownloadingBlockQueue: clearQueue and ReleaseFreeMemory
info|2022-09-12 16:51:04.651746|[g:1][SYNC][id:e32feb67...]DownloadingBlockQueue: clearQueue and ReleaseFreeMemory
info|2022-09-12 16:51:04.652376|[g:1][CONSENSUS][PBFT]checkTimeout Succ,view=5627,toView=5628,nodeIdx=2,changeCycle=1,myNode=e32feb67...,timecost=1
info|2022-09-12 16:51:04.657022|[g:1][SYNC][id:e32feb67...]DownloadingBlockQueue: clearQueue and ReleaseFreeMemory
info|2022-09-12 16:51:04.657602|[g:1][CONSENSUS][PBFT]checkAndChangeView: Reach consensus,org_view=5627,cur_changeCycle=1,curView=5627,view=5628
info|2022-09-12 16:51:04.657961|[g:1][SYNC][id:e32feb67...]DownloadingBlockQueue: clearQueue and ReleaseFreeMemory
info|2022-09-12 16:51:04.858528|[g:1][SYNC][id:e32feb67...]DownloadingBlockQueue: clearQueue and ReleaseFreeMemory
info|2022-09-12 16:51:05.058745|[g:1][SYNC][id:e32feb67...]DownloadingBlockQueue: clearQueue and ReleaseFreeMemory
info|2022-09-12 16:51:05.259063|[g:1][SYNC][id:e32feb67...]DownloadingBlockQueue: clearQueue and ReleaseFreeMemory
info|2022-09-12 16:51:05.459567|[g:1][SYNC][id:e32feb67...]DownloadingBlockQueue: clearQueue and ReleaseFreeMemory
info|2022-09-12 16:51:05.645645|[P2P][Service] heartBeat,connected count=2
info|2022-09-12 16:51:05.658916|[g:1][CONSENSUS]addRawPrepare,height=1,reqIdx=0,hash=8d054ced...,time=0
info|2022-09-12 16:51:05.659514|[g:1][SYNC][id:e32feb67...]DownloadingBlockQueue: clearQueue and ReleaseFreeMemory
info|2022-09-12 16:51:05.660534|[g:1][CONSENSUS][PBFT]checkTimeout Succ,view=5628,toView=5629,nodeIdx=2,changeCycle=1,myNode=e32feb67...,timecost=1
info|2022-09-12 16:51:05.661138|[g:1][SYNC][id:e32feb67...]DownloadingBlockQueue: clearQueue and ReleaseFreeMemory
info|2022-09-12 16:51:05.665521|[g:1][CONSENSUS][PBFT]checkAndChangeView: Reach consensus,org_view=5628,cur_changeCycle=1,curView=5628,view=5629
info|2022-09-12 16:51:05.665787|[g:1][SYNC][id:e32feb67...]DownloadingBlockQueue: clearQueue and ReleaseFreeMemory
info|2022-09-12 16:51:05.867962|[g:1][SYNC][id:e32feb67...]DownloadingBlockQueue: clearQueue and ReleaseFreeMemory
info|2022-09-12 16:51:06.068298|[g:1][SYNC][id:e32feb67...]DownloadingBlockQueue: clearQueue and ReleaseFreeMemory
info|2022-09-12 16:51:06.268648|[g:1][SYNC][id:e32feb67...]DownloadingBlockQueue: clearQueue and ReleaseFreeMemory
info|2022-09-12 16:51:06.469120|[g:1][SYNC][id:e32feb67...]DownloadingBlockQueue: clearQueue and ReleaseFreeMemory
info|2022-09-12 16:51:06.669486|[g:1][SYNC][id:e32feb67...]DownloadingBlockQueue: clearQueue and ReleaseFreeMemory
info|2022-09-12 16:51:06.673411|[g:1][CONSENSUS]addRawPrepare,height=1,reqIdx=1,hash=8864412d...,time=0
info|2022-09-12 16:51:06.674312|[g:1][SYNC][id:e32feb67...]DownloadingBlockQueue: clearQueue and ReleaseFreeMemory
info|2022-09-12 16:51:06.677623|[g:1][CONSENSUS][PBFT]checkTimeout Succ,view=5629,toView=5630,nodeIdx=2,changeCycle=1,myNode=e32feb67...,timecost=3
info|2022-09-12 16:51:06.678066|[g:1][SYNC][id:e32feb67...]DownloadingBlockQueue: clearQueue and ReleaseFreeMemory
info|2022-09-12 16:51:06.683893|[g:1][CONSENSUS][PBFT]checkAndChangeView: Reach consensus,org_view=5629,cur_changeCycle=1,curView=5629,view=5630
info|2022-09-12 16:51:06.684268|[g:1][SYNC][id:e32feb67...]DownloadingBlockQueue: clearQueue and ReleaseFreeMemory
info|2022-09-12 16:51:06.884684|[g:1][SYNC][id:e32feb67...]DownloadingBlockQueue: clearQueue and ReleaseFreeMemory
info|2022-09-12 16:51:07.085013|[g:1][SYNC][id:e32feb67...]DownloadingBlockQueue: clearQueue and ReleaseFreeMemory
info|2022-09-12 16:51:07.285293|[g:1][SYNC][id:e32feb67...]DownloadingBlockQueue: clearQueue and ReleaseFreeMemory
info|2022-09-12 16:51:07.485554|[g:1][SYNC][id:e32feb67...]DownloadingBlockQueue: clearQueue and ReleaseFreeMemory
info|2022-09-12 16:51:07.684777|[g:1][CONSENSUS][SEALER]++++++++++++++++ Generating seal on,blkNum=1,tx=0,nodeIdx=2,hash=9a2cf256...
info|2022-09-12 16:51:07.695124|[g:1][SYNC][id:e32feb67...]DownloadingBlockQueue: clearQueue and ReleaseFreeMemory
info|2022-09-12 16:51:07.706651|[g:1][SYNC][id:e32feb67...]DownloadingBlockQueue: clearQueue and ReleaseFreeMemory
info|2022-09-12 16:51:07.706727|[g:1][CONSENSUS][PBFT]checkTimeout Succ,view=5630,toView=5631,nodeIdx=2,changeCycle=1,myNode=e32feb67...,timecost=0
info|2022-09-12 16:51:07.706884|[g:1][SYNC][id:e32feb67...]DownloadingBlockQueue: clearQueue and ReleaseFreeMemory
info|2022-09-12 16:51:07.709732|[g:1][CONSENSUS][PBFT]checkAndChangeView: Reach consensus,org_view=5630,cur_changeCycle=1,curView=5630,view=5631
info|2022-09-12 16:51:07.709910|[g:1][SYNC][id:e32feb67...]DownloadingBlockQueue: clearQueue and ReleaseFreeMemory
info|2022-09-12 16:51:07.910713|[g:1][SYNC][id:e32feb67...]DownloadingBlockQueue: clearQueue and ReleaseFreeMemory
info|2022-09-12 16:51:08.112037|[g:1][SYNC][id:e32feb67...]DownloadingBlockQueue: clearQueue and ReleaseFreeMemory
info|2022-09-12 16:51:08.312722|[g:1][SYNC][id:e32feb67...]DownloadingBlockQueue: clearQueue and ReleaseFreeMemory
info|2022-09-12 16:51:08.513246|[g:1][SYNC][id:e32feb67...]DownloadingBlockQueue: clearQueue and ReleaseFreeMemory
info|2022-09-12 16:51:08.711686|[g:1][CONSENSUS]addRawPrepare,height=1,reqIdx=0,hash=bcd507d2...,time=0
info|2022-09-12 16:51:08.712420|[g:1][CONSENSUS][PBFT]checkTimeout Succ,view=5631,toView=5632,nodeIdx=2,changeCycle=1,myNode=e32feb67...,timecost=1
info|2022-09-12 16:51:08.712894|[g:1][SYNC][id:e32feb67...]DownloadingBlockQueue: clearQueue and ReleaseFreeMemory
info|2022-09-12 16:51:08.716265|[g:1][CONSENSUS][PBFT]checkAndChangeView: Reach consensus,org_view=5631,cur_changeCycle=1,curView=5631,view=5632
info|2022-09-12 16:51:08.716395|[g:1][SYNC][id:e32feb67...]DownloadingBlockQueue: clearQueue and ReleaseFreeMemory
info|2022-09-12 16:51:08.916629|[g:1][SYNC][id:e32feb67...]DownloadingBlockQueue: clearQueue and ReleaseFreeMemory
info|2022-09-12 16:51:09.119688|[g:1][SYNC][id:e32feb67...]DownloadingBlockQueue: clearQueue and ReleaseFreeMemory
info|2022-09-12 16:51:09.320290|[g:1][SYNC][id:e32feb67...]DownloadingBlockQueue: clearQueue and ReleaseFreeMemory
info|2022-09-12 16:51:09.521228|[g:1][SYNC][id:e32feb67...]DownloadingBlockQueue: clearQueue and ReleaseFreeMemory
info|2022-09-12 16:51:09.720931|[g:1][CONSENSUS]addRawPrepare,height=1,reqIdx=1,hash=7ae053ca...,time=0
info|2022-09-12 16:51:09.721565|[g:1][SYNC][id:e32feb67...]DownloadingBlockQueue: clearQueue and ReleaseFreeMemory
info|2022-09-12 16:51:09.723524|[g:1][CONSENSUS][PBFT]checkTimeout Succ,view=5632,toView=5633,nodeIdx=2,changeCycle=1,myNode=e32feb67...,timecost=2
info|2022-09-12 16:51:09.727029|[g:1][SYNC][id:e32feb67...]DownloadingBlockQueue: clearQueue and ReleaseFreeMemory
info|2022-09-12 16:51:09.729674|[g:1][CONSENSUS][PBFT]checkAndChangeView: Reach consensus,org_view=5632,cur_changeCycle=1,curView=5632,view=5633
info|2022-09-12 16:51:09.730124|[g:1][SYNC][id:e32feb67...]DownloadingBlockQueue: clearQueue and ReleaseFreeMemory
info|2022-09-12 16:51:09.934766|[g:1][SYNC][id:e32feb67...]DownloadingBlockQueue: clearQueue and ReleaseFreeMemory
info|2022-09-12 16:51:10.135172|[g:1][SYNC][id:e32feb67...]DownloadingBlockQueue: clearQueue and ReleaseFreeMemory
info|2022-09-12 16:51:10.335541|[g:1][SYNC][id:e32feb67...]DownloadingBlockQueue: clearQueue and ReleaseFreeMemory
info|2022-09-12 16:51:10.535868|[g:1][SYNC][id:e32feb67...]DownloadingBlockQueue: clearQueue and ReleaseFreeMemory
info|2022-09-12 16:51:10.730374|[g:1][CONSENSUS][SEALER]++++++++++++++++ Generating seal on,blkNum=1,tx=0,nodeIdx=2,hash=f66e929c...
info|2022-09-12 16:51:10.731409|[g:1][SYNC][id:e32feb67...]DownloadingBlockQueue: clearQueue and ReleaseFreeMemory
info|2022-09-12 16:51:10.738952|[g:1][CONSENSUS][PBFT]checkTimeout Succ,view=5633,toView=5634,nodeIdx=2,changeCycle=1,myNode=e32feb67...,timecost=1
info|2022-09-12 16:51:10.739375|[g:1][SYNC][id:e32feb67...]DownloadingBlockQueue: clearQueue and ReleaseFreeMemory
info|2022-09-12 16:51:10.739488|[g:1][SYNC][id:e32feb67...]DownloadingBlockQueue: clearQueue and ReleaseFreeMemory
info|2022-09-12 16:51:10.740880|[g:1][CONSENSUS][PBFT]checkAndChangeView: Reach consensus,org_view=5633,cur_changeCycle=1,curView=5633,view=5634
info|2022-09-12 16:51:10.741527|[g:1][SYNC][id:e32feb67...]DownloadingBlockQueue: clearQueue and ReleaseFreeMemory
info|2022-09-12 16:51:10.941819|[g:1][SYNC][id:e32feb67...]DownloadingBlockQueue: clearQueue and ReleaseFreeMemory
