warning|2022-09-11 08:29:12.755926|[g:1][CONSENSUS][PBFT]ViewChangeWarning: not caused by omit empty block ,v=5600,toV=5606,curNum=0,hash=78a38d4f...,nodeIdx=1,myNode=59b384e6...
info|2022-09-11 08:29:12.756207|[g:1][CONSENSUS][PBFT]checkTimeout Succ,view=5600,toView=5606,nodeIdx=1,changeCycle=7,myNode=59b384e6...,timecost=1
info|2022-09-11 08:29:12.783286|[P2P][Service] heartBeat,connected count=2
error|2022-09-11 08:29:12.783325|[NETWORK][Session]Idle connection, disconnect ,endpoint=172.25.0.2:30300
info|2022-09-11 08:29:12.783336|[NETWORK][Session]drop, call and erase all callbackFunc in this session!,endpoint=172.25.0.2:30300
warning|2022-09-11 08:29:12.783357|[NETWORK][Session][drop] closing remote 0.0.0.0:0,reason=(Idle connection for no network io happens during 5s time intervals.),endpoint=172.25.0.2:30300
error|2022-09-11 08:29:12.783418|[NETWORK][Session]Idle connection, disconnect ,endpoint=172.25.0.4:54548
info|2022-09-11 08:29:12.783428|[NETWORK][Session]drop, call and erase all callbackFunc in this session!,endpoint=172.25.0.4:54548
warning|2022-09-11 08:29:12.783746|[g:1][NETWORK][Session]Session inactived
warning|2022-09-11 08:29:12.783790|[g:1][NETWORK][Session]Session inactived
info|2022-09-11 08:29:12.794975|[g:1][SYNC][id:59b384e6...]DownloadingBlockQueue: clearQueue and ReleaseFreeMemory
warning|2022-09-11 08:29:12.794988|[NETWORK][Session][drop] closing remote 172.25.0.4:54548,reason=(Idle connection for no network io happens during 5s time intervals.),endpoint=172.25.0.4:54548
error|2022-09-11 08:29:12.795141|[NETWORK][Session]Session inactived
error|2022-09-11 08:29:12.795150|[NETWORK][Session]Session inactived
warning|2022-09-11 08:29:12.795165|[NETWORK][Session]doRead error,endpoint=172.25.0.2:30300,message=short read
error|2022-09-11 08:29:12.795174|[NETWORK][Session]Session inactived
warning|2022-09-11 08:29:12.795178|[NETWORK][Session]doRead error,endpoint=172.25.0.4:54548,message=Operation canceled
warning|2022-09-11 08:29:12.795193|[NETWORK][Session][drop] shutdown failed ,errorValue=9,message=Bad file descriptor
warning|2022-09-11 08:29:12.795200|[NETWORK][Session][drop] shutdown failed ,errorValue=9,message=Bad file descriptor
warning|2022-09-11 08:29:12.795330|[P2P][Service] disconnect error P2PSession,nodeID=e32feb67...,endpoint=172.25.0.4:54548,errorCode=3,what=Disconnect
warning|2022-09-11 08:29:12.795377|[P2P][Service] onDisconnect,errorCode=3,what=Dynamic exception type: dev::network::NetworkException
std::exception::what: Disconnect

warning|2022-09-11 08:29:12.802702|[P2P][Service] disconnect error P2PSession,nodeID=15b8b0ac...,endpoint=172.25.0.2:30300,errorCode=3,what=Disconnect
warning|2022-09-11 08:29:12.802780|[P2P][Service] onDisconnect,errorCode=3,what=Dynamic exception type: dev::network::NetworkException
std::exception::what: Disconnect

info|2022-09-11 08:29:10.324680|[g:1][SYNC][id:59b384e6...]DownloadingBlockQueue: clearQueue and ReleaseFreeMemory
info|2022-09-11 08:29:10.525729|[g:1][SYNC][id:59b384e6...]DownloadingBlockQueue: clearQueue and ReleaseFreeMemory
info|2022-09-11 08:29:10.725245|[g:1][SYNC][id:59b384e6...]DownloadingBlockQueue: clearQueue and ReleaseFreeMemory
info|2022-09-11 08:29:10.925354|[g:1][SYNC][id:59b384e6...]DownloadingBlockQueue: clearQueue and ReleaseFreeMemory
info|2022-09-11 08:29:11.125562|[g:1][SYNC][id:59b384e6...]DownloadingBlockQueue: clearQueue and ReleaseFreeMemory
info|2022-09-11 08:29:11.332215|[g:1][SYNC][id:59b384e6...]DownloadingBlockQueue: clearQueue and ReleaseFreeMemory
info|2022-09-11 08:29:11.533062|[g:1][SYNC][id:59b384e6...]DownloadingBlockQueue: clearQueue and ReleaseFreeMemory
info|2022-09-11 08:29:11.736208|[g:1][SYNC][id:59b384e6...]DownloadingBlockQueue: clearQueue and ReleaseFreeMemory
info|2022-09-11 08:29:11.957152|[g:1][SYNC][id:59b384e6...]DownloadingBlockQueue: clearQueue and ReleaseFreeMemory
info|2022-09-11 08:29:12.152754|[g:1][SYNC][id:59b384e6...]DownloadingBlockQueue: clearQueue and ReleaseFreeMemory
info|2022-09-11 08:29:12.353162|[g:1][SYNC][id:59b384e6...]DownloadingBlockQueue: clearQueue and ReleaseFreeMemory
info|2022-09-11 08:29:12.554583|[g:1][SYNC][id:59b384e6...]DownloadingBlockQueue: clearQueue and ReleaseFreeMemory
info|2022-09-11 08:29:12.755113|[g:1][SYNC][id:59b384e6...]DownloadingBlockQueue: clearQueue and ReleaseFreeMemory
info|2022-09-11 08:29:12.955261|[g:1][SYNC][id:59b384e6...]DownloadingBlockQueue: clearQueue and ReleaseFreeMemory
info|2022-09-11 08:29:13.155598|[g:1][SYNC][id:59b384e6...]DownloadingBlockQueue: clearQueue and ReleaseFreeMemory
info|2022-09-11 08:29:13.355895|[g:1][SYNC][id:59b384e6...]DownloadingBlockQueue: clearQueue and ReleaseFreeMemory
info|2022-09-11 08:29:13.556881|[g:1][SYNC][id:59b384e6...]DownloadingBlockQueue: clearQueue and ReleaseFreeMemory
info|2022-09-11 08:29:13.757069|[g:1][SYNC][id:59b384e6...]DownloadingBlockQueue: clearQueue and ReleaseFreeMemory
info|2022-09-11 08:29:13.957272|[g:1][SYNC][id:59b384e6...]DownloadingBlockQueue: clearQueue and ReleaseFreeMemory
info|2022-09-11 08:29:14.157814|[g:1][SYNC][id:59b384e6...]DownloadingBlockQueue: clearQueue and ReleaseFreeMemory
info|2022-09-11 08:29:14.443204|[g:1][SYNC][id:59b384e6...]DownloadingBlockQueue: clearQueue and ReleaseFreeMemory
info|2022-09-11 08:29:14.663600|[g:1][SYNC][id:59b384e6...]DownloadingBlockQueue: clearQueue and ReleaseFreeMemory
info|2022-09-11 08:29:14.864165|[g:1][SYNC][id:59b384e6...]DownloadingBlockQueue: clearQueue and ReleaseFreeMemory
info|2022-09-11 08:29:15.065779|[g:1][SYNC][id:59b384e6...]DownloadingBlockQueue: clearQueue and ReleaseFreeMemory
info|2022-09-11 08:29:15.267071|[g:1][SYNC][id:59b384e6...]DownloadingBlockQueue: clearQueue and ReleaseFreeMemory
info|2022-09-11 08:29:15.467466|[g:1][SYNC][id:59b384e6...]DownloadingBlockQueue: clearQueue and ReleaseFreeMemory
info|2022-09-11 08:29:15.668269|[g:1][SYNC][id:59b384e6...]DownloadingBlockQueue: clearQueue and ReleaseFreeMemory
info|2022-09-11 08:29:15.868491|[g:1][SYNC][id:59b384e6...]DownloadingBlockQueue: clearQueue and ReleaseFreeMemory
info|2022-09-11 08:29:16.096558|[g:1][SYNC][id:59b384e6...]DownloadingBlockQueue: clearQueue and ReleaseFreeMemory
info|2022-09-11 08:29:16.296170|[g:1][SYNC][id:59b384e6...]DownloadingBlockQueue: clearQueue and ReleaseFreeMemory
info|2022-09-11 08:29:16.527469|[g:1][SYNC][id:59b384e6...]DownloadingBlockQueue: clearQueue and ReleaseFreeMemory
info|2022-09-11 08:29:16.728594|[g:1][SYNC][id:59b384e6...]DownloadingBlockQueue: clearQueue and ReleaseFreeMemory
info|2022-09-11 08:29:16.928573|[g:1][SYNC][id:59b384e6...]DownloadingBlockQueue: clearQueue and ReleaseFreeMemory
info|2022-09-11 08:29:17.129592|[g:1][SYNC][id:59b384e6...]DownloadingBlockQueue: clearQueue and ReleaseFreeMemory
info|2022-09-11 08:29:17.329878|[g:1][SYNC][id:59b384e6...]DownloadingBlockQueue: clearQueue and ReleaseFreeMemory
info|2022-09-11 08:29:17.530446|[g:1][SYNC][id:59b384e6...]DownloadingBlockQueue: clearQueue and ReleaseFreeMemory
info|2022-09-11 08:29:17.734325|[g:1][SYNC][id:59b384e6...]DownloadingBlockQueue: clearQueue and ReleaseFreeMemory
info|2022-09-11 08:29:17.937314|[g:1][SYNC][id:59b384e6...]DownloadingBlockQueue: clearQueue and ReleaseFreeMemory
info|2022-09-11 08:29:18.137722|[g:1][SYNC][id:59b384e6...]DownloadingBlockQueue: clearQueue and ReleaseFreeMemory
info|2022-09-11 08:29:18.338302|[g:1][SYNC][id:59b384e6...]DownloadingBlockQueue: clearQueue and ReleaseFreeMemory
info|2022-09-11 08:29:18.541677|[g:1][SYNC][id:59b384e6...]DownloadingBlockQueue: clearQueue and ReleaseFreeMemory
info|2022-09-11 08:29:18.743718|[g:1][SYNC][id:59b384e6...]DownloadingBlockQueue: clearQueue and ReleaseFreeMemory
info|2022-09-11 08:29:18.944563|[g:1][SYNC][id:59b384e6...]DownloadingBlockQueue: clearQueue and ReleaseFreeMemory
info|2022-09-11 08:29:19.145569|[g:1][SYNC][id:59b384e6...]DownloadingBlockQueue: clearQueue and ReleaseFreeMemory
info|2022-09-11 08:29:19.345789|[g:1][SYNC][id:59b384e6...]DownloadingBlockQueue: clearQueue and ReleaseFreeMemory
info|2022-09-11 08:29:19.546407|[g:1][SYNC][id:59b384e6...]DownloadingBlockQueue: clearQueue and ReleaseFreeMemory
info|2022-09-11 08:29:19.746820|[g:1][SYNC][id:59b384e6...]DownloadingBlockQueue: clearQueue and ReleaseFreeMemory
info|2022-09-11 08:29:19.947973|[g:1][SYNC][id:59b384e6...]DownloadingBlockQueue: clearQueue and ReleaseFreeMemory
info|2022-09-11 08:29:20.149463|[g:1][SYNC][id:59b384e6...]DownloadingBlockQueue: clearQueue and ReleaseFreeMemory
info|2022-09-11 08:29:20.360728|[g:1][SYNC][id:59b384e6...]DownloadingBlockQueue: clearQueue and ReleaseFreeMemory
info|2022-09-11 08:29:20.561935|[g:1][SYNC][id:59b384e6...]DownloadingBlockQueue: clearQueue and ReleaseFreeMemory
info|2022-09-11 08:29:20.788144|[g:1][SYNC][id:59b384e6...]DownloadingBlockQueue: clearQueue and ReleaseFreeMemory
info|2022-09-11 08:29:20.990872|[g:1][SYNC][id:59b384e6...]DownloadingBlockQueue: clearQueue and ReleaseFreeMemory
info|2022-09-11 08:29:21.192073|[g:1][SYNC][id:59b384e6...]DownloadingBlockQueue: clearQueue and ReleaseFreeMemory
info|2022-09-11 08:29:21.402072|[g:1][SYNC][id:59b384e6...]DownloadingBlockQueue: clearQueue and ReleaseFreeMemory
info|2022-09-11 08:29:21.635979|[g:1][SYNC][id:59b384e6...]DownloadingBlockQueue: clearQueue and ReleaseFreeMemory
info|2022-09-11 08:29:21.840174|[g:1][SYNC][id:59b384e6...]DownloadingBlockQueue: clearQueue and ReleaseFreeMemory
info|2022-09-11 08:29:22.043975|[g:1][SYNC][id:59b384e6...]DownloadingBlockQueue: clearQueue and ReleaseFreeMemory
info|2022-09-11 08:29:22.250213|[g:1][SYNC][id:59b384e6...]DownloadingBlockQueue: clearQueue and ReleaseFreeMemory
info|2022-09-11 08:29:22.452220|[g:1][SYNC][id:59b384e6...]DownloadingBlockQueue: clearQueue and ReleaseFreeMemory
info|2022-09-11 08:29:22.656444|[g:1][SYNC][id:59b384e6...]DownloadingBlockQueue: clearQueue and ReleaseFreeMemory
info|2022-09-11 08:29:22.762116|[NETWORK][Host]P2P Recv Connect, From=172.25.0.2:55994
info|2022-09-11 08:29:22.762454|[NETWORK][Host]P2P StartAccept,Host=0.0.0.0:30300
info|2022-09-11 08:29:22.818321|[NETWORK][Host]Connecting to node,endpoint=172.25.0.2:30300
info|2022-09-11 08:29:22.821066|[NETWORK][Host]Connecting to node,endpoint=172.25.0.4:30300
info|2022-09-11 08:29:22.827105|[P2P][Service] heartBeat,connected count=0
info|2022-09-11 08:29:22.849960|[NETWORK][ASIO]asyncResolveConnect,endpoint=172.25.0.2:30300
info|2022-09-11 08:29:22.851708|[NETWORK][ASIO]asyncResolveConnect,endpoint=172.25.0.4:30300
info|2022-09-11 08:29:22.859521|[g:1][SYNC][id:59b384e6...]DownloadingBlockQueue: clearQueue and ReleaseFreeMemory
error|2022-09-11 08:29:22.931697|[NETWORK][Host]Get ca basic failed
info|2022-09-11 08:29:23.096431|[g:1][SYNC][id:59b384e6...]DownloadingBlockQueue: clearQueue and ReleaseFreeMemory
info|2022-09-11 08:29:23.231661|[NETWORK][Host]P2P Recv Connect, From=172.25.0.4:54564
info|2022-09-11 08:29:23.232002|[NETWORK][Host]P2P StartAccept,Host=0.0.0.0:30300
error|2022-09-11 08:29:23.236820|[NETWORK][Host]Get ca basic failed
info|2022-09-11 08:29:23.300021|[g:1][SYNC][id:59b384e6...]DownloadingBlockQueue: clearQueue and ReleaseFreeMemory
info|2022-09-11 08:29:23.386573|[NETWORK][Host]handshakeServer succ,remote endpoint=172.25.0.2:55994
info|2022-09-11 08:29:23.387004|[NETWORK][Host]startPeerSession, Remote=172.25.0.2:55994,local endpoint=172.25.0.3:30300,nodeID=15b8b0ac...
error|2022-09-11 08:29:23.394797|[NETWORK][Host]Get ca basic failed
info|2022-09-11 08:29:23.401093|[P2P][Service] Connection established,nodeID=15b8b0ac...,endpoint=172.25.0.2:55994
info|2022-09-11 08:29:23.651291|[g:1][SYNC][id:59b384e6...]DownloadingBlockQueue: clearQueue and ReleaseFreeMemory
info|2022-09-11 08:29:23.880157|[NETWORK][Host]handshakeClient succ,local endpoint=172.25.0.3:48664
info|2022-09-11 08:29:23.881701|[P2P][Service] Connection established,nodeID=e32feb67...,endpoint=172.25.0.4:30300
info|2022-09-11 08:29:23.886315|[NETWORK][Host]startPeerSession, Remote=172.25.0.4:30300,local endpoint=172.25.0.3:48664,nodeID=e32feb67...
info|2022-09-11 08:29:23.887680|[g:1][SYNC][id:59b384e6...]DownloadingBlockQueue: clearQueue and ReleaseFreeMemory
error|2022-09-11 08:29:23.898482|[NETWORK][Host]Get ca basic failed
info|2022-09-11 08:29:24.109305|[g:1][SYNC][id:59b384e6...]DownloadingBlockQueue: clearQueue and ReleaseFreeMemory
info|2022-09-11 08:29:24.150019|[NETWORK][Host]handshakeServer succ,remote endpoint=172.25.0.4:54564
info|2022-09-11 08:29:24.219446|[NETWORK][Host]startPeerSession, Remote=172.25.0.4:54564,local endpoint=172.25.0.3:30300,nodeID=e32feb67...
info|2022-09-11 08:29:24.293257|[NETWORK][Host]handshakeClient succ,local endpoint=172.25.0.3:38134
info|2022-09-11 08:29:24.293594|[NETWORK][Host]startPeerSession, Remote=172.25.0.2:30300,local endpoint=172.25.0.3:38134,nodeID=15b8b0ac...
info|2022-09-11 08:29:24.313094|[g:1][SYNC][id:59b384e6...]DownloadingBlockQueue: clearQueue and ReleaseFreeMemory
info|2022-09-11 08:29:24.521405|[g:1][SYNC][id:59b384e6...]DownloadingBlockQueue: clearQueue and ReleaseFreeMemory
info|2022-09-11 08:29:24.722777|[g:1][SYNC][id:59b384e6...]DownloadingBlockQueue: clearQueue and ReleaseFreeMemory
info|2022-09-11 08:29:24.925014|[g:1][SYNC][id:59b384e6...]DownloadingBlockQueue: clearQueue and ReleaseFreeMemory
info|2022-09-11 08:29:25.153938|[g:1][SYNC][id:59b384e6...]DownloadingBlockQueue: clearQueue and ReleaseFreeMemory
info|2022-09-11 08:29:25.365378|[g:1][SYNC][id:59b384e6...]DownloadingBlockQueue: clearQueue and ReleaseFreeMemory
info|2022-09-11 08:29:25.572947|[g:1][SYNC][id:59b384e6...]DownloadingBlockQueue: clearQueue and ReleaseFreeMemory
info|2022-09-11 08:29:25.773717|[g:1][SYNC][id:59b384e6...]DownloadingBlockQueue: clearQueue and ReleaseFreeMemory
info|2022-09-11 08:29:25.975654|[g:1][SYNC][id:59b384e6...]DownloadingBlockQueue: clearQueue and ReleaseFreeMemory
info|2022-09-11 08:29:26.199465|[g:1][SYNC][id:59b384e6...]DownloadingBlockQueue: clearQueue and ReleaseFreeMemory
info|2022-09-11 08:29:26.428712|[g:1][SYNC][id:59b384e6...]DownloadingBlockQueue: clearQueue and ReleaseFreeMemory
info|2022-09-11 08:29:26.627620|[g:1][SYNC][id:59b384e6...]DownloadingBlockQueue: clearQueue and ReleaseFreeMemory
info|2022-09-11 08:29:26.846084|[g:1][SYNC][id:59b384e6...]DownloadingBlockQueue: clearQueue and ReleaseFreeMemory
info|2022-09-11 08:29:27.057636|[g:1][SYNC][id:59b384e6...]DownloadingBlockQueue: clearQueue and ReleaseFreeMemory
info|2022-09-11 08:29:27.255891|[g:1][SYNC][id:59b384e6...]DownloadingBlockQueue: clearQueue and ReleaseFreeMemory
info|2022-09-11 08:29:27.457701|[g:1][SYNC][id:59b384e6...]DownloadingBlockQueue: clearQueue and ReleaseFreeMemory
info|2022-09-11 08:29:27.661140|[g:1][SYNC][id:59b384e6...]DownloadingBlockQueue: clearQueue and ReleaseFreeMemory
info|2022-09-11 08:29:27.865474|[g:1][SYNC][id:59b384e6...]DownloadingBlockQueue: clearQueue and ReleaseFreeMemory
info|2022-09-11 08:29:28.068397|[g:1][SYNC][id:59b384e6...]DownloadingBlockQueue: clearQueue and ReleaseFreeMemory
info|2022-09-11 08:29:28.298400|[g:1][SYNC][id:59b384e6...]DownloadingBlockQueue: clearQueue and ReleaseFreeMemory
info|2022-09-11 08:29:28.671657|[g:1][SYNC][id:59b384e6...]DownloadingBlockQueue: clearQueue and ReleaseFreeMemory
info|2022-09-11 08:29:28.936044|[g:1][SYNC][id:59b384e6...]DownloadingBlockQueue: clearQueue and ReleaseFreeMemory
info|2022-09-11 08:29:29.101747|[g:1][SYNC][id:59b384e6...]DownloadingBlockQueue: clearQueue and ReleaseFreeMemory
info|2022-09-11 08:29:29.386901|[g:1][SYNC][id:59b384e6...]DownloadingBlockQueue: clearQueue and ReleaseFreeMemory
info|2022-09-11 08:29:29.592779|[g:1][SYNC][id:59b384e6...]DownloadingBlockQueue: clearQueue and ReleaseFreeMemory
info|2022-09-11 08:29:29.800389|[g:1][SYNC][id:59b384e6...]DownloadingBlockQueue: clearQueue and ReleaseFreeMemory
info|2022-09-11 08:29:30.002161|[g:1][SYNC][id:59b384e6...]DownloadingBlockQueue: clearQueue and ReleaseFreeMemory
info|2022-09-11 08:29:30.219692|[g:1][SYNC][id:59b384e6...]DownloadingBlockQueue: clearQueue and ReleaseFreeMemory
info|2022-09-11 08:29:30.427000|[g:1][SYNC][id:59b384e6...]DownloadingBlockQueue: clearQueue and ReleaseFreeMemory
info|2022-09-11 08:29:30.689411|[g:1][SYNC][id:59b384e6...]DownloadingBlockQueue: clearQueue and ReleaseFreeMemory
info|2022-09-11 08:29:31.008603|[g:1][SYNC][id:59b384e6...]DownloadingBlockQueue: clearQueue and ReleaseFreeMemory
info|2022-09-11 08:29:31.222641|[g:1][SYNC][id:59b384e6...]DownloadingBlockQueue: clearQueue and ReleaseFreeMemory
info|2022-09-11 08:29:31.437505|[g:1][SYNC][id:59b384e6...]DownloadingBlockQueue: clearQueue and ReleaseFreeMemory
info|2022-09-11 08:29:31.636942|[g:1][SYNC][id:59b384e6...]DownloadingBlockQueue: clearQueue and ReleaseFreeMemory
info|2022-09-11 08:29:31.840721|[g:1][SYNC][id:59b384e6...]DownloadingBlockQueue: clearQueue and ReleaseFreeMemory
info|2022-09-11 08:29:32.047741|[g:1][SYNC][id:59b384e6...]DownloadingBlockQueue: clearQueue and ReleaseFreeMemory
info|2022-09-11 08:29:32.252392|[g:1][SYNC][id:59b384e6...]DownloadingBlockQueue: clearQueue and ReleaseFreeMemory
info|2022-09-11 08:29:32.454591|[g:1][SYNC][id:59b384e6...]DownloadingBlockQueue: clearQueue and ReleaseFreeMemory
info|2022-09-11 08:29:32.668501|[g:1][SYNC][id:59b384e6...]DownloadingBlockQueue: clearQueue and ReleaseFreeMemory
info|2022-09-11 08:29:32.828591|[P2P][Service] heartBeat,connected count=2
info|2022-09-11 08:29:32.873781|[g:1][SYNC][id:59b384e6...]DownloadingBlockQueue: clearQueue and ReleaseFreeMemory
info|2022-09-11 08:29:33.075528|[g:1][SYNC][id:59b384e6...]DownloadingBlockQueue: clearQueue and ReleaseFreeMemory
info|2022-09-11 08:29:33.355508|[g:1][SYNC][id:59b384e6...]DownloadingBlockQueue: clearQueue and ReleaseFreeMemory
info|2022-09-11 08:29:33.487837|[g:1][SYNC][id:59b384e6...]DownloadingBlockQueue: clearQueue and ReleaseFreeMemory
info|2022-09-11 08:29:33.689953|[g:1][SYNC][id:59b384e6...]DownloadingBlockQueue: clearQueue and ReleaseFreeMemory
info|2022-09-11 08:29:33.890712|[g:1][SYNC][id:59b384e6...]DownloadingBlockQueue: clearQueue and ReleaseFreeMemory
info|2022-09-11 08:29:34.091903|[g:1][SYNC][id:59b384e6...]DownloadingBlockQueue: clearQueue and ReleaseFreeMemory
info|2022-09-11 08:29:34.294358|[g:1][SYNC][id:59b384e6...]DownloadingBlockQueue: clearQueue and ReleaseFreeMemory
info|2022-09-11 08:29:34.495750|[g:1][SYNC][id:59b384e6...]DownloadingBlockQueue: clearQueue and ReleaseFreeMemory
info|2022-09-11 08:29:34.697992|[g:1][SYNC][id:59b384e6...]DownloadingBlockQueue: clearQueue and ReleaseFreeMemory
info|2022-09-11 08:29:34.898456|[g:1][SYNC][id:59b384e6...]DownloadingBlockQueue: clearQueue and ReleaseFreeMemory
info|2022-09-11 08:29:35.100073|[g:1][SYNC][id:59b384e6...]DownloadingBlockQueue: clearQueue and ReleaseFreeMemory
info|2022-09-11 08:29:35.301269|[g:1][SYNC][id:59b384e6...]DownloadingBlockQueue: clearQueue and ReleaseFreeMemory
info|2022-09-11 08:29:35.501761|[g:1][SYNC][id:59b384e6...]DownloadingBlockQueue: clearQueue and ReleaseFreeMemory
info|2022-09-11 08:29:35.703289|[g:1][SYNC][id:59b384e6...]DownloadingBlockQueue: clearQueue and ReleaseFreeMemory
info|2022-09-11 08:29:35.904197|[g:1][SYNC][id:59b384e6...]DownloadingBlockQueue: clearQueue and ReleaseFreeMemory
info|2022-09-11 08:29:36.104806|[g:1][SYNC][id:59b384e6...]DownloadingBlockQueue: clearQueue and ReleaseFreeMemory
info|2022-09-11 08:29:36.305429|[g:1][SYNC][id:59b384e6...]DownloadingBlockQueue: clearQueue and ReleaseFreeMemory
info|2022-09-11 08:29:36.506185|[g:1][SYNC][id:59b384e6...]DownloadingBlockQueue: clearQueue and ReleaseFreeMemory
info|2022-09-11 08:29:36.709037|[g:1][SYNC][id:59b384e6...]DownloadingBlockQueue: clearQueue and ReleaseFreeMemory
info|2022-09-11 08:29:36.909225|[g:1][SYNC][id:59b384e6...]DownloadingBlockQueue: clearQueue and ReleaseFreeMemory
info|2022-09-11 08:29:37.109793|[g:1][SYNC][id:59b384e6...]DownloadingBlockQueue: clearQueue and ReleaseFreeMemory
info|2022-09-11 08:29:37.311924|[g:1][SYNC][id:59b384e6...]DownloadingBlockQueue: clearQueue and ReleaseFreeMemory
info|2022-09-11 08:29:37.513416|[g:1][SYNC][id:59b384e6...]DownloadingBlockQueue: clearQueue and ReleaseFreeMemory
info|2022-09-11 08:29:37.714964|[g:1][SYNC][id:59b384e6...]DownloadingBlockQueue: clearQueue and ReleaseFreeMemory
info|2022-09-11 08:29:37.915494|[g:1][SYNC][id:59b384e6...]DownloadingBlockQueue: clearQueue and ReleaseFreeMemory
info|2022-09-11 08:29:38.115787|[g:1][SYNC][id:59b384e6...]DownloadingBlockQueue: clearQueue and ReleaseFreeMemory
info|2022-09-11 08:29:38.317514|[g:1][SYNC][id:59b384e6...]DownloadingBlockQueue: clearQueue and ReleaseFreeMemory
info|2022-09-11 08:29:38.520126|[g:1][SYNC][id:59b384e6...]DownloadingBlockQueue: clearQueue and ReleaseFreeMemory
info|2022-09-11 08:29:38.723151|[g:1][SYNC][id:59b384e6...]DownloadingBlockQueue: clearQueue and ReleaseFreeMemory
info|2022-09-11 08:29:38.923691|[g:1][SYNC][id:59b384e6...]DownloadingBlockQueue: clearQueue and ReleaseFreeMemory
info|2022-09-11 08:29:39.124845|[g:1][SYNC][id:59b384e6...]DownloadingBlockQueue: clearQueue and ReleaseFreeMemory
info|2022-09-11 08:29:39.326991|[g:1][SYNC][id:59b384e6...]DownloadingBlockQueue: clearQueue and ReleaseFreeMemory
info|2022-09-11 08:29:39.528631|[g:1][SYNC][id:59b384e6...]DownloadingBlockQueue: clearQueue and ReleaseFreeMemory
info|2022-09-11 08:29:39.729152|[g:1][SYNC][id:59b384e6...]DownloadingBlockQueue: clearQueue and ReleaseFreeMemory
info|2022-09-11 08:29:39.929366|[g:1][SYNC][id:59b384e6...]DownloadingBlockQueue: clearQueue and ReleaseFreeMemory
info|2022-09-11 08:29:40.131973|[g:1][SYNC][id:59b384e6...]DownloadingBlockQueue: clearQueue and ReleaseFreeMemory
info|2022-09-11 08:29:42.698347|[g:1][SYNC][id:59b384e6...]DownloadingBlockQueue: clearQueue and ReleaseFreeMemory
info|2022-09-11 08:29:42.900102|[g:1][SYNC][id:59b384e6...]DownloadingBlockQueue: clearQueue and ReleaseFreeMemory
