info|2022-09-12 16:50:52.920544|[g:1][SYNC][id:59b384e6...]DownloadingBlockQueue: clearQueue and ReleaseFreeMemory
info|2022-09-12 16:50:53.160910|[g:1][SYNC][id:59b384e6...]DownloadingBlockQueue: clearQueue and ReleaseFreeMemory
info|2022-09-12 16:50:53.361406|[g:1][SYNC][id:59b384e6...]DownloadingBlockQueue: clearQueue and ReleaseFreeMemory
info|2022-09-12 16:50:53.518444|[g:1][CONSENSUS]addRawPrepare,height=1,reqIdx=0,hash=18a71101...,time=0
info|2022-09-12 16:50:53.519386|[g:1][CONSENSUS][PBFT]checkTimeout Succ,view=5616,toView=5617,nodeIdx=1,changeCycle=1,myNode=59b384e6...,timecost=1
info|2022-09-12 16:50:53.520008|[g:1][SYNC][id:59b384e6...]DownloadingBlockQueue: clearQueue and ReleaseFreeMemory
info|2022-09-12 16:50:53.521702|[g:1][CONSENSUS][PBFT]checkAndChangeView: Reach consensus,org_view=5616,cur_changeCycle=1,curView=5616,view=5617
info|2022-09-12 16:50:53.522059|[g:1][SYNC][id:59b384e6...]DownloadingBlockQueue: clearQueue and ReleaseFreeMemory
info|2022-09-12 16:50:53.771723|[g:1][SYNC][id:59b384e6...]DownloadingBlockQueue: clearQueue and ReleaseFreeMemory
info|2022-09-12 16:50:53.972874|[g:1][SYNC][id:59b384e6...]DownloadingBlockQueue: clearQueue and ReleaseFreeMemory
info|2022-09-12 16:50:54.173363|[g:1][SYNC][id:59b384e6...]DownloadingBlockQueue: clearQueue and ReleaseFreeMemory
info|2022-09-12 16:50:54.374432|[g:1][SYNC][id:59b384e6...]DownloadingBlockQueue: clearQueue and ReleaseFreeMemory
info|2022-09-12 16:50:54.531197|[g:1][CONSENSUS][SEALER]++++++++++++++++ Generating seal on,blkNum=1,tx=0,nodeIdx=1,hash=5c1d481f...
info|2022-09-12 16:50:54.531614|[g:1][SYNC][id:59b384e6...]DownloadingBlockQueue: clearQueue and ReleaseFreeMemory
info|2022-09-12 16:50:54.533730|[g:1][CONSENSUS][PBFT]checkTimeout Succ,view=5617,toView=5618,nodeIdx=1,changeCycle=1,myNode=59b384e6...,timecost=0
info|2022-09-12 16:50:54.537879|[g:1][SYNC][id:59b384e6...]DownloadingBlockQueue: clearQueue and ReleaseFreeMemory
info|2022-09-12 16:50:54.544873|[g:1][CONSENSUS][PBFT]checkAndChangeView: Reach consensus,org_view=5617,cur_changeCycle=1,curView=5617,view=5618
info|2022-09-12 16:50:54.545656|[g:1][SYNC][id:59b384e6...]DownloadingBlockQueue: clearQueue and ReleaseFreeMemory
info|2022-09-12 16:50:54.746474|[g:1][SYNC][id:59b384e6...]DownloadingBlockQueue: clearQueue and ReleaseFreeMemory
info|2022-09-12 16:50:54.946844|[g:1][SYNC][id:59b384e6...]DownloadingBlockQueue: clearQueue and ReleaseFreeMemory
info|2022-09-12 16:50:55.147470|[g:1][SYNC][id:59b384e6...]DownloadingBlockQueue: clearQueue and ReleaseFreeMemory
info|2022-09-12 16:50:55.347958|[g:1][SYNC][id:59b384e6...]DownloadingBlockQueue: clearQueue and ReleaseFreeMemory
info|2022-09-12 16:50:55.546044|[g:1][CONSENSUS]addRawPrepare,height=1,reqIdx=2,hash=d319acff...,time=0
info|2022-09-12 16:50:55.546365|[g:1][SYNC][id:59b384e6...]DownloadingBlockQueue: clearQueue and ReleaseFreeMemory
info|2022-09-12 16:50:55.551559|[g:1][CONSENSUS][PBFT]checkTimeout Succ,view=5618,toView=5619,nodeIdx=1,changeCycle=1,myNode=59b384e6...,timecost=5
info|2022-09-12 16:50:55.554495|[g:1][SYNC][id:59b384e6...]DownloadingBlockQueue: clearQueue and ReleaseFreeMemory
info|2022-09-12 16:50:55.555061|[g:1][CONSENSUS][PBFT]checkAndChangeView: Reach consensus,org_view=5618,cur_changeCycle=1,curView=5618,view=5619
info|2022-09-12 16:50:55.555160|[g:1][SYNC][id:59b384e6...]DownloadingBlockQueue: clearQueue and ReleaseFreeMemory
info|2022-09-12 16:50:55.677325|[P2P][Service] heartBeat,connected count=2
info|2022-09-12 16:50:55.755529|[g:1][SYNC][id:59b384e6...]DownloadingBlockQueue: clearQueue and ReleaseFreeMemory
info|2022-09-12 16:50:55.958065|[g:1][SYNC][id:59b384e6...]DownloadingBlockQueue: clearQueue and ReleaseFreeMemory
info|2022-09-12 16:50:56.158394|[g:1][SYNC][id:59b384e6...]DownloadingBlockQueue: clearQueue and ReleaseFreeMemory
info|2022-09-12 16:50:56.358785|[g:1][SYNC][id:59b384e6...]DownloadingBlockQueue: clearQueue and ReleaseFreeMemory
info|2022-09-12 16:50:56.559791|[g:1][SYNC][id:59b384e6...]DownloadingBlockQueue: clearQueue and ReleaseFreeMemory
info|2022-09-12 16:50:56.561097|[g:1][CONSENSUS]addRawPrepare,height=1,reqIdx=0,hash=2f2c1530...,time=0
info|2022-09-12 16:50:56.561426|[g:1][SYNC][id:59b384e6...]DownloadingBlockQueue: clearQueue and ReleaseFreeMemory
info|2022-09-12 16:50:56.563205|[g:1][CONSENSUS][PBFT]checkTimeout Succ,view=5619,toView=5620,nodeIdx=1,changeCycle=1,myNode=59b384e6...,timecost=2
info|2022-09-12 16:50:56.563392|[g:1][SYNC][id:59b384e6...]DownloadingBlockQueue: clearQueue and ReleaseFreeMemory
info|2022-09-12 16:50:56.566284|[g:1][CONSENSUS][PBFT]checkAndChangeView: Reach consensus,org_view=5619,cur_changeCycle=1,curView=5619,view=5620
info|2022-09-12 16:50:56.566391|[g:1][SYNC][id:59b384e6...]DownloadingBlockQueue: clearQueue and ReleaseFreeMemory
info|2022-09-12 16:50:56.769175|[g:1][SYNC][id:59b384e6...]DownloadingBlockQueue: clearQueue and ReleaseFreeMemory
info|2022-09-12 16:50:56.977378|[g:1][SYNC][id:59b384e6...]DownloadingBlockQueue: clearQueue and ReleaseFreeMemory
info|2022-09-12 16:50:57.177764|[g:1][SYNC][id:59b384e6...]DownloadingBlockQueue: clearQueue and ReleaseFreeMemory
info|2022-09-12 16:50:57.377838|[g:1][SYNC][id:59b384e6...]DownloadingBlockQueue: clearQueue and ReleaseFreeMemory
info|2022-09-12 16:50:57.566354|[g:1][CONSENSUS][SEALER]++++++++++++++++ Generating seal on,blkNum=1,tx=0,nodeIdx=1,hash=d10534b5...
info|2022-09-12 16:50:57.567019|[g:1][SYNC][id:59b384e6...]DownloadingBlockQueue: clearQueue and ReleaseFreeMemory
info|2022-09-12 16:50:57.576913|[g:1][CONSENSUS][PBFT]checkTimeout Succ,view=5620,toView=5621,nodeIdx=1,changeCycle=1,myNode=59b384e6...,timecost=0
info|2022-09-12 16:50:57.577450|[g:1][SYNC][id:59b384e6...]DownloadingBlockQueue: clearQueue and ReleaseFreeMemory
info|2022-09-12 16:50:57.582835|[g:1][CONSENSUS][PBFT]checkAndChangeView: Reach consensus,org_view=5620,cur_changeCycle=1,curView=5620,view=5621
info|2022-09-12 16:50:57.596398|[g:1][SYNC][id:59b384e6...]DownloadingBlockQueue: clearQueue and ReleaseFreeMemory
info|2022-09-12 16:50:57.597883|[g:1][SYNC][id:59b384e6...]DownloadingBlockQueue: clearQueue and ReleaseFreeMemory
info|2022-09-12 16:50:57.798254|[g:1][SYNC][id:59b384e6...]DownloadingBlockQueue: clearQueue and ReleaseFreeMemory
info|2022-09-12 16:50:57.999018|[g:1][SYNC][id:59b384e6...]DownloadingBlockQueue: clearQueue and ReleaseFreeMemory
info|2022-09-12 16:50:58.199499|[g:1][SYNC][id:59b384e6...]DownloadingBlockQueue: clearQueue and ReleaseFreeMemory
info|2022-09-12 16:50:58.399649|[g:1][SYNC][id:59b384e6...]DownloadingBlockQueue: clearQueue and ReleaseFreeMemory
info|2022-09-12 16:50:58.589184|[g:1][CONSENSUS]addRawPrepare,height=1,reqIdx=2,hash=64e16184...,time=0
info|2022-09-12 16:50:58.589839|[g:1][CONSENSUS][PBFT]checkTimeout Succ,view=5621,toView=5622,nodeIdx=1,changeCycle=1,myNode=59b384e6...,timecost=0
info|2022-09-12 16:50:58.591391|[g:1][SYNC][id:59b384e6...]DownloadingBlockQueue: clearQueue and ReleaseFreeMemory
info|2022-09-12 16:50:58.593008|[g:1][CONSENSUS][PBFT]checkAndChangeView: Reach consensus,org_view=5621,cur_changeCycle=1,curView=5621,view=5622
info|2022-09-12 16:50:58.593296|[g:1][SYNC][id:59b384e6...]DownloadingBlockQueue: clearQueue and ReleaseFreeMemory
info|2022-09-12 16:50:58.794032|[g:1][SYNC][id:59b384e6...]DownloadingBlockQueue: clearQueue and ReleaseFreeMemory
info|2022-09-12 16:50:58.995751|[g:1][SYNC][id:59b384e6...]DownloadingBlockQueue: clearQueue and ReleaseFreeMemory
info|2022-09-12 16:50:59.196241|[g:1][SYNC][id:59b384e6...]DownloadingBlockQueue: clearQueue and ReleaseFreeMemory
info|2022-09-12 16:50:59.397219|[g:1][SYNC][id:59b384e6...]DownloadingBlockQueue: clearQueue and ReleaseFreeMemory
info|2022-09-12 16:50:59.596224|[g:1][CONSENSUS]addRawPrepare,height=1,reqIdx=0,hash=16762328...,time=0
info|2022-09-12 16:50:59.596982|[g:1][CONSENSUS][PBFT]checkTimeout Succ,view=5622,toView=5623,nodeIdx=1,changeCycle=1,myNode=59b384e6...,timecost=0
info|2022-09-12 16:50:59.597207|[g:1][SYNC][id:59b384e6...]DownloadingBlockQueue: clearQueue and ReleaseFreeMemory
info|2022-09-12 16:50:59.600870|[g:1][CONSENSUS][PBFT]checkAndChangeView: Reach consensus,org_view=5622,cur_changeCycle=1,curView=5622,view=5623
info|2022-09-12 16:50:59.601434|[g:1][SYNC][id:59b384e6...]DownloadingBlockQueue: clearQueue and ReleaseFreeMemory
info|2022-09-12 16:50:59.801810|[g:1][SYNC][id:59b384e6...]DownloadingBlockQueue: clearQueue and ReleaseFreeMemory
info|2022-09-12 16:51:00.002441|[g:1][SYNC][id:59b384e6...]DownloadingBlockQueue: clearQueue and ReleaseFreeMemory
info|2022-09-12 16:51:00.203096|[g:1][SYNC][id:59b384e6...]DownloadingBlockQueue: clearQueue and ReleaseFreeMemory
info|2022-09-12 16:51:00.403531|[g:1][SYNC][id:59b384e6...]DownloadingBlockQueue: clearQueue and ReleaseFreeMemory
info|2022-09-12 16:51:00.601123|[g:1][CONSENSUS][SEALER]++++++++++++++++ Generating seal on,blkNum=1,tx=0,nodeIdx=1,hash=2af89f09...
info|2022-09-12 16:51:00.602030|[g:1][SYNC][id:59b384e6...]DownloadingBlockQueue: clearQueue and ReleaseFreeMemory
info|2022-09-12 16:51:00.612458|[g:1][CONSENSUS][PBFT]Trigger fast-viewchange,view=5623,toView=5623,minView=5624,INFO=,reqNum=0,curNum=0,GenIdx=0,Cview=5624,view=5623,fromIdx=0,fromNode=15b8b0ac...,fromIp=172.25.0.2:30300,hash=78a38d4f...,nodeIdx=1,myNode=59b384e6...
info|2022-09-12 16:51:00.612780|[g:1][SYNC][id:59b384e6...]DownloadingBlockQueue: clearQueue and ReleaseFreeMemory
info|2022-09-12 16:51:00.612865|[g:1][CONSENSUS][PBFT]checkTimeout Succ,view=5623,toView=5624,nodeIdx=1,changeCycle=1,myNode=59b384e6...,timecost=0
info|2022-09-12 16:51:00.613648|[g:1][SYNC][id:59b384e6...]DownloadingBlockQueue: clearQueue and ReleaseFreeMemory
info|2022-09-12 16:51:00.616923|[g:1][CONSENSUS][PBFT]checkAndChangeView: Reach consensus,org_view=5623,cur_changeCycle=1,curView=5623,view=5624
info|2022-09-12 16:51:00.617936|[g:1][SYNC][id:59b384e6...]DownloadingBlockQueue: clearQueue and ReleaseFreeMemory
info|2022-09-12 16:51:00.818403|[g:1][SYNC][id:59b384e6...]DownloadingBlockQueue: clearQueue and ReleaseFreeMemory
info|2022-09-12 16:51:01.030332|[g:1][SYNC][id:59b384e6...]DownloadingBlockQueue: clearQueue and ReleaseFreeMemory
info|2022-09-12 16:51:01.230677|[g:1][SYNC][id:59b384e6...]DownloadingBlockQueue: clearQueue and ReleaseFreeMemory
info|2022-09-12 16:51:01.431019|[g:1][SYNC][id:59b384e6...]DownloadingBlockQueue: clearQueue and ReleaseFreeMemory
info|2022-09-12 16:51:01.621425|[g:1][CONSENSUS][PBFT]Trigger fast-viewchange,view=5624,toView=5624,minView=5625,INFO=,reqNum=0,curNum=0,GenIdx=2,Cview=5625,view=5624,fromIdx=2,fromNode=e32feb67...,fromIp=172.25.0.4:30300,hash=78a38d4f...,nodeIdx=1,myNode=59b384e6...
info|2022-09-12 16:51:01.621931|[g:1][SYNC][id:59b384e6...]DownloadingBlockQueue: clearQueue and ReleaseFreeMemory
info|2022-09-12 16:51:01.622818|[g:1][CONSENSUS][PBFT]checkTimeout Succ,view=5624,toView=5625,nodeIdx=1,changeCycle=2,myNode=59b384e6...,timecost=1
info|2022-09-12 16:51:01.623733|[g:1][SYNC][id:59b384e6...]DownloadingBlockQueue: clearQueue and ReleaseFreeMemory
info|2022-09-12 16:51:01.627052|[g:1][CONSENSUS][PBFT]checkAndChangeView: Reach consensus,org_view=5624,cur_changeCycle=2,curView=5624,view=5625
info|2022-09-12 16:51:01.627199|[g:1][SYNC][id:59b384e6...]DownloadingBlockQueue: clearQueue and ReleaseFreeMemory
info|2022-09-12 16:51:01.827639|[g:1][SYNC][id:59b384e6...]DownloadingBlockQueue: clearQueue and ReleaseFreeMemory
info|2022-09-12 16:51:02.028029|[g:1][SYNC][id:59b384e6...]DownloadingBlockQueue: clearQueue and ReleaseFreeMemory
info|2022-09-12 16:51:02.228533|[g:1][SYNC][id:59b384e6...]DownloadingBlockQueue: clearQueue and ReleaseFreeMemory
info|2022-09-12 16:51:02.428985|[g:1][SYNC][id:59b384e6...]DownloadingBlockQueue: clearQueue and ReleaseFreeMemory
info|2022-09-12 16:51:02.629780|[g:1][SYNC][id:59b384e6...]DownloadingBlockQueue: clearQueue and ReleaseFreeMemory
info|2022-09-12 16:51:02.632048|[g:1][CONSENSUS]addRawPrepare,height=1,reqIdx=0,hash=08093888...,time=0
info|2022-09-12 16:51:02.632811|[g:1][SYNC][id:59b384e6...]DownloadingBlockQueue: clearQueue and ReleaseFreeMemory
info|2022-09-12 16:51:02.633978|[g:1][CONSENSUS][PBFT]checkTimeout Succ,view=5625,toView=5626,nodeIdx=1,changeCycle=1,myNode=59b384e6...,timecost=1
info|2022-09-12 16:51:02.634311|[g:1][SYNC][id:59b384e6...]DownloadingBlockQueue: clearQueue and ReleaseFreeMemory
info|2022-09-12 16:51:02.637067|[g:1][CONSENSUS][PBFT]checkAndChangeView: Reach consensus,org_view=5625,cur_changeCycle=1,curView=5625,view=5626
info|2022-09-12 16:51:02.637839|[g:1][SYNC][id:59b384e6...]DownloadingBlockQueue: clearQueue and ReleaseFreeMemory
info|2022-09-12 16:51:02.838722|[g:1][SYNC][id:59b384e6...]DownloadingBlockQueue: clearQueue and ReleaseFreeMemory
info|2022-09-12 16:51:03.039683|[g:1][SYNC][id:59b384e6...]DownloadingBlockQueue: clearQueue and ReleaseFreeMemory
info|2022-09-12 16:51:03.240237|[g:1][SYNC][id:59b384e6...]DownloadingBlockQueue: clearQueue and ReleaseFreeMemory
info|2022-09-12 16:51:03.440684|[g:1][SYNC][id:59b384e6...]DownloadingBlockQueue: clearQueue and ReleaseFreeMemory
info|2022-09-12 16:51:03.637893|[g:1][CONSENSUS][SEALER]++++++++++++++++ Generating seal on,blkNum=1,tx=0,nodeIdx=1,hash=79d63884...
info|2022-09-12 16:51:03.638283|[g:1][SYNC][id:59b384e6...]DownloadingBlockQueue: clearQueue and ReleaseFreeMemory
info|2022-09-12 16:51:03.638801|[g:1][SYNC][id:59b384e6...]DownloadingBlockQueue: clearQueue and ReleaseFreeMemory
info|2022-09-12 16:51:03.640388|[g:1][CONSENSUS][PBFT]checkTimeout Succ,view=5626,toView=5627,nodeIdx=1,changeCycle=1,myNode=59b384e6...,timecost=2
info|2022-09-12 16:51:03.644807|[g:1][CONSENSUS][PBFT]checkAndChangeView: Reach consensus,org_view=5626,cur_changeCycle=1,curView=5626,view=5627
info|2022-09-12 16:51:03.645732|[g:1][SYNC][id:59b384e6...]DownloadingBlockQueue: clearQueue and ReleaseFreeMemory
info|2022-09-12 16:51:03.646245|[g:1][SYNC][id:59b384e6...]DownloadingBlockQueue: clearQueue and ReleaseFreeMemory
info|2022-09-12 16:51:03.847062|[g:1][SYNC][id:59b384e6...]DownloadingBlockQueue: clearQueue and ReleaseFreeMemory
info|2022-09-12 16:51:04.051012|[g:1][SYNC][id:59b384e6...]DownloadingBlockQueue: clearQueue and ReleaseFreeMemory
info|2022-09-12 16:51:04.255608|[g:1][SYNC][id:59b384e6...]DownloadingBlockQueue: clearQueue and ReleaseFreeMemory
info|2022-09-12 16:51:04.455934|[g:1][SYNC][id:59b384e6...]DownloadingBlockQueue: clearQueue and ReleaseFreeMemory
info|2022-09-12 16:51:04.653018|[g:1][CONSENSUS]addRawPrepare,height=1,reqIdx=2,hash=d6152206...,time=0
info|2022-09-12 16:51:04.653270|[g:1][SYNC][id:59b384e6...]DownloadingBlockQueue: clearQueue and ReleaseFreeMemory
info|2022-09-12 16:51:04.653735|[g:1][CONSENSUS][PBFT]checkTimeout Succ,view=5627,toView=5628,nodeIdx=1,changeCycle=1,myNode=59b384e6...,timecost=0
info|2022-09-12 16:51:04.654015|[g:1][SYNC][id:59b384e6...]DownloadingBlockQueue: clearQueue and ReleaseFreeMemory
info|2022-09-12 16:51:04.658330|[g:1][CONSENSUS][PBFT]checkAndChangeView: Reach consensus,org_view=5627,cur_changeCycle=1,curView=5627,view=5628
info|2022-09-12 16:51:04.658496|[g:1][SYNC][id:59b384e6...]DownloadingBlockQueue: clearQueue and ReleaseFreeMemory
info|2022-09-12 16:51:04.859175|[g:1][SYNC][id:59b384e6...]DownloadingBlockQueue: clearQueue and ReleaseFreeMemory
info|2022-09-12 16:51:05.059641|[g:1][SYNC][id:59b384e6...]DownloadingBlockQueue: clearQueue and ReleaseFreeMemory
info|2022-09-12 16:51:05.260029|[g:1][SYNC][id:59b384e6...]DownloadingBlockQueue: clearQueue and ReleaseFreeMemory
info|2022-09-12 16:51:05.460478|[g:1][SYNC][id:59b384e6...]DownloadingBlockQueue: clearQueue and ReleaseFreeMemory
info|2022-09-12 16:51:05.658926|[g:1][CONSENSUS]addRawPrepare,height=1,reqIdx=0,hash=8d054ced...,time=0
info|2022-09-12 16:51:05.659222|[g:1][SYNC][id:59b384e6...]DownloadingBlockQueue: clearQueue and ReleaseFreeMemory
info|2022-09-12 16:51:05.659650|[g:1][CONSENSUS][PBFT]checkTimeout Succ,view=5628,toView=5629,nodeIdx=1,changeCycle=1,myNode=59b384e6...,timecost=0
info|2022-09-12 16:51:05.660095|[g:1][SYNC][id:59b384e6...]DownloadingBlockQueue: clearQueue and ReleaseFreeMemory
info|2022-09-12 16:51:05.667752|[g:1][CONSENSUS][PBFT]checkAndChangeView: Reach consensus,org_view=5628,cur_changeCycle=1,curView=5628,view=5629
info|2022-09-12 16:51:05.668300|[g:1][SYNC][id:59b384e6...]DownloadingBlockQueue: clearQueue and ReleaseFreeMemory
info|2022-09-12 16:51:05.677491|[P2P][Service] heartBeat,connected count=2
info|2022-09-12 16:51:05.903594|[g:1][SYNC][id:59b384e6...]DownloadingBlockQueue: clearQueue and ReleaseFreeMemory
info|2022-09-12 16:51:06.104659|[g:1][SYNC][id:59b384e6...]DownloadingBlockQueue: clearQueue and ReleaseFreeMemory
info|2022-09-12 16:51:06.304894|[g:1][SYNC][id:59b384e6...]DownloadingBlockQueue: clearQueue and ReleaseFreeMemory
info|2022-09-12 16:51:06.505283|[g:1][SYNC][id:59b384e6...]DownloadingBlockQueue: clearQueue and ReleaseFreeMemory
info|2022-09-12 16:51:06.668667|[g:1][CONSENSUS][SEALER]++++++++++++++++ Generating seal on,blkNum=1,tx=0,nodeIdx=1,hash=8075f64b...
info|2022-09-12 16:51:06.669086|[g:1][SYNC][id:59b384e6...]DownloadingBlockQueue: clearQueue and ReleaseFreeMemory
info|2022-09-12 16:51:06.678389|[g:1][CONSENSUS][PBFT]Trigger fast-viewchange,view=5629,toView=5629,minView=5630,INFO=,reqNum=0,curNum=0,GenIdx=0,Cview=5630,view=5629,fromIdx=0,fromNode=15b8b0ac...,fromIp=172.25.0.2:30300,hash=78a38d4f...,nodeIdx=1,myNode=59b384e6...
info|2022-09-12 16:51:06.678759|[g:1][CONSENSUS][PBFT]checkTimeout Succ,view=5629,toView=5630,nodeIdx=1,changeCycle=1,myNode=59b384e6...,timecost=0
info|2022-09-12 16:51:06.678822|[g:1][SYNC][id:59b384e6...]DownloadingBlockQueue: clearQueue and ReleaseFreeMemory
info|2022-09-12 16:51:06.679245|[g:1][CONSENSUS][PBFT]checkAndChangeView: Reach consensus,org_view=5629,cur_changeCycle=1,curView=5629,view=5630
info|2022-09-12 16:51:06.680455|[g:1][SYNC][id:59b384e6...]DownloadingBlockQueue: clearQueue and ReleaseFreeMemory
info|2022-09-12 16:51:06.680545|[g:1][SYNC][id:59b384e6...]DownloadingBlockQueue: clearQueue and ReleaseFreeMemory
info|2022-09-12 16:51:06.880866|[g:1][SYNC][id:59b384e6...]DownloadingBlockQueue: clearQueue and ReleaseFreeMemory
info|2022-09-12 16:51:07.081303|[g:1][SYNC][id:59b384e6...]DownloadingBlockQueue: clearQueue and ReleaseFreeMemory
info|2022-09-12 16:51:07.281805|[g:1][SYNC][id:59b384e6...]DownloadingBlockQueue: clearQueue and ReleaseFreeMemory
info|2022-09-12 16:51:07.482089|[g:1][SYNC][id:59b384e6...]DownloadingBlockQueue: clearQueue and ReleaseFreeMemory
info|2022-09-12 16:51:07.682887|[g:1][SYNC][id:59b384e6...]DownloadingBlockQueue: clearQueue and ReleaseFreeMemory
info|2022-09-12 16:51:07.698223|[g:1][CONSENSUS]addRawPrepare,height=1,reqIdx=2,hash=abefc8cd...,time=0
info|2022-09-12 16:51:07.698393|[g:1][SYNC][id:59b384e6...]DownloadingBlockQueue: clearQueue and ReleaseFreeMemory
info|2022-09-12 16:51:07.698719|[g:1][CONSENSUS][PBFT]checkTimeout Succ,view=5630,toView=5631,nodeIdx=1,changeCycle=1,myNode=59b384e6...,timecost=0
info|2022-09-12 16:51:07.707545|[g:1][SYNC][id:59b384e6...]DownloadingBlockQueue: clearQueue and ReleaseFreeMemory
info|2022-09-12 16:51:07.709636|[g:1][CONSENSUS][PBFT]checkAndChangeView: Reach consensus,org_view=5630,cur_changeCycle=1,curView=5630,view=5631
info|2022-09-12 16:51:07.709759|[g:1][SYNC][id:59b384e6...]DownloadingBlockQueue: clearQueue and ReleaseFreeMemory
info|2022-09-12 16:51:07.910318|[g:1][SYNC][id:59b384e6...]DownloadingBlockQueue: clearQueue and ReleaseFreeMemory
info|2022-09-12 16:51:08.112378|[g:1][SYNC][id:59b384e6...]DownloadingBlockQueue: clearQueue and ReleaseFreeMemory
info|2022-09-12 16:51:08.312924|[g:1][SYNC][id:59b384e6...]DownloadingBlockQueue: clearQueue and ReleaseFreeMemory
info|2022-09-12 16:51:08.513306|[g:1][SYNC][id:59b384e6...]DownloadingBlockQueue: clearQueue and ReleaseFreeMemory
info|2022-09-12 16:51:08.711672|[g:1][CONSENSUS]addRawPrepare,height=1,reqIdx=0,hash=bcd507d2...,time=0
info|2022-09-12 16:51:08.712253|[g:1][CONSENSUS][PBFT]checkTimeout Succ,view=5631,toView=5632,nodeIdx=1,changeCycle=1,myNode=59b384e6...,timecost=1
info|2022-09-12 16:51:08.712598|[g:1][SYNC][id:59b384e6...]DownloadingBlockQueue: clearQueue and ReleaseFreeMemory
info|2022-09-12 16:51:08.715148|[g:1][CONSENSUS][PBFT]checkAndChangeView: Reach consensus,org_view=5631,cur_changeCycle=1,curView=5631,view=5632
info|2022-09-12 16:51:08.715899|[g:1][SYNC][id:59b384e6...]DownloadingBlockQueue: clearQueue and ReleaseFreeMemory
info|2022-09-12 16:51:08.916602|[g:1][SYNC][id:59b384e6...]DownloadingBlockQueue: clearQueue and ReleaseFreeMemory
info|2022-09-12 16:51:09.119341|[g:1][SYNC][id:59b384e6...]DownloadingBlockQueue: clearQueue and ReleaseFreeMemory
info|2022-09-12 16:51:09.319909|[g:1][SYNC][id:59b384e6...]DownloadingBlockQueue: clearQueue and ReleaseFreeMemory
info|2022-09-12 16:51:09.520387|[g:1][SYNC][id:59b384e6...]DownloadingBlockQueue: clearQueue and ReleaseFreeMemory
info|2022-09-12 16:51:09.715817|[g:1][CONSENSUS][SEALER]++++++++++++++++ Generating seal on,blkNum=1,tx=0,nodeIdx=1,hash=ba3384af...
info|2022-09-12 16:51:09.716650|[g:1][SYNC][id:59b384e6...]DownloadingBlockQueue: clearQueue and ReleaseFreeMemory
info|2022-09-12 16:51:09.723004|[g:1][SYNC][id:59b384e6...]DownloadingBlockQueue: clearQueue and ReleaseFreeMemory
info|2022-09-12 16:51:09.723831|[g:1][CONSENSUS][PBFT]checkTimeout Succ,view=5632,toView=5633,nodeIdx=1,changeCycle=1,myNode=59b384e6...,timecost=1
info|2022-09-12 16:51:09.729693|[g:1][SYNC][id:59b384e6...]DownloadingBlockQueue: clearQueue and ReleaseFreeMemory
info|2022-09-12 16:51:09.731286|[g:1][CONSENSUS][PBFT]checkAndChangeView: Reach consensus,org_view=5632,cur_changeCycle=1,curView=5632,view=5633
info|2022-09-12 16:51:09.731578|[g:1][SYNC][id:59b384e6...]DownloadingBlockQueue: clearQueue and ReleaseFreeMemory
info|2022-09-12 16:51:09.940231|[g:1][SYNC][id:59b384e6...]DownloadingBlockQueue: clearQueue and ReleaseFreeMemory
info|2022-09-12 16:51:10.142348|[g:1][SYNC][id:59b384e6...]DownloadingBlockQueue: clearQueue and ReleaseFreeMemory
info|2022-09-12 16:51:10.343045|[g:1][SYNC][id:59b384e6...]DownloadingBlockQueue: clearQueue and ReleaseFreeMemory
info|2022-09-12 16:51:10.543456|[g:1][SYNC][id:59b384e6...]DownloadingBlockQueue: clearQueue and ReleaseFreeMemory
info|2022-09-12 16:51:10.735845|[g:1][CONSENSUS]addRawPrepare,height=1,reqIdx=2,hash=b2a1ddcf...,time=0
info|2022-09-12 16:51:10.736125|[g:1][SYNC][id:59b384e6...]DownloadingBlockQueue: clearQueue and ReleaseFreeMemory
info|2022-09-12 16:51:10.736768|[g:1][CONSENSUS][PBFT]checkTimeout Succ,view=5633,toView=5634,nodeIdx=1,changeCycle=1,myNode=59b384e6...,timecost=1
info|2022-09-12 16:51:10.737191|[g:1][SYNC][id:59b384e6...]DownloadingBlockQueue: clearQueue and ReleaseFreeMemory
info|2022-09-12 16:51:10.739168|[g:1][CONSENSUS][PBFT]checkAndChangeView: Reach consensus,org_view=5633,cur_changeCycle=1,curView=5633,view=5634
info|2022-09-12 16:51:10.739300|[g:1][SYNC][id:59b384e6...]DownloadingBlockQueue: clearQueue and ReleaseFreeMemory
info|2022-09-12 16:51:10.939731|[g:1][SYNC][id:59b384e6...]DownloadingBlockQueue: clearQueue and ReleaseFreeMemory
