info|2022-09-10 00:45:46.335042|[P2P][Service] heartBeat,connected count=2
error|2022-09-10 00:45:46.335070|[NETWORK][Session]Idle connection, disconnect ,endpoint=172.25.0.4:54118
info|2022-09-10 00:45:46.335074|[NETWORK][Session]drop, call and erase all callbackFunc in this session!,endpoint=172.25.0.4:54118
warning|2022-09-10 00:45:46.335090|[P2P][Service] disconnect error P2PSession,nodeID=e32feb67...,endpoint=172.25.0.4:54118,errorCode=3,what=Disconnect
warning|2022-09-10 00:45:46.335233|[P2P][Service] onDisconnect,errorCode=3,what=Dynamic exception type: dev::network::NetworkException
std::exception::what: Disconnect

warning|2022-09-10 00:45:46.335497|[NETWORK][Session][drop] closing remote 172.25.0.4:54118,reason=(Idle connection for no network io happens during 5s time intervals.),endpoint=172.25.0.4:54118
error|2022-09-10 00:45:46.335613|[NETWORK][Session]Idle connection, disconnect ,endpoint=172.25.0.2:55544
info|2022-09-10 00:45:46.335626|[NETWORK][Session]drop, call and erase all callbackFunc in this session!,endpoint=172.25.0.2:55544
info|2022-09-10 00:45:46.335729|[g:1][SYNC][id:59b384e6...]DownloadingBlockQueue: clearQueue and ReleaseFreeMemory
warning|2022-09-10 00:45:46.361521|[g:1][CONSENSUS][PBFT]ViewChangeWarning: not caused by omit empty block ,v=3387,toV=3388,curNum=0,hash=78a38d4f...,nodeIdx=1,myNode=59b384e6...
warning|2022-09-10 00:45:46.361562|[g:1][CONSENSUS][PBFT]Find disconnectedNode,disconnectedNodeSize=1,sessionSize=1,minValidNodes=3,connectedNodeList=172.25.0.2:55544, ,disconnectedNode=e32feb67..., ,idx=1
warning|2022-09-10 00:45:46.361603|[g:1][NETWORK][Session]Session inactived
info|2022-09-10 00:45:46.361615|[g:1][CONSENSUS][PBFT]checkTimeout Succ,view=3387,toView=3388,nodeIdx=1,changeCycle=2,myNode=59b384e6...,timecost=26
info|2022-09-10 00:45:46.863020|[g:1][SYNC][id:59b384e6...]DownloadingBlockQueue: clearQueue and ReleaseFreeMemory
warning|2022-09-10 00:45:46.874458|[P2P][Service] disconnect error P2PSession,nodeID=15b8b0ac...,endpoint=172.25.0.2:55544,errorCode=3,what=Disconnect
warning|2022-09-10 00:45:46.874552|[NETWORK][Session][drop] closing remote 172.25.0.2:55544,reason=(Idle connection for no network io happens during 5s time intervals.),endpoint=172.25.0.2:55544
warning|2022-09-10 00:45:46.874567|[P2P][Service] onDisconnect,errorCode=3,what=Dynamic exception type: dev::network::NetworkException
std::exception::what: Disconnect

error|2022-09-10 00:45:46.875652|[NETWORK][Session]Session inactived
error|2022-09-10 00:45:46.875679|[NETWORK][Session]Session inactived
warning|2022-09-10 00:45:46.875710|[NETWORK][Session][drop] shutdown failed ,errorValue=9,message=Bad file descriptor
warning|2022-09-10 00:45:46.875721|[NETWORK][Session][drop] shutdown failed ,errorValue=9,message=Bad file descriptor
info|2022-09-10 00:45:44.975013|[g:1][SYNC][id:59b384e6...]DownloadingBlockQueue: clearQueue and ReleaseFreeMemory
info|2022-09-10 00:45:45.176158|[g:1][SYNC][id:59b384e6...]DownloadingBlockQueue: clearQueue and ReleaseFreeMemory
info|2022-09-10 00:45:45.376469|[g:1][SYNC][id:59b384e6...]DownloadingBlockQueue: clearQueue and ReleaseFreeMemory
info|2022-09-10 00:45:45.576727|[g:1][SYNC][id:59b384e6...]DownloadingBlockQueue: clearQueue and ReleaseFreeMemory
info|2022-09-10 00:45:45.777769|[g:1][SYNC][id:59b384e6...]DownloadingBlockQueue: clearQueue and ReleaseFreeMemory
info|2022-09-10 00:45:45.978652|[g:1][SYNC][id:59b384e6...]DownloadingBlockQueue: clearQueue and ReleaseFreeMemory
info|2022-09-10 00:45:46.179031|[g:1][SYNC][id:59b384e6...]DownloadingBlockQueue: clearQueue and ReleaseFreeMemory
info|2022-09-10 00:45:46.379320|[g:1][SYNC][id:59b384e6...]DownloadingBlockQueue: clearQueue and ReleaseFreeMemory
info|2022-09-10 00:45:46.579610|[g:1][SYNC][id:59b384e6...]DownloadingBlockQueue: clearQueue and ReleaseFreeMemory
info|2022-09-10 00:45:46.780052|[g:1][SYNC][id:59b384e6...]DownloadingBlockQueue: clearQueue and ReleaseFreeMemory
info|2022-09-10 00:45:46.980261|[g:1][SYNC][id:59b384e6...]DownloadingBlockQueue: clearQueue and ReleaseFreeMemory
info|2022-09-10 00:45:47.181500|[g:1][SYNC][id:59b384e6...]DownloadingBlockQueue: clearQueue and ReleaseFreeMemory
info|2022-09-10 00:45:47.381667|[g:1][SYNC][id:59b384e6...]DownloadingBlockQueue: clearQueue and ReleaseFreeMemory
info|2022-09-10 00:45:47.582275|[g:1][SYNC][id:59b384e6...]DownloadingBlockQueue: clearQueue and ReleaseFreeMemory
info|2022-09-10 00:45:47.782550|[g:1][SYNC][id:59b384e6...]DownloadingBlockQueue: clearQueue and ReleaseFreeMemory
info|2022-09-10 00:45:47.982836|[g:1][SYNC][id:59b384e6...]DownloadingBlockQueue: clearQueue and ReleaseFreeMemory
info|2022-09-10 00:45:48.182999|[g:1][SYNC][id:59b384e6...]DownloadingBlockQueue: clearQueue and ReleaseFreeMemory
info|2022-09-10 00:45:48.383206|[g:1][SYNC][id:59b384e6...]DownloadingBlockQueue: clearQueue and ReleaseFreeMemory
info|2022-09-10 00:45:48.583441|[g:1][SYNC][id:59b384e6...]DownloadingBlockQueue: clearQueue and ReleaseFreeMemory
info|2022-09-10 00:45:48.783668|[g:1][SYNC][id:59b384e6...]DownloadingBlockQueue: clearQueue and ReleaseFreeMemory
info|2022-09-10 00:45:48.983908|[g:1][SYNC][id:59b384e6...]DownloadingBlockQueue: clearQueue and ReleaseFreeMemory
info|2022-09-10 00:45:49.184109|[g:1][SYNC][id:59b384e6...]DownloadingBlockQueue: clearQueue and ReleaseFreeMemory
info|2022-09-10 00:45:49.384340|[g:1][SYNC][id:59b384e6...]DownloadingBlockQueue: clearQueue and ReleaseFreeMemory
info|2022-09-10 00:45:49.584797|[g:1][SYNC][id:59b384e6...]DownloadingBlockQueue: clearQueue and ReleaseFreeMemory
info|2022-09-10 00:45:49.785115|[g:1][SYNC][id:59b384e6...]DownloadingBlockQueue: clearQueue and ReleaseFreeMemory
info|2022-09-10 00:45:49.985706|[g:1][SYNC][id:59b384e6...]DownloadingBlockQueue: clearQueue and ReleaseFreeMemory
info|2022-09-10 00:45:50.186036|[g:1][SYNC][id:59b384e6...]DownloadingBlockQueue: clearQueue and ReleaseFreeMemory
info|2022-09-10 00:45:50.386284|[g:1][SYNC][id:59b384e6...]DownloadingBlockQueue: clearQueue and ReleaseFreeMemory
info|2022-09-10 00:45:50.657019|[g:1][SYNC][id:59b384e6...]DownloadingBlockQueue: clearQueue and ReleaseFreeMemory
info|2022-09-10 00:45:50.836694|[g:1][SYNC][id:59b384e6...]DownloadingBlockQueue: clearQueue and ReleaseFreeMemory
warning|2022-09-10 00:45:51.035869|[g:1][CONSENSUS][PBFT]ViewChangeWarning: not caused by omit empty block ,v=3387,toV=3389,curNum=0,hash=78a38d4f...,nodeIdx=1,myNode=59b384e6...
warning|2022-09-10 00:45:51.035908|[g:1][CONSENSUS][PBFT]Find disconnectedNode,disconnectedNodeSize=2,sessionSize=0,minValidNodes=3,connectedNodeList=,disconnectedNode=15b8b0ac..., e32feb67..., ,idx=1
info|2022-09-10 00:45:51.035937|[g:1][CONSENSUS][PBFT]checkTimeout Succ,view=3387,toView=3389,nodeIdx=1,changeCycle=3,myNode=59b384e6...,timecost=1
info|2022-09-10 00:45:51.038513|[g:1][SYNC][id:59b384e6...]DownloadingBlockQueue: clearQueue and ReleaseFreeMemory
